<?xml version="1.0" encoding="utf-8"?><testsuites name="pytest tests"><testsuite name="pytest" errors="0" failures="0" skipped="0" tests="26" time="4.859" timestamp="2026-04-20T09:47:45.698222+00:00" hostname="agent-env-76a8465e-0459-429c-9caa-5bb63764726d"><testcase classname="backend.tests.test_refactor_regression_iteration23" name="test_user_overlap_friend_shape" time="0.653" /><testcase classname="backend.tests.test_refactor_regression_iteration23" name="test_user_overlap_self" time="0.104" /><testcase classname="backend.tests.test_refactor_regression_iteration23" name="test_user_overlap_requires_auth" time="0.139" /><testcase classname="backend.tests.test_refactor_regression_iteration23" name="test_user_overlap_non_friend_403" time="0.449" /><testcase classname="backend.tests.test_refactor_regression_iteration23" name="test_landmark_friends_visited_unknown_landmark" time="0.100" /><testcase classname="backend.tests.test_refactor_regression_iteration23" name="test_landmark_friends_visited_known_landmark" time="0.116" /><testcase classname="backend.tests.test_refactor_regression_iteration23" name="test_landmark_friends_visited_requires_auth" time="0.098" /><testcase classname="backend.tests.test_refactor_regression_iteration23" name="test_user_profile_self" time="0.100" /><testcase classname="backend.tests.test_refactor_regression_iteration23" name="test_user_profile_friend" time="0.111" /><testcase classname="backend.tests.test_refactor_regression_iteration23" name="test_user_profile_requires_auth" time="0.106" /><testcase classname="backend.tests.test_refactor_regression_iteration23" name="test_user_visits_self" time="0.104" /><testcase classname="backend.tests.test_refactor_regression_iteration23" name="test_user_visits_friend" time="0.113" /><testcase classname="backend.tests.test_refactor_regression_iteration23" name="test_user_activity_self" time="0.102" /><testcase classname="backend.tests.test_refactor_regression_iteration23" name="test_user_activity_friend" time="0.104" /><testcase classname="backend.tests.test_refactor_regression_iteration23" name="test_users_search_basic" time="0.100" /><testcase classname="backend.tests.test_refactor_regression_iteration23" name="test_users_search_empty_query" time="0.127" /><testcase classname="backend.tests.test_refactor_regression_iteration23" name="test_users_search_requires_auth" time="0.101" /><testcase classname="backend.tests.test_refactor_regression_iteration23" name="test_friends_list" time="0.117" /><testcase classname="backend.tests.test_refactor_regression_iteration23" name="test_friends_pending" time="0.100" /><testcase classname="backend.tests.test_refactor_regression_iteration23" name="test_friends_sent" time="0.102" /><testcase classname="backend.tests.test_refactor_regression_iteration23" name="test_friends_request_self_rejected" time="0.104" /><testcase classname="backend.tests.test_refactor_regression_iteration23" name="test_friends_request_to_existing_friend_is_handled" time="0.213" /><testcase classname="backend.tests.test_refactor_regression_iteration23" name="test_blocked_users_list" time="0.109" /><testcase classname="backend.tests.test_refactor_regression_iteration23" name="test_friends_list_requires_auth" time="0.098" /><testcase classname="backend.tests.test_refactor_regression_iteration23" name="test_leaderboard_still_under_friends_namespace" time="0.112" /><testcase classname="backend.tests.test_refactor_regression_iteration23" name="test_compare_endpoint_still_reachable" time="1.109" /></testsuite></testsuites>