<?xml version="1.0" encoding="utf-8"?><testsuites name="pytest tests"><testsuite name="pytest" errors="0" failures="0" skipped="0" tests="17" time="5.291" timestamp="2026-04-27T09:28:27.664558+00:00" hostname="agent-env-593d64fc-9c12-4bdb-ae00-c482c2edf99c"><testcase classname="tests.test_community_refactor_iteration26.TestCommunityHighlightsTop" name="test_top_default_all_scope" time="0.611" /><testcase classname="tests.test_community_refactor_iteration26.TestCommunityHighlightsTop" name="test_top_scope_month" time="0.105" /><testcase classname="tests.test_community_refactor_iteration26.TestCommunityHighlightsTop" name="test_top_continent_filter_returns_only_that_continent[Europe]" time="0.105" /><testcase classname="tests.test_community_refactor_iteration26.TestCommunityHighlightsTop" name="test_top_continent_filter_returns_only_that_continent[Asia]" time="0.129" /><testcase classname="tests.test_community_refactor_iteration26.TestCommunityHighlightsTop" name="test_top_continent_filter_returns_only_that_continent[Americas]" time="0.100" /><testcase classname="tests.test_community_refactor_iteration26.TestCommunityHighlightsTop" name="test_top_continent_filter_returns_only_that_continent[Africa]" time="0.113" /><testcase classname="tests.test_community_refactor_iteration26.TestCommunityHighlightsTop" name="test_top_continent_filter_returns_only_that_continent[Oceania]" time="0.105" /><testcase classname="tests.test_community_refactor_iteration26.TestCommunityHighlightsTop" name="test_top_invalid_scope_rejected" time="0.109" /><testcase classname="tests.test_community_refactor_iteration26.TestCommunityHighlightsTop" name="test_top_limit_clamped" time="0.109" /><testcase classname="tests.test_community_refactor_iteration26.TestCommunityHighlightsTop" name="test_legacy_single_highlight_endpoint_still_works" time="0.110" /><testcase classname="tests.test_community_refactor_iteration26.TestReportsDiaryType" name="test_create_diary_report_succeeds" time="0.448" /><testcase classname="tests.test_community_refactor_iteration26.TestReportsDiaryType" name="test_invalid_report_type_rejected" time="0.105" /><testcase classname="tests.test_community_refactor_iteration26.TestReportsDiaryType" name="test_diary_with_invalid_reason_rejected" time="0.108" /><testcase classname="tests.test_community_refactor_iteration26.TestReportsRateLimit" name="test_rate_limit_kicks_in_at_6th" time="2.323" /><testcase classname="tests.test_community_refactor_iteration26.TestReportsRateLimit" name="test_429_message_is_informative" time="0.463" /><testcase classname="tests.test_community_refactor_iteration26.TestRegressionExistingEndpoints" name="test_my_reports_endpoint" time="0.122" /><testcase classname="tests.test_community_refactor_iteration26.TestRegressionExistingEndpoints" name="test_unauth_top_highlights_rejected" time="0.103" /></testsuite></testsuites>