<?xml version="1.0" encoding="utf-8"?><testsuites name="pytest tests"><testsuite name="pytest" errors="0" failures="0" skipped="2" tests="38" time="6.508" timestamp="2026-04-20T09:46:14.335621+00:00" hostname="agent-env-76a8465e-0459-429c-9caa-5bb63764726d"><testcase classname="backend.tests.test_friends_hub_iteration21" name="test_admin_login_returns_user" time="0.496" /><testcase classname="backend.tests.test_friends_hub_iteration21" name="test_admin_pro_are_friends" time="0.439" /><testcase classname="backend.tests.test_friends_hub_iteration21" name="test_leaderboard_metrics[points]" time="0.128" /><testcase classname="backend.tests.test_friends_hub_iteration21" name="test_leaderboard_metrics[landmarks]" time="0.134" /><testcase classname="backend.tests.test_friends_hub_iteration21" name="test_leaderboard_metrics[destinations]" time="0.116" /><testcase classname="backend.tests.test_friends_hub_iteration21" name="test_leaderboard_metrics[continents]" time="0.102" /><testcase classname="backend.tests.test_friends_hub_iteration21" name="test_leaderboard_rejects_bad_metric" time="0.103" /><testcase classname="backend.tests.test_friends_hub_iteration21" name="test_leaderboard_requires_auth" time="0.096" /><testcase classname="backend.tests.test_friends_hub_iteration21" name="test_shared_places_structure" time="0.111" /><testcase classname="backend.tests.test_friends_hub_iteration21" name="test_activity_feed" time="0.111" /><testcase classname="backend.tests.test_friends_hub_iteration21" name="test_compare_stats_friend" time="0.222" /><testcase classname="backend.tests.test_friends_hub_iteration21" name="test_compare_stats_self" time="0.109" /><testcase classname="backend.tests.test_friends_hub_iteration21" name="test_compare_stats_non_friend_403" time="0.454" /><testcase classname="backend.tests.test_friends_hub_iteration21" name="test_country_overlap" time="0.097" /><testcase classname="backend.tests.test_friends_hub_iteration21" name="test_country_overlap_non_friend_403" time="0.112" /><testcase classname="backend.tests.test_friends_hub_iteration21" name="test_compare_landmark_happy_path" time="0.106"><skipped type="pytest.skip" message="No shared landmarks between admin &amp; friends">/app/backend/tests/test_friends_hub_iteration21.py:202: No shared landmarks between admin &amp; friends</skipped></testcase><testcase classname="backend.tests.test_friends_hub_iteration21" name="test_compare_landmark_404" time="0.105" /><testcase classname="backend.tests.test_friends_hub_iteration21" name="test_compare_landmark_403_non_friend" time="0.105" /><testcase classname="backend.tests.test_friends_hub_iteration21" name="test_group_stats_with_one_friend" time="0.113" /><testcase classname="backend.tests.test_friends_hub_iteration21" name="test_group_stats_rejects_more_than_4" time="0.105" /><testcase classname="backend.tests.test_friends_hub_iteration21" name="test_group_stats_rejects_non_friend" time="0.104" /><testcase classname="backend.tests.test_shares_compare_iteration22" name="test_backend_reachable" time="0.095" /><testcase classname="backend.tests.test_shares_compare_iteration22" name="test_shares_requires_auth" time="0.112" /><testcase classname="backend.tests.test_shares_compare_iteration22" name="test_shares_accepts_compare_type" time="0.450" /><testcase classname="backend.tests.test_shares_compare_iteration22" name="test_shares_accepts_compare_type_no_period" time="0.119" /><testcase classname="backend.tests.test_shares_compare_iteration22" name="test_shares_regression_existing_types[top_month]" time="0.104" /><testcase classname="backend.tests.test_shares_compare_iteration22" name="test_shares_regression_existing_types[top_all]" time="0.103" /><testcase classname="backend.tests.test_shares_compare_iteration22" name="test_shares_regression_existing_types[journey]" time="0.114" /><testcase classname="backend.tests.test_shares_compare_iteration22" name="test_shares_regression_existing_types[rank]" time="0.097" /><testcase classname="backend.tests.test_shares_compare_iteration22" name="test_shares_regression_existing_types[visit]" time="0.102" /><testcase classname="backend.tests.test_shares_compare_iteration22" name="test_shares_rejects_invalid_type" time="0.102" /><testcase classname="backend.tests.test_shares_compare_iteration22" name="test_admin_shares_stats_admin_ok" time="0.105" /><testcase classname="backend.tests.test_shares_compare_iteration22" name="test_admin_shares_stats_rejects_non_admin" time="0.455" /><testcase classname="backend.tests.test_shares_compare_iteration22" name="test_compare_landmark_happy_path" time="0.216"><skipped type="pytest.skip" message="No shared landmark between admin + friend in seed; happy-path verified structurally elsewhere">/app/backend/tests/test_shares_compare_iteration22.py:216: No shared landmark between admin + friend in seed; happy-path verified structurally elsewhere</skipped></testcase><testcase classname="backend.tests.test_shares_compare_iteration22" name="test_compare_landmark_403_non_friend" time="0.458" /><testcase classname="backend.tests.test_shares_compare_iteration22" name="test_compare_landmark_requires_auth" time="0.105" /><testcase classname="backend.tests.test_shares_compare_iteration22" name="test_friends_leaderboard_regression" time="0.108" /><testcase classname="backend.tests.test_shares_compare_iteration22" name="test_friends_shared_places_regression" time="0.108" /></testsuite></testsuites>