<?xml version="1.0" encoding="utf-8"?><testsuites name="pytest tests"><testsuite name="pytest" errors="0" failures="1" skipped="2" tests="267" time="239.674" timestamp="2026-04-27T11:42:48.576088+00:00" hostname="agent-env-1d6981ea-7c88-4590-b26f-5ac9e0debdaa"><testcase classname="tests.test_admin_moderator_iteration29.TestReportsEnrichment" name="test_get_reports_returns_list" time="0.487" /><testcase classname="tests.test_admin_moderator_iteration29.TestReportsEnrichment" name="test_user_type_reports_have_target" time="0.096" /><testcase classname="tests.test_admin_moderator_iteration29.TestReportsEnrichment" name="test_photo_diary_activity_comment_reports_preview" time="0.133" /><testcase classname="tests.test_admin_moderator_iteration29.TestReportUpdateAudit" name="test_put_report_writes_reviewed_by_fields" time="0.775" /><testcase classname="tests.test_admin_moderator_iteration29.TestSuperAdminGating" name="test_moderator_cannot_recalculate_leaderboard" time="0.438" /><testcase classname="tests.test_admin_moderator_iteration29.TestSuperAdminGating" name="test_moderator_cannot_strip_verified" time="0.107" /><testcase classname="tests.test_admin_moderator_iteration29.TestSuperAdminGating" name="test_moderator_cannot_make_moderator" time="0.107" /><testcase classname="tests.test_admin_moderator_iteration29.TestSuperAdminGating" name="test_moderator_cannot_demote" time="0.106" /><testcase classname="tests.test_admin_moderator_iteration29.TestSuperAdminGating" name="test_moderator_cannot_change_role_via_put_user" time="0.101" /><testcase classname="tests.test_admin_moderator_iteration29.TestSuperAdminGating" name="test_super_admin_can_access_make_moderator_endpoint" time="0.101" /><testcase classname="tests.test_admin_moderator_iteration29.TestSuperAdminGating" name="test_super_admin_can_access_demote_endpoint" time="0.107" /><testcase classname="tests.test_admin_moderator_iteration29.TestModeratorRegression" name="test_mod_can_list_stats" time="0.129" /><testcase classname="tests.test_admin_moderator_iteration29.TestModeratorRegression" name="test_mod_can_list_users" time="0.114" /><testcase classname="tests.test_admin_moderator_iteration29.TestModeratorRegression" name="test_mod_can_list_reports" time="0.107" /><testcase classname="tests.test_admin_moderator_iteration29.TestModeratorRegression" name="test_mod_can_list_blocks" time="0.096" /><testcase classname="tests.test_admin_moderator_iteration29.TestModeratorRegression" name="test_mod_can_update_report_status" time="0.373" /><testcase classname="tests.test_community_features_iteration17.TestAuth" name="test_login_returns_access_token" time="0.336" /><testcase classname="tests.test_community_features_iteration17.TestGlobalCommunityHighlights" name="test_community_highlights_returns_200" time="0.435" /><testcase classname="tests.test_community_features_iteration17.TestGlobalCommunityHighlights" name="test_community_highlights_structure" time="0.102" /><testcase classname="tests.test_community_features_iteration17.TestGlobalCommunityHighlights" name="test_community_highlights_fields" time="0.103" /><testcase classname="tests.test_community_features_iteration17.TestGlobalCommunityHighlights" name="test_community_highlights_max_5" time="0.101" /><testcase classname="tests.test_community_features_iteration17.TestPhotoOfTheWeek" name="test_potw_returns_200" time="0.097" /><testcase classname="tests.test_community_features_iteration17.TestPhotoOfTheWeek" name="test_potw_structure" time="0.104" /><testcase classname="tests.test_community_features_iteration17.TestPhotoOfTheWeek" name="test_potw_photo_fields" time="0.120" /><testcase classname="tests.test_community_features_iteration17.TestPhotoOfTheWeek" name="test_potw_fallback_works" time="0.106" /><testcase classname="tests.test_community_features_iteration17.TestLandmarkCommunityPhotos" name="test_landmark_photos_returns_200" time="0.121" /><testcase classname="tests.test_community_features_iteration17.TestLandmarkCommunityPhotos" name="test_landmark_photos_structure" time="0.121" /><testcase classname="tests.test_community_features_iteration17.TestLandmarkCommunityPhotos" name="test_landmark_photos_diary_locked_field" time="0.103" /><testcase classname="tests.test_community_features_iteration17.TestLandmarkCommunityPhotos" name="test_landmark_photos_pro_user_diary_unlocked" time="0.123" /><testcase classname="tests.test_community_features_iteration17.TestLandmarkCommunityPhotos" name="test_landmark_photos_is_preview_false" time="0.104" /><testcase classname="tests.test_community_features_iteration17.TestLandmarkCommunityPhotos" name="test_landmark_photos_no_limit" time="0.102" /><testcase classname="tests.test_community_features_iteration17.TestLandmarkCommunityPhotos" name="test_landmark_photos_sort_popular" time="0.101" /><testcase classname="tests.test_community_features_iteration17.TestLandmarkCommunityPhotos" name="test_landmark_photos_sort_newest" time="0.112" /><testcase classname="tests.test_community_features_iteration17.TestLandmarkCommunityPhotos" name="test_landmark_photos_photo_fields" time="0.136" /><testcase classname="tests.test_community_features_iteration17.TestCountryCommunityPhotos" name="test_country_photos_returns_200" time="0.115" /><testcase classname="tests.test_community_features_iteration17.TestCountryCommunityPhotos" name="test_country_photos_structure" time="0.114" /><testcase classname="tests.test_community_features_iteration17.TestCountryCommunityPhotos" name="test_country_photos_diary_locked_field" time="0.101" /><testcase classname="tests.test_community_features_iteration17.TestCountryCommunityPhotos" name="test_country_photos_pro_user_diary_unlocked" time="0.106" /><testcase classname="tests.test_community_features_iteration17.TestCountryCommunityPhotos" name="test_country_photos_is_preview_false" time="0.111" /><testcase classname="tests.test_community_features_iteration17.TestCountryCommunityPhotos" name="test_country_photos_no_limit" time="0.105" /><testcase classname="tests.test_community_features_iteration17.TestCountryCommunityPhotos" name="test_country_photos_sort_popular" time="0.107" /><testcase classname="tests.test_community_features_iteration17.TestCountryCommunityPhotos" name="test_country_photos_sort_newest" time="0.108" /><testcase classname="tests.test_community_features_iteration17.TestUpvoteToggle" name="test_upvote_returns_200" time="0.097" /><testcase classname="tests.test_community_features_iteration17.TestUpvoteToggle" name="test_upvote_response_structure" time="0.106" /><testcase classname="tests.test_community_features_iteration17.TestUpvoteToggle" name="test_upvote_toggle" time="0.215" /><testcase classname="tests.test_community_features_iteration17.TestCommunityFeed" name="test_community_feed_returns_200" time="0.121" /><testcase classname="tests.test_community_features_iteration17.TestCommunityFeed" name="test_community_feed_structure" time="0.108" /><testcase classname="tests.test_community_features_iteration17.TestCommunityFeed" name="test_community_feed_item_fields" time="0.109" /><testcase classname="tests.test_community_features_iteration17.TestCommunityFeed" name="test_community_feed_limit_param" time="0.113" /><testcase classname="tests.test_community_features_iteration17.TestAuthRequired" name="test_community_highlights_requires_auth" time="0.094" /><testcase classname="tests.test_community_features_iteration17.TestAuthRequired" name="test_potw_requires_auth" time="0.111" /><testcase classname="tests.test_community_features_iteration17.TestAuthRequired" name="test_landmark_photos_requires_auth" time="0.109" /><testcase classname="tests.test_community_features_iteration17.TestAuthRequired" name="test_country_photos_requires_auth" time="0.104" /><testcase classname="tests.test_community_features_iteration17.TestAuthRequired" name="test_upvote_requires_auth" time="0.103" /><testcase classname="tests.test_community_features_iteration17.TestAuthRequired" name="test_community_feed_requires_auth" time="0.094" /><testcase classname="tests.test_community_highlight_iteration19.TestCommunityHighlightSingular" name="test_returns_single_highlight_with_required_fields" time="0.443" /><testcase classname="tests.test_community_highlight_iteration19.TestCommunityHighlightSingular" name="test_rotation_over_multiple_calls" time="31.737" /><testcase classname="tests.test_community_highlight_iteration19.TestCommunityHighlightSingular" name="test_pro_user_also_gets_highlight" time="12.759" /><testcase classname="tests.test_community_highlight_iteration19.TestCommunityHighlightsTop" name="test_returns_ranked_list_default_limit" time="0.139" /><testcase classname="tests.test_community_highlight_iteration19.TestCommunityHighlightsTop" name="test_limit_param_5" time="0.109" /><testcase classname="tests.test_community_highlight_iteration19.TestCommunityHighlightsTop" name="test_limit_param_10" time="0.117" /><testcase classname="tests.test_community_highlight_iteration19.TestCommunityHighlightsTop" name="test_custom_visits_included_with_source_custom" time="0.111"><skipped type="pytest.skip" message="No source='custom' in results. Seed data has 3 public custom visits but all have empty photos=[] and null landmarks[].photo. Additionally, the mongo query filters visits where photos is empty, so even if landmarks[].photo were set, those items would be excluded. Action: either seed custom visits with photos OR loosen the query (see community.py:1025-1029) to include visits whose landmarks[].photo are set.">/app/backend/tests/test_community_highlight_iteration19.py:140: No source='custom' in results. Seed data has 3 public custom visits but all have empty photos=[] and null landmarks[].photo. Additionally, the mongo query filters visits where photos is empty, so even if landmarks[].photo were set, those items would be excluded. Action: either seed custom visits with photos OR loosen the query (see community.py:1025-1029) to include visits whose landmarks[].photo are set.</skipped></testcase><testcase classname="tests.test_community_highlight_iteration19.TestInteractionSideEffects" name="test_like_updates_likes_count_and_is_liked" time="0.453" /><testcase classname="tests.test_community_highlight_iteration19.TestInteractionSideEffects" name="test_comment_updates_comments_count" time="0.462" /><testcase classname="tests.test_community_highlight_iteration19.TestRegression" name="test_community_feed_still_works" time="0.104" /><testcase classname="tests.test_community_highlight_iteration19.TestRegression" name="test_community_highlights_plural_trending_still_works" time="0.101" /><testcase classname="tests.test_community_highlight_iteration19.TestEmptyStateContract" name="test_empty_state_shape_when_no_items_top" time="0.112" /><testcase classname="tests.test_community_refactor_iteration26.TestCommunityHighlightsTop" name="test_top_default_all_scope" time="0.577" /><testcase classname="tests.test_community_refactor_iteration26.TestCommunityHighlightsTop" name="test_top_scope_month" time="0.109" /><testcase classname="tests.test_community_refactor_iteration26.TestCommunityHighlightsTop" name="test_top_continent_filter_returns_only_that_continent[Europe]" time="0.104" /><testcase classname="tests.test_community_refactor_iteration26.TestCommunityHighlightsTop" name="test_top_continent_filter_returns_only_that_continent[Asia]" time="4.199" /><testcase classname="tests.test_community_refactor_iteration26.TestCommunityHighlightsTop" name="test_top_continent_filter_returns_only_that_continent[Americas]" time="0.125" /><testcase classname="tests.test_community_refactor_iteration26.TestCommunityHighlightsTop" name="test_top_continent_filter_returns_only_that_continent[Africa]" time="0.120" /><testcase classname="tests.test_community_refactor_iteration26.TestCommunityHighlightsTop" name="test_top_continent_filter_returns_only_that_continent[Oceania]" time="0.145" /><testcase classname="tests.test_community_refactor_iteration26.TestCommunityHighlightsTop" name="test_top_invalid_scope_rejected" time="0.112" /><testcase classname="tests.test_community_refactor_iteration26.TestCommunityHighlightsTop" name="test_top_limit_clamped" time="0.112" /><testcase classname="tests.test_community_refactor_iteration26.TestCommunityHighlightsTop" name="test_legacy_single_highlight_endpoint_still_works" time="0.100" /><testcase classname="tests.test_community_refactor_iteration26.TestReportsDiaryType" name="test_create_diary_report_succeeds" time="0.506" /><testcase classname="tests.test_community_refactor_iteration26.TestReportsDiaryType" name="test_invalid_report_type_rejected" time="0.123" /><testcase classname="tests.test_community_refactor_iteration26.TestReportsDiaryType" name="test_diary_with_invalid_reason_rejected" time="0.104" /><testcase classname="tests.test_community_refactor_iteration26.TestReportsRateLimit" name="test_rate_limit_kicks_in_at_6th" time="40.787"><failure message="requests.exceptions.ConnectTimeout: HTTPSConnectionPool(host='report-hub-128.preview.emergentagent.com', port=443): Max retries exceeded with url: /api/reports (Caused by ConnectTimeoutError(&lt;HTTPSConnection(host='report-hub-128.preview.emergentagent.com', port=443) at 0xfacf53f78d90&gt;, 'Connection to report-hub-128.preview.emergentagent.com timed out. (connect timeout=20)'))">E   TimeoutError: timed out

The above exception was the direct cause of the following exception:
E   urllib3.exceptions.ConnectTimeoutError: (&lt;HTTPSConnection(host='report-hub-128.preview.emergentagent.com', port=443) at 0xfacf53f78d90&gt;, 'Connection to report-hub-128.preview.emergentagent.com timed out. (connect timeout=20)')

The above exception was the direct cause of the following exception:
E   urllib3.exceptions.MaxRetryError: HTTPSConnectionPool(host='report-hub-128.preview.emergentagent.com', port=443): Max retries exceeded with url: /api/reports (Caused by ConnectTimeoutError(&lt;HTTPSConnection(host='report-hub-128.preview.emergentagent.com', port=443) at 0xfacf53f78d90&gt;, 'Connection to report-hub-128.preview.emergentagent.com timed out. (connect timeout=20)'))

During handling of the above exception, another exception occurred:
E   requests.exceptions.ConnectTimeout: HTTPSConnectionPool(host='report-hub-128.preview.emergentagent.com', port=443): Max retries exceeded with url: /api/reports (Caused by ConnectTimeoutError(&lt;HTTPSConnection(host='report-hub-128.preview.emergentagent.com', port=443) at 0xfacf53f78d90&gt;, 'Connection to report-hub-128.preview.emergentagent.com timed out. (connect timeout=20)'))</failure></testcase><testcase classname="tests.test_community_refactor_iteration26.TestReportsRateLimit" name="test_429_message_is_informative" time="0.552" /><testcase classname="tests.test_community_refactor_iteration26.TestRegressionExistingEndpoints" name="test_my_reports_endpoint" time="11.328" /><testcase classname="tests.test_community_refactor_iteration26.TestRegressionExistingEndpoints" name="test_unauth_top_highlights_rejected" time="0.121" /><testcase classname="tests.test_feed_parity_iteration18.TestCommunityFeedShape" name="test_community_feed_returns_items" time="0.464" /><testcase classname="tests.test_feed_parity_iteration18.TestCommunityFeedShape" name="test_community_feed_items_have_required_fields" time="0.110" /><testcase classname="tests.test_feed_parity_iteration18.TestCommunityFeedShape" name="test_community_feed_has_activity_id_for_both_sources" time="0.110" /><testcase classname="tests.test_feed_parity_iteration18.TestLikeParity" name="test_like_then_unlike_updates_community_feed" time="0.562" /><testcase classname="tests.test_feed_parity_iteration18.TestLikeParity" name="test_like_same_activity_twice_returns_400" time="0.585" /><testcase classname="tests.test_feed_parity_iteration18.TestCommentParity" name="test_add_then_delete_comment_updates_community_feed" time="0.595" /><testcase classname="tests.test_feed_parity_iteration18.TestFriendsFeed" name="test_feed_endpoint_returns_200" time="0.117" /><testcase classname="tests.test_feed_parity_iteration18.TestFriendsFeed" name="test_feed_items_have_likes_and_comments_fields" time="0.117" /><testcase classname="tests.test_feed_parity_iteration18.TestCommunityRegression" name="test_photo_of_the_week" time="0.153" /><testcase classname="tests.test_feed_parity_iteration18.TestCommunityRegression" name="test_landmark_community_photos" time="0.220" /><testcase classname="tests.test_friends_hub_iteration21" name="test_admin_login_returns_user" time="0.380" /><testcase classname="tests.test_friends_hub_iteration21" name="test_admin_pro_are_friends" time="0.738" /><testcase classname="tests.test_friends_hub_iteration21" name="test_leaderboard_metrics[points]" time="0.199" /><testcase classname="tests.test_friends_hub_iteration21" name="test_leaderboard_metrics[landmarks]" time="0.156" /><testcase classname="tests.test_friends_hub_iteration21" name="test_leaderboard_metrics[destinations]" time="0.100" /><testcase classname="tests.test_friends_hub_iteration21" name="test_leaderboard_metrics[continents]" time="0.107" /><testcase classname="tests.test_friends_hub_iteration21" name="test_leaderboard_rejects_bad_metric" time="0.102" /><testcase classname="tests.test_friends_hub_iteration21" name="test_leaderboard_requires_auth" time="0.104" /><testcase classname="tests.test_friends_hub_iteration21" name="test_shared_places_structure" time="0.122" /><testcase classname="tests.test_friends_hub_iteration21" name="test_activity_feed" time="0.110" /><testcase classname="tests.test_friends_hub_iteration21" name="test_compare_stats_friend" time="0.211" /><testcase classname="tests.test_friends_hub_iteration21" name="test_compare_stats_self" time="0.112" /><testcase classname="tests.test_friends_hub_iteration21" name="test_compare_stats_non_friend_403" time="0.485" /><testcase classname="tests.test_friends_hub_iteration21" name="test_country_overlap" time="0.102" /><testcase classname="tests.test_friends_hub_iteration21" name="test_country_overlap_non_friend_403" time="0.100" /><testcase classname="tests.test_friends_hub_iteration21" name="test_compare_landmark_happy_path" time="0.373" /><testcase classname="tests.test_friends_hub_iteration21" name="test_compare_landmark_404" time="0.112" /><testcase classname="tests.test_friends_hub_iteration21" name="test_compare_landmark_403_non_friend" time="0.102" /><testcase classname="tests.test_friends_hub_iteration21" name="test_group_stats_with_one_friend" time="0.109" /><testcase classname="tests.test_friends_hub_iteration21" name="test_group_stats_rejects_more_than_4" time="0.117" /><testcase classname="tests.test_friends_hub_iteration21" name="test_group_stats_rejects_non_friend" time="0.105" /><testcase classname="tests.test_image_normalization_observability" name="test_auto_resized_counter_increments" time="1.551" /><testcase classname="tests.test_image_normalization_observability" name="test_rejected_counter_increments" time="3.525" /><testcase classname="tests.test_image_normalization_observability" name="test_small_image_does_not_increment_counters" time="0.005" /><testcase classname="tests.test_image_normalization_observability" name="test_admin_stats_endpoint_returns_counters_and_thresholds" time="0.244" /><testcase classname="tests.test_image_normalization_observability" name="test_admin_stats_endpoint_requires_admin" time="0.243" /><testcase classname="tests.test_image_normalization_observability" name="test_admin_stats_endpoint_requires_auth" time="0.002" /><testcase classname="tests.test_image_validate" name="test_none_returns_none" time="0.000" /><testcase classname="tests.test_image_validate" name="test_empty_string_returns_empty" time="0.000" /><testcase classname="tests.test_image_validate" name="test_small_image_passes_through_unchanged" time="0.005" /><testcase classname="tests.test_image_validate" name="test_raw_base64_without_data_url_prefix_also_passes" time="0.001" /><testcase classname="tests.test_image_validate" name="test_medium_image_gets_auto_resized" time="1.529" /><testcase classname="tests.test_image_validate" name="test_png_with_transparency_gets_flattened_to_jpeg" time="0.088"><skipped type="pytest.skip" message="PNG size 19985 outside 2-5 MB window on this platform">/app/backend/tests/test_image_validate.py:108: PNG size 19985 outside 2-5 MB window on this platform</skipped></testcase><testcase classname="tests.test_image_validate" name="test_oversize_image_raises_413" time="3.468" /><testcase classname="tests.test_image_validate" name="test_invalid_base64_raises_400" time="0.000" /><testcase classname="tests.test_image_validate" name="test_non_string_raises_400" time="0.000" /><testcase classname="tests.test_image_validate" name="test_garbage_bytes_decoded_but_not_an_image_in_resize_branch" time="0.026" /><testcase classname="tests.test_image_validate" name="test_normalize_photos_list" time="0.003" /><testcase classname="tests.test_image_validate" name="test_normalize_photos_none_and_empty" time="0.000" /><testcase classname="tests.test_image_validate_live_endpoints_iteration24.TestAuthProfileImages" name="test_banner_huge_returns_413" time="3.666" /><testcase classname="tests.test_image_validate_live_endpoints_iteration24.TestAuthProfileImages" name="test_banner_medium_is_auto_resized" time="1.897" /><testcase classname="tests.test_image_validate_live_endpoints_iteration24.TestAuthProfileImages" name="test_banner_small_passes_through" time="0.015" /><testcase classname="tests.test_image_validate_live_endpoints_iteration24.TestAuthProfileImages" name="test_picture_huge_returns_413" time="0.059" /><testcase classname="tests.test_image_validate_live_endpoints_iteration24.TestAuthProfileImages" name="test_picture_medium_is_auto_resized" time="0.190" /><testcase classname="tests.test_image_validate_live_endpoints_iteration24.TestAuthProfileImages" name="test_picture_small_passes_through" time="0.009" /><testcase classname="tests.test_image_validate_live_endpoints_iteration24.TestAuthProfileImages" name="test_picture_invalid_base64_returns_400" time="0.003" /><testcase classname="tests.test_image_validate_live_endpoints_iteration24.TestVisitPhotos" name="test_visit_huge_returns_413" time="0.058" /><testcase classname="tests.test_image_validate_live_endpoints_iteration24.TestVisitPhotos" name="test_visit_medium_is_auto_resized" time="0.183" /><testcase classname="tests.test_image_validate_live_endpoints_iteration24.TestVisitPhotos" name="test_visit_small_passes_through" time="0.008" /><testcase classname="tests.test_image_validate_live_endpoints_iteration24.TestCountryVisitPhotos" name="test_country_huge_returns_413" time="0.056" /><testcase classname="tests.test_image_validate_live_endpoints_iteration24.TestCountryVisitPhotos" name="test_country_medium_is_auto_resized" time="0.168" /><testcase classname="tests.test_image_validate_live_endpoints_iteration24.TestCountryVisitPhotos" name="test_country_small_passes_through" time="0.017" /><testcase classname="tests.test_image_validate_live_endpoints_iteration24.TestUserCreatedVisitPhotos" name="test_ucv_huge_returns_413" time="0.057" /><testcase classname="tests.test_image_validate_live_endpoints_iteration24.TestUserCreatedVisitPhotos" name="test_ucv_medium_is_auto_resized" time="0.157" /><testcase classname="tests.test_image_validate_live_endpoints_iteration24.TestUserCreatedVisitPhotos" name="test_ucv_small_passes_through" time="0.005" /><testcase classname="tests.test_image_validate_live_endpoints_iteration24.TestMessageImage" name="test_message_huge_returns_413" time="0.058" /><testcase classname="tests.test_image_validate_live_endpoints_iteration24.TestMessageImage" name="test_message_medium_is_auto_resized" time="0.169" /><testcase classname="tests.test_image_validate_live_endpoints_iteration24.TestMessageImage" name="test_message_small_passes_through" time="0.005" /><testcase classname="tests.test_image_validate_live_endpoints_iteration24.TestBugReportScreenshots" name="test_bug_report_huge_returns_413" time="0.056" /><testcase classname="tests.test_image_validate_live_endpoints_iteration24.TestBugReportScreenshots" name="test_bug_report_medium_is_auto_resized" time="0.154" /><testcase classname="tests.test_image_validate_live_endpoints_iteration24.TestBugReportScreenshots" name="test_bug_report_small_passes_through" time="0.005" /><testcase classname="tests.test_image_validate_live_endpoints_iteration24.TestBugReportScreenshots" name="test_bug_report_invalid_base64_returns_400" time="0.003" /><testcase classname="tests.test_moderation_iteration31.TestContentHide" name="test_hide_photo_visit" time="0.544" /><testcase classname="tests.test_moderation_iteration31.TestContentHide" name="test_hide_comment" time="0.117" /><testcase classname="tests.test_moderation_iteration31.TestContentHide" name="test_hide_invalid_ctype" time="0.116" /><testcase classname="tests.test_moderation_iteration31.TestContentHide" name="test_hide_404_visit" time="0.110" /><testcase classname="tests.test_moderation_iteration31.TestContentHide" name="test_restore_photo" time="0.231" /><testcase classname="tests.test_moderation_iteration31.TestContentHide" name="test_moderator_can_hide" time="0.461" /><testcase classname="tests.test_moderation_iteration31.TestContentHide" name="test_pro_user_blocked_from_hide" time="0.446" /><testcase classname="tests.test_moderation_iteration31.TestContentDelete" name="test_super_admin_can_delete" time="0.122" /><testcase classname="tests.test_moderation_iteration31.TestContentDelete" name="test_moderator_blocked_from_delete" time="0.112" /><testcase classname="tests.test_moderation_iteration31.TestWarnings" name="test_warn_user" time="0.283" /><testcase classname="tests.test_moderation_iteration31.TestWarnings" name="test_warn_404_user" time="0.114" /><testcase classname="tests.test_moderation_iteration31.TestWarnings" name="test_auto_suspend_at_3_warnings" time="0.329" /><testcase classname="tests.test_moderation_iteration31.TestSuspension" name="test_suspend_user" time="0.230" /><testcase classname="tests.test_moderation_iteration31.TestSuspension" name="test_suspend_clamps_invalid_high" time="0.221" /><testcase classname="tests.test_moderation_iteration31.TestSuspension" name="test_suspend_clamps_invalid_low" time="0.222" /><testcase classname="tests.test_moderation_iteration31.TestSuspension" name="test_unsuspend" time="0.239" /><testcase classname="tests.test_moderation_iteration31.TestSuspensionAuthBlock" name="test_suspended_non_admin_blocked_on_me" time="1.137" /><testcase classname="tests.test_moderation_iteration31.TestSuspensionAuthBlock" name="test_super_admin_bypasses_own_suspension" time="0.127" /><testcase classname="tests.test_moderation_iteration31.TestMessage" name="test_message_user" time="0.116" /><testcase classname="tests.test_moderation_iteration31.TestMessage" name="test_message_404_user" time="0.112" /><testcase classname="tests.test_moderation_iteration31.TestModeratorActivity" name="test_super_admin_can_view" time="0.107" /><testcase classname="tests.test_moderation_iteration31.TestModeratorActivity" name="test_moderator_blocked_from_activity" time="0.103" /><testcase classname="tests.test_moderation_iteration31.TestAdminUserFilters" name="test_filter_has_warnings" time="0.217" /><testcase classname="tests.test_moderation_iteration31.TestAdminUserFilters" name="test_filter_suspended" time="0.336" /><testcase classname="tests.test_moderation_iteration31.TestHiddenFilter" name="test_hidden_visit_excluded_from_highlights" time="0.414" /><testcase classname="tests.test_moderation_iteration31.TestHiddenFilter" name="test_hidden_visit_excluded_from_feed" time="0.248" /><testcase classname="tests.test_refactor_regression_iteration23" name="test_user_overlap_friend_shape" time="0.545" /><testcase classname="tests.test_refactor_regression_iteration23" name="test_user_overlap_self" time="0.298" /><testcase classname="tests.test_refactor_regression_iteration23" name="test_user_overlap_requires_auth" time="0.105" /><testcase classname="tests.test_refactor_regression_iteration23" name="test_user_overlap_non_friend_403" time="0.467" /><testcase classname="tests.test_refactor_regression_iteration23" name="test_landmark_friends_visited_unknown_landmark" time="0.104" /><testcase classname="tests.test_refactor_regression_iteration23" name="test_landmark_friends_visited_known_landmark" time="0.107" /><testcase classname="tests.test_refactor_regression_iteration23" name="test_landmark_friends_visited_requires_auth" time="0.109" /><testcase classname="tests.test_refactor_regression_iteration23" name="test_user_profile_self" time="0.213" /><testcase classname="tests.test_refactor_regression_iteration23" name="test_user_profile_friend" time="0.108" /><testcase classname="tests.test_refactor_regression_iteration23" name="test_user_profile_requires_auth" time="0.123" /><testcase classname="tests.test_refactor_regression_iteration23" name="test_user_visits_self" time="0.231" /><testcase classname="tests.test_refactor_regression_iteration23" name="test_user_visits_friend" time="0.110" /><testcase classname="tests.test_refactor_regression_iteration23" name="test_user_activity_self" time="0.105" /><testcase classname="tests.test_refactor_regression_iteration23" name="test_user_activity_friend" time="0.110" /><testcase classname="tests.test_refactor_regression_iteration23" name="test_users_search_basic" time="0.105" /><testcase classname="tests.test_refactor_regression_iteration23" name="test_users_search_empty_query" time="0.117" /><testcase classname="tests.test_refactor_regression_iteration23" name="test_users_search_requires_auth" time="0.109" /><testcase classname="tests.test_refactor_regression_iteration23" name="test_friends_list" time="0.120" /><testcase classname="tests.test_refactor_regression_iteration23" name="test_friends_pending" time="0.109" /><testcase classname="tests.test_refactor_regression_iteration23" name="test_friends_sent" time="0.137" /><testcase classname="tests.test_refactor_regression_iteration23" name="test_friends_request_self_rejected" time="0.104" /><testcase classname="tests.test_refactor_regression_iteration23" name="test_friends_request_to_existing_friend_is_handled" time="0.255" /><testcase classname="tests.test_refactor_regression_iteration23" name="test_blocked_users_list" time="0.103" /><testcase classname="tests.test_refactor_regression_iteration23" name="test_friends_list_requires_auth" time="0.116" /><testcase classname="tests.test_refactor_regression_iteration23" name="test_leaderboard_still_under_friends_namespace" time="0.105" /><testcase classname="tests.test_refactor_regression_iteration23" name="test_compare_endpoint_still_reachable" time="0.129" /><testcase classname="tests.test_shares_compare_iteration22" name="test_backend_reachable" time="0.102" /><testcase classname="tests.test_shares_compare_iteration22" name="test_shares_requires_auth" time="0.099" /><testcase classname="tests.test_shares_compare_iteration22" name="test_shares_accepts_compare_type" time="0.442" /><testcase classname="tests.test_shares_compare_iteration22" name="test_shares_accepts_compare_type_no_period" time="0.110" /><testcase classname="tests.test_shares_compare_iteration22" name="test_shares_regression_existing_types[top_month]" time="0.110" /><testcase classname="tests.test_shares_compare_iteration22" name="test_shares_regression_existing_types[top_all]" time="0.114" /><testcase classname="tests.test_shares_compare_iteration22" name="test_shares_regression_existing_types[journey]" time="0.116" /><testcase classname="tests.test_shares_compare_iteration22" name="test_shares_regression_existing_types[rank]" time="0.108" /><testcase classname="tests.test_shares_compare_iteration22" name="test_shares_regression_existing_types[visit]" time="0.117" /><testcase classname="tests.test_shares_compare_iteration22" name="test_shares_rejects_invalid_type" time="0.104" /><testcase classname="tests.test_shares_compare_iteration22" name="test_admin_shares_stats_admin_ok" time="0.111" /><testcase classname="tests.test_shares_compare_iteration22" name="test_admin_shares_stats_rejects_non_admin" time="0.458" /><testcase classname="tests.test_shares_compare_iteration22" name="test_compare_landmark_happy_path" time="0.363" /><testcase classname="tests.test_shares_compare_iteration22" name="test_compare_landmark_403_non_friend" time="0.443" /><testcase classname="tests.test_shares_compare_iteration22" name="test_compare_landmark_has_private_visits_flag[admin_friend_shared_landmark0]" time="0.352" /><testcase classname="tests.test_shares_compare_iteration22" name="test_compare_landmark_requires_auth" time="0.103" /><testcase classname="tests.test_shares_compare_iteration22" name="test_friends_leaderboard_regression" time="0.106" /><testcase classname="tests.test_shares_compare_iteration22" name="test_friends_shared_places_regression" time="0.106" /><testcase classname="tests.test_visit_crud_iteration16.TestAuthLogin" name="test_login_returns_access_token" time="0.344" /><testcase classname="tests.test_visit_crud_iteration16.TestAuthLogin" name="test_login_premium_user" time="0.340" /><testcase classname="tests.test_visit_crud_iteration16.TestVisitsList" name="test_get_visits_list" time="0.606" /><testcase classname="tests.test_visit_crud_iteration16.TestVisitsList" name="test_get_visits_list_lightweight" time="0.553" /><testcase classname="tests.test_visit_crud_iteration16.TestVisitDetails" name="test_get_visit_details" time="0.673" /><testcase classname="tests.test_visit_crud_iteration16.TestVisitDetails" name="test_get_visit_not_found" time="0.552" /><testcase classname="tests.test_visit_crud_iteration16.TestVisitUpdate" name="test_update_diary_notes" time="0.799" /><testcase classname="tests.test_visit_crud_iteration16.TestVisitUpdate" name="test_update_photos_array" time="1.030" /><testcase classname="tests.test_visit_crud_iteration16.TestVisitUpdate" name="test_update_share_diary" time="0.871" /><testcase classname="tests.test_visit_crud_iteration16.TestVisitUpdate" name="test_update_visibility_via_main_endpoint_should_work" time="69.101" /><testcase classname="tests.test_visit_crud_iteration16.TestVisitPrivacy" name="test_update_privacy_to_public" time="0.655" /><testcase classname="tests.test_visit_crud_iteration16.TestVisitPrivacy" name="test_update_privacy_to_friends" time="0.766" /><testcase classname="tests.test_visit_crud_iteration16.TestVisitPrivacy" name="test_update_privacy_to_private" time="0.764" /><testcase classname="tests.test_visit_crud_iteration16.TestVisitPrivacy" name="test_update_privacy_invalid_value" time="0.656" /><testcase classname="tests.test_visit_crud_iteration16.TestVisitDelete" name="test_delete_visit_not_found" time="0.440" /><testcase classname="tests.test_visit_crud_iteration16.TestVisitDelete" name="test_delete_visit_flow" time="1.309" /><testcase classname="tests.test_visit_crud_iteration16.TestVisitStats" name="test_get_visit_stats" time="0.454" /><testcase classname="tests.test_wandermark_comprehensive_iteration15.TestAuthentication" name="test_login_success" time="0.342" /><testcase classname="tests.test_wandermark_comprehensive_iteration15.TestAuthentication" name="test_login_invalid_credentials" time="0.368" /><testcase classname="tests.test_wandermark_comprehensive_iteration15.TestContinentStats" name="test_continent_stats_structure" time="0.457" /><testcase classname="tests.test_wandermark_comprehensive_iteration15.TestContinentStats" name="test_continent_stats_country_counts" time="0.107" /><testcase classname="tests.test_wandermark_comprehensive_iteration15.TestContinentStats" name="test_continent_stats_landmark_counts" time="0.105" /><testcase classname="tests.test_wandermark_comprehensive_iteration15.TestCountriesAPI" name="test_countries_list" time="0.102" /><testcase classname="tests.test_wandermark_comprehensive_iteration15.TestCountriesAPI" name="test_oceania_countries" time="0.115" /><testcase classname="tests.test_wandermark_comprehensive_iteration15.TestCountriesAPI" name="test_europe_countries" time="0.101" /><testcase classname="tests.test_wandermark_comprehensive_iteration15.TestLandmarksAPI" name="test_hawaii_landmarks" time="0.107" /><testcase classname="tests.test_wandermark_comprehensive_iteration15.TestLandmarksAPI" name="test_norway_landmarks" time="0.101" /><testcase classname="tests.test_wandermark_comprehensive_iteration15.TestStatsAndProgressConsistency" name="test_points_consistency" time="0.219" /><testcase classname="tests.test_wandermark_comprehensive_iteration15.TestStatsAndProgressConsistency" name="test_stats_countries_visited" time="0.110" /><testcase classname="tests.test_wandermark_comprehensive_iteration15.TestStatsAndProgressConsistency" name="test_stats_continents_visited" time="0.104" /><testcase classname="tests.test_wandermark_comprehensive_iteration15.TestCountryVisits" name="test_country_visits_list" time="0.210" /><testcase classname="tests.test_wandermark_comprehensive_iteration15.TestSocialModules" name="test_leaderboard" time="0.103" /><testcase classname="tests.test_wandermark_comprehensive_iteration15.TestSocialModules" name="test_friends" time="0.100" /><testcase classname="tests.test_wandermark_comprehensive_iteration15.TestSocialModules" name="test_feed" time="0.210" /><testcase classname="tests.test_wandermark_comprehensive_iteration15.TestSocialModules" name="test_messages_conversations" time="0.125" /><testcase classname="tests.test_wandermark_comprehensive_iteration15.TestAchievements" name="test_achievements" time="0.110" /><testcase classname="tests.test_wandermark_comprehensive_iteration15.TestLegalEndpoints" name="test_privacy_policy" time="0.105" /><testcase classname="tests.test_wandermark_comprehensive_iteration15.TestLegalEndpoints" name="test_terms_of_service" time="0.114" /><testcase classname="tests.test_wandermark_comprehensive_iteration15.TestRateLimiting" name="test_rate_limit_active" time="0.548" /><testcase classname="tests.test_wandermark_comprehensive_iteration15.TestDatabaseIntegrity" name="test_no_duplicate_landmarks_per_country" time="1.186" /><testcase classname="tests.test_wandermark_comprehensive_iteration15.TestSocialModulesSplit" name="test_all_social_endpoints_accessible" time="0.792" /></testsuite></testsuites>