<?xml version="1.0" encoding="utf-8"?><testsuites name="pytest tests"><testsuite name="pytest" errors="0" failures="0" skipped="1" tests="16" time="3.451" timestamp="2026-04-27T10:34:24.951375+00:00" hostname="agent-env-593d64fc-9c12-4bdb-ae00-c482c2edf99c"><testcase classname="tests.test_admin_moderator_iteration29.TestReportsEnrichment" name="test_get_reports_returns_list" time="0.678" /><testcase classname="tests.test_admin_moderator_iteration29.TestReportsEnrichment" name="test_user_type_reports_have_target" time="0.104"><skipped type="pytest.skip" message="No user-type reports in DB to validate target enrichment">/app/backend/tests/test_admin_moderator_iteration29.py:63: No user-type reports in DB to validate target enrichment</skipped></testcase><testcase classname="tests.test_admin_moderator_iteration29.TestReportsEnrichment" name="test_photo_diary_activity_comment_reports_preview" time="0.122" /><testcase classname="tests.test_admin_moderator_iteration29.TestReportUpdateAudit" name="test_put_report_writes_reviewed_by_fields" time="0.664" /><testcase classname="tests.test_admin_moderator_iteration29.TestSuperAdminGating" name="test_moderator_cannot_recalculate_leaderboard" time="0.440" /><testcase classname="tests.test_admin_moderator_iteration29.TestSuperAdminGating" name="test_moderator_cannot_strip_verified" time="0.116" /><testcase classname="tests.test_admin_moderator_iteration29.TestSuperAdminGating" name="test_moderator_cannot_make_moderator" time="0.102" /><testcase classname="tests.test_admin_moderator_iteration29.TestSuperAdminGating" name="test_moderator_cannot_demote" time="0.106" /><testcase classname="tests.test_admin_moderator_iteration29.TestSuperAdminGating" name="test_moderator_cannot_change_role_via_put_user" time="0.102" /><testcase classname="tests.test_admin_moderator_iteration29.TestSuperAdminGating" name="test_super_admin_can_access_make_moderator_endpoint" time="0.100" /><testcase classname="tests.test_admin_moderator_iteration29.TestSuperAdminGating" name="test_super_admin_can_access_demote_endpoint" time="0.099" /><testcase classname="tests.test_admin_moderator_iteration29.TestModeratorRegression" name="test_mod_can_list_stats" time="0.132" /><testcase classname="tests.test_admin_moderator_iteration29.TestModeratorRegression" name="test_mod_can_list_users" time="0.100" /><testcase classname="tests.test_admin_moderator_iteration29.TestModeratorRegression" name="test_mod_can_list_reports" time="0.100" /><testcase classname="tests.test_admin_moderator_iteration29.TestModeratorRegression" name="test_mod_can_list_blocks" time="0.106" /><testcase classname="tests.test_admin_moderator_iteration29.TestModeratorRegression" name="test_mod_can_update_report_status" time="0.345" /></testsuite></testsuites>