<?xml version="1.0" encoding="utf-8"?><testsuites name="pytest tests"><testsuite name="pytest" errors="0" failures="0" skipped="1" tests="77" time="16.508" timestamp="2026-04-20T10:35:28.809474+00:00" hostname="agent-env-76a8465e-0459-429c-9caa-5bb63764726d"><testcase classname="tests.test_image_validate" name="test_none_returns_none" time="0.000" /><testcase classname="tests.test_image_validate" name="test_empty_string_returns_empty" time="0.000" /><testcase classname="tests.test_image_validate" name="test_small_image_passes_through_unchanged" time="0.009" /><testcase classname="tests.test_image_validate" name="test_raw_base64_without_data_url_prefix_also_passes" time="0.001" /><testcase classname="tests.test_image_validate" name="test_medium_image_gets_auto_resized" time="1.553" /><testcase classname="tests.test_image_validate" name="test_png_with_transparency_gets_flattened_to_jpeg" time="0.084"><skipped type="pytest.skip" message="PNG size 19985 outside 2-5 MB window on this platform">/app/backend/tests/test_image_validate.py:108: PNG size 19985 outside 2-5 MB window on this platform</skipped></testcase><testcase classname="tests.test_image_validate" name="test_oversize_image_raises_413" time="3.455" /><testcase classname="tests.test_image_validate" name="test_invalid_base64_raises_400" time="0.000" /><testcase classname="tests.test_image_validate" name="test_non_string_raises_400" time="0.000" /><testcase classname="tests.test_image_validate" name="test_garbage_bytes_decoded_but_not_an_image_in_resize_branch" time="0.026" /><testcase classname="tests.test_image_validate" name="test_normalize_photos_list" time="0.003" /><testcase classname="tests.test_image_validate" name="test_normalize_photos_none_and_empty" time="0.000" /><testcase classname="tests.test_shares_compare_iteration22" name="test_backend_reachable" time="0.242" /><testcase classname="tests.test_shares_compare_iteration22" name="test_shares_requires_auth" time="0.132" /><testcase classname="tests.test_shares_compare_iteration22" name="test_shares_accepts_compare_type" time="0.465" /><testcase classname="tests.test_shares_compare_iteration22" name="test_shares_accepts_compare_type_no_period" time="0.101" /><testcase classname="tests.test_shares_compare_iteration22" name="test_shares_regression_existing_types[top_month]" time="0.101" /><testcase classname="tests.test_shares_compare_iteration22" name="test_shares_regression_existing_types[top_all]" time="0.101" /><testcase classname="tests.test_shares_compare_iteration22" name="test_shares_regression_existing_types[journey]" time="0.161" /><testcase classname="tests.test_shares_compare_iteration22" name="test_shares_regression_existing_types[rank]" time="0.109" /><testcase classname="tests.test_shares_compare_iteration22" name="test_shares_regression_existing_types[visit]" time="0.105" /><testcase classname="tests.test_shares_compare_iteration22" name="test_shares_rejects_invalid_type" time="0.113" /><testcase classname="tests.test_shares_compare_iteration22" name="test_admin_shares_stats_admin_ok" time="0.140" /><testcase classname="tests.test_shares_compare_iteration22" name="test_admin_shares_stats_rejects_non_admin" time="0.486" /><testcase classname="tests.test_shares_compare_iteration22" name="test_compare_landmark_happy_path" time="0.353" /><testcase classname="tests.test_shares_compare_iteration22" name="test_compare_landmark_403_non_friend" time="0.451" /><testcase classname="tests.test_shares_compare_iteration22" name="test_compare_landmark_has_private_visits_flag[admin_friend_shared_landmark0]" time="0.365" /><testcase classname="tests.test_shares_compare_iteration22" name="test_compare_landmark_requires_auth" time="0.120" /><testcase classname="tests.test_shares_compare_iteration22" name="test_friends_leaderboard_regression" time="0.102" /><testcase classname="tests.test_shares_compare_iteration22" name="test_friends_shared_places_regression" time="0.105" /><testcase classname="tests.test_friends_hub_iteration21" name="test_admin_login_returns_user" time="0.340" /><testcase classname="tests.test_friends_hub_iteration21" name="test_admin_pro_are_friends" time="0.451" /><testcase classname="tests.test_friends_hub_iteration21" name="test_leaderboard_metrics[points]" time="0.104" /><testcase classname="tests.test_friends_hub_iteration21" name="test_leaderboard_metrics[landmarks]" time="0.116" /><testcase classname="tests.test_friends_hub_iteration21" name="test_leaderboard_metrics[destinations]" time="0.119" /><testcase classname="tests.test_friends_hub_iteration21" name="test_leaderboard_metrics[continents]" time="0.108" /><testcase classname="tests.test_friends_hub_iteration21" name="test_leaderboard_rejects_bad_metric" time="0.113" /><testcase classname="tests.test_friends_hub_iteration21" name="test_leaderboard_requires_auth" time="0.122" /><testcase classname="tests.test_friends_hub_iteration21" name="test_shared_places_structure" time="0.102" /><testcase classname="tests.test_friends_hub_iteration21" name="test_activity_feed" time="0.105" /><testcase classname="tests.test_friends_hub_iteration21" name="test_compare_stats_friend" time="0.209" /><testcase classname="tests.test_friends_hub_iteration21" name="test_compare_stats_self" time="0.124" /><testcase classname="tests.test_friends_hub_iteration21" name="test_compare_stats_non_friend_403" time="0.449" /><testcase classname="tests.test_friends_hub_iteration21" name="test_country_overlap" time="0.107" /><testcase classname="tests.test_friends_hub_iteration21" name="test_country_overlap_non_friend_403" time="0.139" /><testcase classname="tests.test_friends_hub_iteration21" name="test_compare_landmark_happy_path" time="0.360" /><testcase classname="tests.test_friends_hub_iteration21" name="test_compare_landmark_404" time="0.111" /><testcase classname="tests.test_friends_hub_iteration21" name="test_compare_landmark_403_non_friend" time="0.112" /><testcase classname="tests.test_friends_hub_iteration21" name="test_group_stats_with_one_friend" time="0.119" /><testcase classname="tests.test_friends_hub_iteration21" name="test_group_stats_rejects_more_than_4" time="0.099" /><testcase classname="tests.test_friends_hub_iteration21" name="test_group_stats_rejects_non_friend" time="0.100" /><testcase classname="tests.test_refactor_regression_iteration23" name="test_user_overlap_friend_shape" time="0.559" /><testcase classname="tests.test_refactor_regression_iteration23" name="test_user_overlap_self" time="0.120" /><testcase classname="tests.test_refactor_regression_iteration23" name="test_user_overlap_requires_auth" time="0.115" /><testcase classname="tests.test_refactor_regression_iteration23" name="test_user_overlap_non_friend_403" time="0.451" /><testcase classname="tests.test_refactor_regression_iteration23" name="test_landmark_friends_visited_unknown_landmark" time="0.102" /><testcase classname="tests.test_refactor_regression_iteration23" name="test_landmark_friends_visited_known_landmark" time="0.106" /><testcase classname="tests.test_refactor_regression_iteration23" name="test_landmark_friends_visited_requires_auth" time="0.107" /><testcase classname="tests.test_refactor_regression_iteration23" name="test_user_profile_self" time="0.106" /><testcase classname="tests.test_refactor_regression_iteration23" name="test_user_profile_friend" time="0.107" /><testcase classname="tests.test_refactor_regression_iteration23" name="test_user_profile_requires_auth" time="0.108" /><testcase classname="tests.test_refactor_regression_iteration23" name="test_user_visits_self" time="0.104" /><testcase classname="tests.test_refactor_regression_iteration23" name="test_user_visits_friend" time="0.106" /><testcase classname="tests.test_refactor_regression_iteration23" name="test_user_activity_self" time="0.102" /><testcase classname="tests.test_refactor_regression_iteration23" name="test_user_activity_friend" time="0.115" /><testcase classname="tests.test_refactor_regression_iteration23" name="test_users_search_basic" time="0.105" /><testcase classname="tests.test_refactor_regression_iteration23" name="test_users_search_empty_query" time="0.108" /><testcase classname="tests.test_refactor_regression_iteration23" name="test_users_search_requires_auth" time="0.118" /><testcase classname="tests.test_refactor_regression_iteration23" name="test_friends_list" time="0.111" /><testcase classname="tests.test_refactor_regression_iteration23" name="test_friends_pending" time="0.122" /><testcase classname="tests.test_refactor_regression_iteration23" name="test_friends_sent" time="0.106" /><testcase classname="tests.test_refactor_regression_iteration23" name="test_friends_request_self_rejected" time="0.120" /><testcase classname="tests.test_refactor_regression_iteration23" name="test_friends_request_to_existing_friend_is_handled" time="0.256" /><testcase classname="tests.test_refactor_regression_iteration23" name="test_blocked_users_list" time="0.110" /><testcase classname="tests.test_refactor_regression_iteration23" name="test_friends_list_requires_auth" time="0.111" /><testcase classname="tests.test_refactor_regression_iteration23" name="test_leaderboard_still_under_friends_namespace" time="0.114" /><testcase classname="tests.test_refactor_regression_iteration23" name="test_compare_endpoint_still_reachable" time="0.109" /></testsuite></testsuites>