<?xml version="1.0" encoding="utf-8"?><testsuites name="pytest tests"><testsuite name="pytest" errors="0" failures="0" skipped="1" tests="17" time="3.198" timestamp="2026-04-20T09:39:00.955511+00:00" hostname="agent-env-76a8465e-0459-429c-9caa-5bb63764726d"><testcase classname="backend.tests.test_shares_compare_iteration22" name="test_backend_reachable" time="0.139" /><testcase classname="backend.tests.test_shares_compare_iteration22" name="test_shares_requires_auth" time="0.109" /><testcase classname="backend.tests.test_shares_compare_iteration22" name="test_shares_accepts_compare_type" time="0.480" /><testcase classname="backend.tests.test_shares_compare_iteration22" name="test_shares_accepts_compare_type_no_period" time="0.120" /><testcase classname="backend.tests.test_shares_compare_iteration22" name="test_shares_regression_existing_types[top_month]" time="0.103" /><testcase classname="backend.tests.test_shares_compare_iteration22" name="test_shares_regression_existing_types[top_all]" time="0.114" /><testcase classname="backend.tests.test_shares_compare_iteration22" name="test_shares_regression_existing_types[journey]" time="0.109" /><testcase classname="backend.tests.test_shares_compare_iteration22" name="test_shares_regression_existing_types[rank]" time="0.104" /><testcase classname="backend.tests.test_shares_compare_iteration22" name="test_shares_regression_existing_types[visit]" time="0.102" /><testcase classname="backend.tests.test_shares_compare_iteration22" name="test_shares_rejects_invalid_type" time="0.148" /><testcase classname="backend.tests.test_shares_compare_iteration22" name="test_admin_shares_stats_admin_ok" time="0.103" /><testcase classname="backend.tests.test_shares_compare_iteration22" name="test_admin_shares_stats_rejects_non_admin" time="0.448" /><testcase classname="backend.tests.test_shares_compare_iteration22" name="test_compare_landmark_happy_path" time="0.241"><skipped type="pytest.skip" message="No shared landmark between admin + friend in seed; happy-path verified structurally elsewhere">/app/backend/tests/test_shares_compare_iteration22.py:216: No shared landmark between admin + friend in seed; happy-path verified structurally elsewhere</skipped></testcase><testcase classname="backend.tests.test_shares_compare_iteration22" name="test_compare_landmark_403_non_friend" time="0.486" /><testcase classname="backend.tests.test_shares_compare_iteration22" name="test_compare_landmark_requires_auth" time="0.105" /><testcase classname="backend.tests.test_shares_compare_iteration22" name="test_friends_leaderboard_regression" time="0.116" /><testcase classname="backend.tests.test_shares_compare_iteration22" name="test_friends_shared_places_regression" time="0.106" /></testsuite></testsuites>