<?xml version="1.0" encoding="utf-8"?><testsuites name="pytest tests"><testsuite name="pytest" errors="0" failures="0" skipped="0" tests="9" time="0.037" timestamp="2026-05-05T09:42:57.454181+00:00" hostname="agent-env-f2d10763-6672-4d31-be19-4643291ffe13"><testcase classname="tests.test_data_integrity" name="test_no_visit_has_null_critical_fields" time="0.007" /><testcase classname="tests.test_data_integrity" name="test_every_user_has_explicit_role" time="0.001" /><testcase classname="tests.test_data_integrity" name="test_every_user_has_subscription_tier" time="0.001" /><testcase classname="tests.test_data_integrity" name="test_friendships_collection_does_not_exist" time="0.001" /><testcase classname="tests.test_data_integrity" name="test_verified_visits_have_photos" time="0.001" /><testcase classname="tests.test_data_integrity" name="test_unverified_visits_have_no_photos" time="0.001" /><testcase classname="tests.test_data_integrity" name="test_user_points_cache_not_negative" time="0.001" /><testcase classname="tests.test_data_integrity" name="test_user_leaderboard_points_not_negative" time="0.001" /><testcase classname="tests.test_data_integrity" name="test_landmark_points_field_present" time="0.001" /></testsuite></testsuites>