<?xml version="1.0" encoding="utf-8"?><testsuites name="pytest tests"><testsuite name="pytest" errors="0" failures="0" skipped="0" tests="26" time="9.958" timestamp="2026-04-28T14:57:43.862220+00:00" hostname="agent-env-f60240be-7cae-4fed-85bb-f0551665debe"><testcase classname="backend.tests.test_moderation_iteration31.TestContentHide" name="test_hide_photo_visit" time="0.519" /><testcase classname="backend.tests.test_moderation_iteration31.TestContentHide" name="test_hide_comment" time="0.200" /><testcase classname="backend.tests.test_moderation_iteration31.TestContentHide" name="test_hide_invalid_ctype" time="0.144" /><testcase classname="backend.tests.test_moderation_iteration31.TestContentHide" name="test_hide_404_visit" time="0.127" /><testcase classname="backend.tests.test_moderation_iteration31.TestContentHide" name="test_restore_photo" time="0.255" /><testcase classname="backend.tests.test_moderation_iteration31.TestContentHide" name="test_moderator_can_hide" time="0.612" /><testcase classname="backend.tests.test_moderation_iteration31.TestContentHide" name="test_pro_user_blocked_from_hide" time="0.501" /><testcase classname="backend.tests.test_moderation_iteration31.TestContentDelete" name="test_super_admin_can_delete" time="0.137" /><testcase classname="backend.tests.test_moderation_iteration31.TestContentDelete" name="test_moderator_blocked_from_delete" time="0.132" /><testcase classname="backend.tests.test_moderation_iteration31.TestWarnings" name="test_warn_user" time="0.296" /><testcase classname="backend.tests.test_moderation_iteration31.TestWarnings" name="test_warn_404_user" time="0.142" /><testcase classname="backend.tests.test_moderation_iteration31.TestWarnings" name="test_auto_suspend_at_3_warnings" time="0.381" /><testcase classname="backend.tests.test_moderation_iteration31.TestSuspension" name="test_suspend_user" time="0.285" /><testcase classname="backend.tests.test_moderation_iteration31.TestSuspension" name="test_suspend_clamps_invalid_high" time="0.257" /><testcase classname="backend.tests.test_moderation_iteration31.TestSuspension" name="test_suspend_clamps_invalid_low" time="0.270" /><testcase classname="backend.tests.test_moderation_iteration31.TestSuspension" name="test_unsuspend" time="0.319" /><testcase classname="backend.tests.test_moderation_iteration31.TestSuspensionAuthBlock" name="test_suspended_non_admin_blocked_on_me" time="1.249" /><testcase classname="backend.tests.test_moderation_iteration31.TestSuspensionAuthBlock" name="test_super_admin_bypasses_own_suspension" time="0.119" /><testcase classname="backend.tests.test_moderation_iteration31.TestMessage" name="test_message_user" time="0.171" /><testcase classname="backend.tests.test_moderation_iteration31.TestMessage" name="test_message_404_user" time="0.144" /><testcase classname="backend.tests.test_moderation_iteration31.TestModeratorActivity" name="test_super_admin_can_view" time="0.159" /><testcase classname="backend.tests.test_moderation_iteration31.TestModeratorActivity" name="test_moderator_blocked_from_activity" time="0.117" /><testcase classname="backend.tests.test_moderation_iteration31.TestAdminUserFilters" name="test_filter_has_warnings" time="0.223" /><testcase classname="backend.tests.test_moderation_iteration31.TestAdminUserFilters" name="test_filter_suspended" time="2.643" /><testcase classname="backend.tests.test_moderation_iteration31.TestHiddenFilter" name="test_hidden_visit_excluded_from_highlights" time="0.266" /><testcase classname="backend.tests.test_moderation_iteration31.TestHiddenFilter" name="test_hidden_visit_excluded_from_feed" time="0.256" /></testsuite></testsuites>