<?xml version="1.0" encoding="utf-8"?><testsuites name="pytest tests"><testsuite name="pytest" errors="0" failures="0" skipped="1" tests="21" time="3.737" timestamp="2026-04-20T09:27:09.753707+00:00" hostname="agent-env-68061293-37fe-4b63-9b01-31915993e51f"><testcase classname="backend.tests.test_friends_hub_iteration21" name="test_admin_login_returns_user" time="0.495" /><testcase classname="backend.tests.test_friends_hub_iteration21" name="test_admin_pro_are_friends" time="0.466" /><testcase classname="backend.tests.test_friends_hub_iteration21" name="test_leaderboard_metrics[points]" time="0.111" /><testcase classname="backend.tests.test_friends_hub_iteration21" name="test_leaderboard_metrics[landmarks]" time="0.109" /><testcase classname="backend.tests.test_friends_hub_iteration21" name="test_leaderboard_metrics[destinations]" time="0.106" /><testcase classname="backend.tests.test_friends_hub_iteration21" name="test_leaderboard_metrics[continents]" time="0.119" /><testcase classname="backend.tests.test_friends_hub_iteration21" name="test_leaderboard_rejects_bad_metric" time="0.103" /><testcase classname="backend.tests.test_friends_hub_iteration21" name="test_leaderboard_requires_auth" time="0.105" /><testcase classname="backend.tests.test_friends_hub_iteration21" name="test_shared_places_structure" time="0.105" /><testcase classname="backend.tests.test_friends_hub_iteration21" name="test_activity_feed" time="0.108" /><testcase classname="backend.tests.test_friends_hub_iteration21" name="test_compare_stats_friend" time="0.215" /><testcase classname="backend.tests.test_friends_hub_iteration21" name="test_compare_stats_self" time="0.106" /><testcase classname="backend.tests.test_friends_hub_iteration21" name="test_compare_stats_non_friend_403" time="0.452" /><testcase classname="backend.tests.test_friends_hub_iteration21" name="test_country_overlap" time="0.110" /><testcase classname="backend.tests.test_friends_hub_iteration21" name="test_country_overlap_non_friend_403" time="0.119" /><testcase classname="backend.tests.test_friends_hub_iteration21" name="test_compare_landmark_happy_path" time="0.154"><skipped type="pytest.skip" message="No shared landmarks between admin &amp; friends">/app/backend/tests/test_friends_hub_iteration21.py:202: No shared landmarks between admin &amp; friends</skipped></testcase><testcase classname="backend.tests.test_friends_hub_iteration21" name="test_compare_landmark_404" time="0.100" /><testcase classname="backend.tests.test_friends_hub_iteration21" name="test_compare_landmark_403_non_friend" time="0.132" /><testcase classname="backend.tests.test_friends_hub_iteration21" name="test_group_stats_with_one_friend" time="0.103" /><testcase classname="backend.tests.test_friends_hub_iteration21" name="test_group_stats_rejects_more_than_4" time="0.220" /><testcase classname="backend.tests.test_friends_hub_iteration21" name="test_group_stats_rejects_non_friend" time="0.118" /></testsuite></testsuites>