<?xml version="1.0" encoding="utf-8"?><testsuites name="pytest tests"><testsuite name="pytest" errors="0" failures="3" skipped="2" tests="290" time="106.003" timestamp="2026-05-02T00:19:44.967366+00:00" hostname="agent-env-f2d10763-6672-4d31-be19-4643291ffe13"><testcase classname="tests.test_admin_moderator_iteration29.TestReportsEnrichment" name="test_get_reports_returns_list" time="0.670" /><testcase classname="tests.test_admin_moderator_iteration29.TestReportsEnrichment" name="test_user_type_reports_have_target" time="0.142" /><testcase classname="tests.test_admin_moderator_iteration29.TestReportsEnrichment" name="test_photo_diary_activity_comment_reports_preview" time="0.177" /><testcase classname="tests.test_admin_moderator_iteration29.TestReportUpdateAudit" name="test_put_report_writes_reviewed_by_fields" time="0.865" /><testcase classname="tests.test_admin_moderator_iteration29.TestSuperAdminGating" name="test_moderator_cannot_recalculate_leaderboard" time="0.463" /><testcase classname="tests.test_admin_moderator_iteration29.TestSuperAdminGating" name="test_moderator_cannot_strip_verified" time="0.110" /><testcase classname="tests.test_admin_moderator_iteration29.TestSuperAdminGating" name="test_moderator_cannot_make_moderator" time="0.125" /><testcase classname="tests.test_admin_moderator_iteration29.TestSuperAdminGating" name="test_moderator_cannot_demote" time="0.131" /><testcase classname="tests.test_admin_moderator_iteration29.TestSuperAdminGating" name="test_moderator_cannot_change_role_via_put_user" time="0.120" /><testcase classname="tests.test_admin_moderator_iteration29.TestSuperAdminGating" name="test_super_admin_can_access_make_moderator_endpoint" time="0.119" /><testcase classname="tests.test_admin_moderator_iteration29.TestSuperAdminGating" name="test_super_admin_can_access_demote_endpoint" time="0.151" /><testcase classname="tests.test_admin_moderator_iteration29.TestModeratorRegression" name="test_mod_can_list_stats" time="0.143" /><testcase classname="tests.test_admin_moderator_iteration29.TestModeratorRegression" name="test_mod_can_list_users" time="0.106" /><testcase classname="tests.test_admin_moderator_iteration29.TestModeratorRegression" name="test_mod_can_list_reports" time="0.114" /><testcase classname="tests.test_admin_moderator_iteration29.TestModeratorRegression" name="test_mod_can_list_blocks" time="0.115" /><testcase classname="tests.test_admin_moderator_iteration29.TestModeratorRegression" name="test_mod_can_update_report_status" time="0.412" /><testcase classname="tests.test_admin_security" name="test_moderator_cannot_change_tier_via_users_endpoint" time="0.503" /><testcase classname="tests.test_admin_security" name="test_moderator_cannot_change_tier_via_tier_endpoint" time="0.008" /><testcase classname="tests.test_admin_security" name="test_super_admin_can_change_tier" time="0.254" /><testcase classname="tests.test_admin_security" name="test_super_admin_rate_limited_after_quota_exceeded" time="0.024" /><testcase classname="tests.test_admin_security" name="test_super_admin_can_raise_quota_to_unblock" time="0.025" /><testcase classname="tests.test_admin_security" name="test_tier_change_is_audit_logged" time="0.014" /><testcase classname="tests.test_admin_security" name="test_tier_quota_get_reflects_usage" time="0.014" /><testcase classname="tests.test_admin_security" name="test_super_admin_excluded_from_user_search" time="0.012" /><testcase classname="tests.test_admin_security" name="test_super_admin_excluded_from_global_leaderboard" time="0.011" /><testcase classname="tests.test_admin_security" name="test_moderator_message_is_anonymized" time="0.012" /><testcase classname="tests.test_brute_force_lockout" name="test_three_failures_trigger_lockout" time="0.981" /><testcase classname="tests.test_brute_force_lockout" name="test_successful_login_clears_lockout_counter" time="0.975" /><testcase classname="tests.test_community_features_iteration17.TestAuth" name="test_login_returns_access_token" time="0.376" /><testcase classname="tests.test_community_features_iteration17.TestGlobalCommunityHighlights" name="test_community_highlights_returns_200" time="0.484" /><testcase classname="tests.test_community_features_iteration17.TestGlobalCommunityHighlights" name="test_community_highlights_structure" time="0.115" /><testcase classname="tests.test_community_features_iteration17.TestGlobalCommunityHighlights" name="test_community_highlights_fields" time="0.123" /><testcase classname="tests.test_community_features_iteration17.TestGlobalCommunityHighlights" name="test_community_highlights_max_5" time="0.122" /><testcase classname="tests.test_community_features_iteration17.TestPhotoOfTheWeek" name="test_potw_returns_200" time="0.117" /><testcase classname="tests.test_community_features_iteration17.TestPhotoOfTheWeek" name="test_potw_structure" time="0.123" /><testcase classname="tests.test_community_features_iteration17.TestPhotoOfTheWeek" name="test_potw_photo_fields" time="0.141" /><testcase classname="tests.test_community_features_iteration17.TestPhotoOfTheWeek" name="test_potw_fallback_works" time="0.114" /><testcase classname="tests.test_community_features_iteration17.TestLandmarkCommunityPhotos" name="test_landmark_photos_returns_200" time="0.113" /><testcase classname="tests.test_community_features_iteration17.TestLandmarkCommunityPhotos" name="test_landmark_photos_structure" time="0.113" /><testcase classname="tests.test_community_features_iteration17.TestLandmarkCommunityPhotos" name="test_landmark_photos_diary_locked_field" time="0.124" /><testcase classname="tests.test_community_features_iteration17.TestLandmarkCommunityPhotos" name="test_landmark_photos_pro_user_diary_unlocked" time="0.154" /><testcase classname="tests.test_community_features_iteration17.TestLandmarkCommunityPhotos" name="test_landmark_photos_is_preview_false" time="0.129" /><testcase classname="tests.test_community_features_iteration17.TestLandmarkCommunityPhotos" name="test_landmark_photos_no_limit" time="0.134" /><testcase classname="tests.test_community_features_iteration17.TestLandmarkCommunityPhotos" name="test_landmark_photos_sort_popular" time="0.130" /><testcase classname="tests.test_community_features_iteration17.TestLandmarkCommunityPhotos" name="test_landmark_photos_sort_newest" time="0.119" /><testcase classname="tests.test_community_features_iteration17.TestLandmarkCommunityPhotos" name="test_landmark_photos_photo_fields" time="0.108" /><testcase classname="tests.test_community_features_iteration17.TestCountryCommunityPhotos" name="test_country_photos_returns_200" time="0.188" /><testcase classname="tests.test_community_features_iteration17.TestCountryCommunityPhotos" name="test_country_photos_structure" time="0.120" /><testcase classname="tests.test_community_features_iteration17.TestCountryCommunityPhotos" name="test_country_photos_diary_locked_field" time="0.123" /><testcase classname="tests.test_community_features_iteration17.TestCountryCommunityPhotos" name="test_country_photos_pro_user_diary_unlocked" time="0.141" /><testcase classname="tests.test_community_features_iteration17.TestCountryCommunityPhotos" name="test_country_photos_is_preview_false" time="0.115" /><testcase classname="tests.test_community_features_iteration17.TestCountryCommunityPhotos" name="test_country_photos_no_limit" time="0.133" /><testcase classname="tests.test_community_features_iteration17.TestCountryCommunityPhotos" name="test_country_photos_sort_popular" time="0.117" /><testcase classname="tests.test_community_features_iteration17.TestCountryCommunityPhotos" name="test_country_photos_sort_newest" time="0.125" /><testcase classname="tests.test_community_features_iteration17.TestUpvoteToggle" name="test_upvote_returns_200" time="0.110" /><testcase classname="tests.test_community_features_iteration17.TestUpvoteToggle" name="test_upvote_response_structure" time="0.119" /><testcase classname="tests.test_community_features_iteration17.TestUpvoteToggle" name="test_upvote_toggle" time="0.272" /><testcase classname="tests.test_community_features_iteration17.TestCommunityFeed" name="test_community_feed_returns_200" time="0.109" /><testcase classname="tests.test_community_features_iteration17.TestCommunityFeed" name="test_community_feed_structure" time="0.118" /><testcase classname="tests.test_community_features_iteration17.TestCommunityFeed" name="test_community_feed_item_fields" time="0.118" /><testcase classname="tests.test_community_features_iteration17.TestCommunityFeed" name="test_community_feed_limit_param" time="0.125" /><testcase classname="tests.test_community_features_iteration17.TestAuthRequired" name="test_community_highlights_requires_auth" time="0.136" /><testcase classname="tests.test_community_features_iteration17.TestAuthRequired" name="test_potw_requires_auth" time="0.145" /><testcase classname="tests.test_community_features_iteration17.TestAuthRequired" name="test_landmark_photos_requires_auth" time="0.105" /><testcase classname="tests.test_community_features_iteration17.TestAuthRequired" name="test_country_photos_requires_auth" time="0.110" /><testcase classname="tests.test_community_features_iteration17.TestAuthRequired" name="test_upvote_requires_auth" time="0.106" /><testcase classname="tests.test_community_features_iteration17.TestAuthRequired" name="test_community_feed_requires_auth" time="0.129" /><testcase classname="tests.test_community_highlight_iteration19.TestCommunityHighlightSingular" name="test_returns_single_highlight_with_required_fields" time="0.516" /><testcase classname="tests.test_community_highlight_iteration19.TestCommunityHighlightSingular" name="test_rotation_over_multiple_calls" time="1.796" /><testcase classname="tests.test_community_highlight_iteration19.TestCommunityHighlightSingular" name="test_pro_user_also_gets_highlight" time="0.479" /><testcase classname="tests.test_community_highlight_iteration19.TestCommunityHighlightsTop" name="test_returns_ranked_list_default_limit" time="0.114" /><testcase classname="tests.test_community_highlight_iteration19.TestCommunityHighlightsTop" name="test_limit_param_5" time="0.128" /><testcase classname="tests.test_community_highlight_iteration19.TestCommunityHighlightsTop" name="test_limit_param_10" time="0.119" /><testcase classname="tests.test_community_highlight_iteration19.TestCommunityHighlightsTop" name="test_custom_visits_included_with_source_custom" time="0.118"><skipped type="pytest.skip" message="No source='custom' in results. Seed data has 3 public custom visits but all have empty photos=[] and null landmarks[].photo. Additionally, the mongo query filters visits where photos is empty, so even if landmarks[].photo were set, those items would be excluded. Action: either seed custom visits with photos OR loosen the query (see community.py:1025-1029) to include visits whose landmarks[].photo are set.">/app/backend/tests/test_community_highlight_iteration19.py:140: No source='custom' in results. Seed data has 3 public custom visits but all have empty photos=[] and null landmarks[].photo. Additionally, the mongo query filters visits where photos is empty, so even if landmarks[].photo were set, those items would be excluded. Action: either seed custom visits with photos OR loosen the query (see community.py:1025-1029) to include visits whose landmarks[].photo are set.</skipped></testcase><testcase classname="tests.test_community_highlight_iteration19.TestInteractionSideEffects" name="test_like_updates_likes_count_and_is_liked" time="0.556" /><testcase classname="tests.test_community_highlight_iteration19.TestInteractionSideEffects" name="test_comment_updates_comments_count" time="0.514" /><testcase classname="tests.test_community_highlight_iteration19.TestRegression" name="test_community_feed_still_works" time="0.119" /><testcase classname="tests.test_community_highlight_iteration19.TestRegression" name="test_community_highlights_plural_trending_still_works" time="0.148" /><testcase classname="tests.test_community_highlight_iteration19.TestEmptyStateContract" name="test_empty_state_shape_when_no_items_top" time="0.116" /><testcase classname="tests.test_community_refactor_iteration26.TestCommunityHighlightsTop" name="test_top_default_all_scope" time="0.477" /><testcase classname="tests.test_community_refactor_iteration26.TestCommunityHighlightsTop" name="test_top_scope_month" time="0.114" /><testcase classname="tests.test_community_refactor_iteration26.TestCommunityHighlightsTop" name="test_top_continent_filter_returns_only_that_continent[Europe]" time="0.119" /><testcase classname="tests.test_community_refactor_iteration26.TestCommunityHighlightsTop" name="test_top_continent_filter_returns_only_that_continent[Asia]" time="0.127" /><testcase classname="tests.test_community_refactor_iteration26.TestCommunityHighlightsTop" name="test_top_continent_filter_returns_only_that_continent[Americas]" time="0.112" /><testcase classname="tests.test_community_refactor_iteration26.TestCommunityHighlightsTop" name="test_top_continent_filter_returns_only_that_continent[Africa]" time="0.110" /><testcase classname="tests.test_community_refactor_iteration26.TestCommunityHighlightsTop" name="test_top_continent_filter_returns_only_that_continent[Oceania]" time="0.114" /><testcase classname="tests.test_community_refactor_iteration26.TestCommunityHighlightsTop" name="test_top_invalid_scope_rejected" time="0.110" /><testcase classname="tests.test_community_refactor_iteration26.TestCommunityHighlightsTop" name="test_top_limit_clamped" time="0.163" /><testcase classname="tests.test_community_refactor_iteration26.TestCommunityHighlightsTop" name="test_legacy_single_highlight_endpoint_still_works" time="0.118" /><testcase classname="tests.test_community_refactor_iteration26.TestReportsDiaryType" name="test_create_diary_report_succeeds" time="0.493" /><testcase classname="tests.test_community_refactor_iteration26.TestReportsDiaryType" name="test_invalid_report_type_rejected" time="0.114" /><testcase classname="tests.test_community_refactor_iteration26.TestReportsDiaryType" name="test_diary_with_invalid_reason_rejected" time="0.112" /><testcase classname="tests.test_community_refactor_iteration26.TestReportsRateLimit" name="test_rate_limit_kicks_in_at_6th" time="2.389" /><testcase classname="tests.test_community_refactor_iteration26.TestReportsRateLimit" name="test_429_message_is_informative" time="0.493" /><testcase classname="tests.test_community_refactor_iteration26.TestRegressionExistingEndpoints" name="test_my_reports_endpoint" time="0.115" /><testcase classname="tests.test_community_refactor_iteration26.TestRegressionExistingEndpoints" name="test_unauth_top_highlights_rejected" time="0.108" /><testcase classname="tests.test_feed_parity_iteration18.TestCommunityFeedShape" name="test_community_feed_returns_items" time="0.481" /><testcase classname="tests.test_feed_parity_iteration18.TestCommunityFeedShape" name="test_community_feed_items_have_required_fields" time="0.112" /><testcase classname="tests.test_feed_parity_iteration18.TestCommunityFeedShape" name="test_community_feed_has_activity_id_for_both_sources" time="0.144" /><testcase classname="tests.test_feed_parity_iteration18.TestLikeParity" name="test_like_then_unlike_updates_community_feed" time="0.699" /><testcase classname="tests.test_feed_parity_iteration18.TestLikeParity" name="test_like_same_activity_twice_returns_400" time="0.591" /><testcase classname="tests.test_feed_parity_iteration18.TestCommentParity" name="test_add_then_delete_comment_updates_community_feed" time="0.615" /><testcase classname="tests.test_feed_parity_iteration18.TestFriendsFeed" name="test_feed_endpoint_returns_200" time="0.117" /><testcase classname="tests.test_feed_parity_iteration18.TestFriendsFeed" name="test_feed_items_have_likes_and_comments_fields" time="0.142" /><testcase classname="tests.test_feed_parity_iteration18.TestCommunityRegression" name="test_photo_of_the_week" time="0.112" /><testcase classname="tests.test_feed_parity_iteration18.TestCommunityRegression" name="test_landmark_community_photos" time="0.241" /><testcase classname="tests.test_friends_hub_iteration21" name="test_admin_login_returns_user" time="0.380" /><testcase classname="tests.test_friends_hub_iteration21" name="test_admin_pro_are_friends" time="0.468" /><testcase classname="tests.test_friends_hub_iteration21" name="test_leaderboard_metrics[points]" time="0.130" /><testcase classname="tests.test_friends_hub_iteration21" name="test_leaderboard_metrics[landmarks]" time="0.114" /><testcase classname="tests.test_friends_hub_iteration21" name="test_leaderboard_metrics[destinations]" time="0.113" /><testcase classname="tests.test_friends_hub_iteration21" name="test_leaderboard_metrics[continents]" time="0.108" /><testcase classname="tests.test_friends_hub_iteration21" name="test_leaderboard_rejects_bad_metric" time="0.107" /><testcase classname="tests.test_friends_hub_iteration21" name="test_leaderboard_requires_auth" time="0.143" /><testcase classname="tests.test_friends_hub_iteration21" name="test_shared_places_structure" time="0.141" /><testcase classname="tests.test_friends_hub_iteration21" name="test_activity_feed" time="0.115" /><testcase classname="tests.test_friends_hub_iteration21" name="test_compare_stats_friend" time="0.241" /><testcase classname="tests.test_friends_hub_iteration21" name="test_compare_stats_self" time="0.106" /><testcase classname="tests.test_friends_hub_iteration21" name="test_compare_stats_non_friend_403" time="0.446" /><testcase classname="tests.test_friends_hub_iteration21" name="test_country_overlap" time="0.106" /><testcase classname="tests.test_friends_hub_iteration21" name="test_country_overlap_non_friend_403" time="0.105" /><testcase classname="tests.test_friends_hub_iteration21" name="test_compare_landmark_happy_path" time="0.370"><failure message="assert 0 &gt;= 1&#10; +  where 0 = len([])">E   assert 0 &gt;= 1
     +  where 0 = len([])</failure></testcase><testcase classname="tests.test_friends_hub_iteration21" name="test_compare_landmark_404" time="0.115" /><testcase classname="tests.test_friends_hub_iteration21" name="test_compare_landmark_403_non_friend" time="0.112" /><testcase classname="tests.test_friends_hub_iteration21" name="test_group_stats_with_one_friend" time="0.117" /><testcase classname="tests.test_friends_hub_iteration21" name="test_group_stats_rejects_more_than_4" time="0.102" /><testcase classname="tests.test_friends_hub_iteration21" name="test_group_stats_rejects_non_friend" time="0.113" /><testcase classname="tests.test_image_normalization_observability" name="test_auto_resized_counter_increments" time="1.578" /><testcase classname="tests.test_image_normalization_observability" name="test_rejected_counter_increments" time="3.590" /><testcase classname="tests.test_image_normalization_observability" name="test_small_image_does_not_increment_counters" time="0.005" /><testcase classname="tests.test_image_normalization_observability" name="test_admin_stats_endpoint_returns_counters_and_thresholds" time="0.245" /><testcase classname="tests.test_image_normalization_observability" name="test_admin_stats_endpoint_requires_admin" time="0.244" /><testcase classname="tests.test_image_normalization_observability" name="test_admin_stats_endpoint_requires_auth" time="0.002" /><testcase classname="tests.test_image_validate" name="test_none_returns_none" time="0.000" /><testcase classname="tests.test_image_validate" name="test_empty_string_returns_empty" time="0.000" /><testcase classname="tests.test_image_validate" name="test_small_image_passes_through_unchanged" time="0.005" /><testcase classname="tests.test_image_validate" name="test_raw_base64_without_data_url_prefix_also_passes" time="0.001" /><testcase classname="tests.test_image_validate" name="test_medium_image_gets_auto_resized" time="1.536" /><testcase classname="tests.test_image_validate" name="test_png_with_transparency_gets_flattened_to_jpeg" time="0.088"><skipped type="pytest.skip" message="PNG size 19985 outside 2-5 MB window on this platform">/app/backend/tests/test_image_validate.py:108: PNG size 19985 outside 2-5 MB window on this platform</skipped></testcase><testcase classname="tests.test_image_validate" name="test_oversize_image_raises_413" time="3.453" /><testcase classname="tests.test_image_validate" name="test_invalid_base64_raises_400" time="0.008" /><testcase classname="tests.test_image_validate" name="test_non_string_raises_400" time="0.000" /><testcase classname="tests.test_image_validate" name="test_garbage_bytes_decoded_but_not_an_image_in_resize_branch" time="0.026" /><testcase classname="tests.test_image_validate" name="test_normalize_photos_list" time="0.003" /><testcase classname="tests.test_image_validate" name="test_normalize_photos_none_and_empty" time="0.000" /><testcase classname="tests.test_image_validate_live_endpoints_iteration24.TestAuthProfileImages" name="test_banner_huge_returns_413" time="3.674" /><testcase classname="tests.test_image_validate_live_endpoints_iteration24.TestAuthProfileImages" name="test_banner_medium_is_auto_resized" time="1.926" /><testcase classname="tests.test_image_validate_live_endpoints_iteration24.TestAuthProfileImages" name="test_banner_small_passes_through" time="0.014" /><testcase classname="tests.test_image_validate_live_endpoints_iteration24.TestAuthProfileImages" name="test_picture_huge_returns_413" time="0.063" /><testcase classname="tests.test_image_validate_live_endpoints_iteration24.TestAuthProfileImages" name="test_picture_medium_is_auto_resized" time="0.196" /><testcase classname="tests.test_image_validate_live_endpoints_iteration24.TestAuthProfileImages" name="test_picture_small_passes_through" time="0.009" /><testcase classname="tests.test_image_validate_live_endpoints_iteration24.TestAuthProfileImages" name="test_picture_invalid_base64_returns_400" time="0.002" /><testcase classname="tests.test_image_validate_live_endpoints_iteration24.TestVisitPhotos" name="test_visit_huge_returns_413" time="0.060" /><testcase classname="tests.test_image_validate_live_endpoints_iteration24.TestVisitPhotos" name="test_visit_medium_is_auto_resized" time="0.191" /><testcase classname="tests.test_image_validate_live_endpoints_iteration24.TestVisitPhotos" name="test_visit_small_passes_through" time="0.008" /><testcase classname="tests.test_image_validate_live_endpoints_iteration24.TestCountryVisitPhotos" name="test_country_huge_returns_413" time="0.059" /><testcase classname="tests.test_image_validate_live_endpoints_iteration24.TestCountryVisitPhotos" name="test_country_medium_is_auto_resized" time="0.176" /><testcase classname="tests.test_image_validate_live_endpoints_iteration24.TestCountryVisitPhotos" name="test_country_small_passes_through" time="0.019" /><testcase classname="tests.test_image_validate_live_endpoints_iteration24.TestUserCreatedVisitPhotos" name="test_ucv_huge_returns_413" time="0.060" /><testcase classname="tests.test_image_validate_live_endpoints_iteration24.TestUserCreatedVisitPhotos" name="test_ucv_medium_is_auto_resized" time="0.162" /><testcase classname="tests.test_image_validate_live_endpoints_iteration24.TestUserCreatedVisitPhotos" name="test_ucv_small_passes_through" time="0.005" /><testcase classname="tests.test_image_validate_live_endpoints_iteration24.TestMessageImage" name="test_message_huge_returns_413" time="0.060" /><testcase classname="tests.test_image_validate_live_endpoints_iteration24.TestMessageImage" name="test_message_medium_is_auto_resized" time="0.174" /><testcase classname="tests.test_image_validate_live_endpoints_iteration24.TestMessageImage" name="test_message_small_passes_through" time="0.005" /><testcase classname="tests.test_image_validate_live_endpoints_iteration24.TestBugReportScreenshots" name="test_bug_report_huge_returns_413" time="0.058" /><testcase classname="tests.test_image_validate_live_endpoints_iteration24.TestBugReportScreenshots" name="test_bug_report_medium_is_auto_resized" time="0.158" /><testcase classname="tests.test_image_validate_live_endpoints_iteration24.TestBugReportScreenshots" name="test_bug_report_small_passes_through" time="0.004" /><testcase classname="tests.test_image_validate_live_endpoints_iteration24.TestBugReportScreenshots" name="test_bug_report_invalid_base64_returns_400" time="0.003" /><testcase classname="tests.test_moderation_iteration31.TestContentHide" name="test_hide_photo_visit" time="0.262" /><testcase classname="tests.test_moderation_iteration31.TestContentHide" name="test_hide_comment" time="0.018" /><testcase classname="tests.test_moderation_iteration31.TestContentHide" name="test_hide_invalid_ctype" time="0.006" /><testcase classname="tests.test_moderation_iteration31.TestContentHide" name="test_hide_404_visit" time="0.024" /><testcase classname="tests.test_moderation_iteration31.TestContentHide" name="test_restore_photo" time="0.022" /><testcase classname="tests.test_moderation_iteration31.TestContentHide" name="test_moderator_can_hide" time="0.258" /><testcase classname="tests.test_moderation_iteration31.TestContentHide" name="test_pro_user_blocked_from_hide" time="0.251" /><testcase classname="tests.test_moderation_iteration31.TestContentDelete" name="test_super_admin_can_delete" time="0.014" /><testcase classname="tests.test_moderation_iteration31.TestContentDelete" name="test_moderator_blocked_from_delete" time="0.011" /><testcase classname="tests.test_moderation_iteration31.TestWarnings" name="test_warn_user" time="0.016" /><testcase classname="tests.test_moderation_iteration31.TestWarnings" name="test_warn_404_user" time="0.007" /><testcase classname="tests.test_moderation_iteration31.TestWarnings" name="test_auto_suspend_at_3_warnings" time="0.032" /><testcase classname="tests.test_moderation_iteration31.TestSuspension" name="test_suspend_user" time="0.022" /><testcase classname="tests.test_moderation_iteration31.TestSuspension" name="test_suspend_clamps_invalid_high" time="0.022" /><testcase classname="tests.test_moderation_iteration31.TestSuspension" name="test_suspend_clamps_invalid_low" time="0.024" /><testcase classname="tests.test_moderation_iteration31.TestSuspension" name="test_unsuspend" time="0.024" /><testcase classname="tests.test_moderation_iteration31.TestSuspensionAuthBlock" name="test_suspended_non_admin_blocked_on_me" time="0.522" /><testcase classname="tests.test_moderation_iteration31.TestSuspensionAuthBlock" name="test_super_admin_bypasses_own_suspension" time="0.008" /><testcase classname="tests.test_moderation_iteration31.TestMessage" name="test_message_user" time="0.011" /><testcase classname="tests.test_moderation_iteration31.TestMessage" name="test_message_404_user" time="0.007" /><testcase classname="tests.test_moderation_iteration31.TestModeratorActivity" name="test_super_admin_can_view" time="0.009" /><testcase classname="tests.test_moderation_iteration31.TestModeratorActivity" name="test_moderator_blocked_from_activity" time="0.005" /><testcase classname="tests.test_moderation_iteration31.TestAdminUserFilters" name="test_filter_has_warnings" time="0.017" /><testcase classname="tests.test_moderation_iteration31.TestAdminUserFilters" name="test_filter_suspended" time="0.025" /><testcase classname="tests.test_moderation_iteration31.TestHiddenFilter" name="test_hidden_visit_excluded_from_highlights" time="0.059" /><testcase classname="tests.test_moderation_iteration31.TestHiddenFilter" name="test_hidden_visit_excluded_from_feed" time="0.026" /><testcase classname="tests.test_refactor_regression_iteration23" name="test_user_overlap_friend_shape" time="0.674" /><testcase classname="tests.test_refactor_regression_iteration23" name="test_user_overlap_self" time="0.118" /><testcase classname="tests.test_refactor_regression_iteration23" name="test_user_overlap_requires_auth" time="0.134" /><testcase classname="tests.test_refactor_regression_iteration23" name="test_user_overlap_non_friend_403" time="0.543" /><testcase classname="tests.test_refactor_regression_iteration23" name="test_landmark_friends_visited_unknown_landmark" time="0.139" /><testcase classname="tests.test_refactor_regression_iteration23" name="test_landmark_friends_visited_known_landmark" time="0.118" /><testcase classname="tests.test_refactor_regression_iteration23" name="test_landmark_friends_visited_requires_auth" time="0.143" /><testcase classname="tests.test_refactor_regression_iteration23" name="test_user_profile_self" time="0.117" /><testcase classname="tests.test_refactor_regression_iteration23" name="test_user_profile_friend" time="0.113" /><testcase classname="tests.test_refactor_regression_iteration23" name="test_user_profile_requires_auth" time="0.109" /><testcase classname="tests.test_refactor_regression_iteration23" name="test_user_visits_self" time="0.121" /><testcase classname="tests.test_refactor_regression_iteration23" name="test_user_visits_friend" time="0.119" /><testcase classname="tests.test_refactor_regression_iteration23" name="test_user_activity_self" time="7.306" /><testcase classname="tests.test_refactor_regression_iteration23" name="test_user_activity_friend" time="0.138" /><testcase classname="tests.test_refactor_regression_iteration23" name="test_users_search_basic" time="0.109" /><testcase classname="tests.test_refactor_regression_iteration23" name="test_users_search_empty_query" time="0.112" /><testcase classname="tests.test_refactor_regression_iteration23" name="test_users_search_requires_auth" time="3.155" /><testcase classname="tests.test_refactor_regression_iteration23" name="test_friends_list" time="0.111" /><testcase classname="tests.test_refactor_regression_iteration23" name="test_friends_pending" time="0.108" /><testcase classname="tests.test_refactor_regression_iteration23" name="test_friends_sent" time="0.106" /><testcase classname="tests.test_refactor_regression_iteration23" name="test_friends_request_self_rejected" time="5.268" /><testcase classname="tests.test_refactor_regression_iteration23" name="test_friends_request_to_existing_friend_is_handled" time="0.266" /><testcase classname="tests.test_refactor_regression_iteration23" name="test_blocked_users_list" time="0.127" /><testcase classname="tests.test_refactor_regression_iteration23" name="test_friends_list_requires_auth" time="0.109" /><testcase classname="tests.test_refactor_regression_iteration23" name="test_leaderboard_still_under_friends_namespace" time="0.109" /><testcase classname="tests.test_refactor_regression_iteration23" name="test_compare_endpoint_still_reachable" time="0.125" /><testcase classname="tests.test_security_dashboard" name="test_dashboard_requires_super_admin" time="0.245" /><testcase classname="tests.test_security_dashboard" name="test_dashboard_returns_expected_shape" time="0.249" /><testcase classname="tests.test_security_dashboard" name="test_dashboard_requires_auth" time="0.002" /><testcase classname="tests.test_shares_compare_iteration22" name="test_backend_reachable" time="0.118" /><testcase classname="tests.test_shares_compare_iteration22" name="test_shares_requires_auth" time="0.118" /><testcase classname="tests.test_shares_compare_iteration22" name="test_shares_accepts_compare_type" time="0.472" /><testcase classname="tests.test_shares_compare_iteration22" name="test_shares_accepts_compare_type_no_period" time="0.111" /><testcase classname="tests.test_shares_compare_iteration22" name="test_shares_regression_existing_types[top_month]" time="15.128" /><testcase classname="tests.test_shares_compare_iteration22" name="test_shares_regression_existing_types[top_all]" time="0.173" /><testcase classname="tests.test_shares_compare_iteration22" name="test_shares_regression_existing_types[journey]" time="0.116" /><testcase classname="tests.test_shares_compare_iteration22" name="test_shares_regression_existing_types[rank]" time="0.106" /><testcase classname="tests.test_shares_compare_iteration22" name="test_shares_regression_existing_types[visit]" time="0.107" /><testcase classname="tests.test_shares_compare_iteration22" name="test_shares_rejects_invalid_type" time="0.111" /><testcase classname="tests.test_shares_compare_iteration22" name="test_admin_shares_stats_admin_ok" time="0.120" /><testcase classname="tests.test_shares_compare_iteration22" name="test_admin_shares_stats_rejects_non_admin" time="0.459" /><testcase classname="tests.test_shares_compare_iteration22" name="test_compare_landmark_happy_path" time="0.369"><failure message="AssertionError: me should have &gt;=1 photo from fixture&#10;assert 0 &gt;= 1">E   AssertionError: me should have &gt;=1 photo from fixture
    assert 0 &gt;= 1</failure></testcase><testcase classname="tests.test_shares_compare_iteration22" name="test_compare_landmark_403_non_friend" time="0.476" /><testcase classname="tests.test_shares_compare_iteration22" name="test_compare_landmark_has_private_visits_flag[admin_friend_shared_landmark0]" time="0.375"><failure message="AssertionError: has_private_visits should be True; got payload={'user_id': 'user_ff9a3f370f6b', 'username': 'socialtester', 'name': 'Social Tester', 'picture': None, 'visits': [], 'photo_count': 0, 'has_private_visits': False}&#10;assert False is True">E   AssertionError: has_private_visits should be True; got payload={'user_id': 'user_ff9a3f370f6b', 'username': 'socialtester', 'name': 'Social Tester', 'picture': None, 'visits': [], 'photo_count': 0, 'has_private_visits': False}
    assert False is True</failure></testcase><testcase classname="tests.test_shares_compare_iteration22" name="test_compare_landmark_requires_auth" time="0.109" /><testcase classname="tests.test_shares_compare_iteration22" name="test_friends_leaderboard_regression" time="0.118" /><testcase classname="tests.test_shares_compare_iteration22" name="test_friends_shared_places_regression" time="0.126" /><testcase classname="tests.test_visit_crud_iteration16.TestAuthLogin" name="test_login_returns_access_token" time="0.401" /><testcase classname="tests.test_visit_crud_iteration16.TestAuthLogin" name="test_login_premium_user" time="0.351" /><testcase classname="tests.test_visit_crud_iteration16.TestVisitsList" name="test_get_visits_list" time="0.458" /><testcase classname="tests.test_visit_crud_iteration16.TestVisitsList" name="test_get_visits_list_lightweight" time="0.471" /><testcase classname="tests.test_visit_crud_iteration16.TestVisitDetails" name="test_get_visit_details" time="0.594" /><testcase classname="tests.test_visit_crud_iteration16.TestVisitDetails" name="test_get_visit_not_found" time="0.512" /><testcase classname="tests.test_visit_crud_iteration16.TestVisitUpdate" name="test_update_diary_notes" time="0.722" /><testcase classname="tests.test_visit_crud_iteration16.TestVisitUpdate" name="test_update_photos_array" time="0.979" /><testcase classname="tests.test_visit_crud_iteration16.TestVisitUpdate" name="test_update_share_diary" time="0.817" /><testcase classname="tests.test_visit_crud_iteration16.TestVisitUpdate" name="test_update_visibility_via_main_endpoint_should_work" time="0.707" /><testcase classname="tests.test_visit_crud_iteration16.TestVisitPrivacy" name="test_update_privacy_to_public" time="0.588" /><testcase classname="tests.test_visit_crud_iteration16.TestVisitPrivacy" name="test_update_privacy_to_friends" time="0.727" /><testcase classname="tests.test_visit_crud_iteration16.TestVisitPrivacy" name="test_update_privacy_to_private" time="0.776" /><testcase classname="tests.test_visit_crud_iteration16.TestVisitPrivacy" name="test_update_privacy_invalid_value" time="0.581" /><testcase classname="tests.test_visit_crud_iteration16.TestVisitDelete" name="test_delete_visit_not_found" time="0.498" /><testcase classname="tests.test_visit_crud_iteration16.TestVisitDelete" name="test_delete_visit_flow" time="1.621" /><testcase classname="tests.test_visit_crud_iteration16.TestVisitStats" name="test_get_visit_stats" time="0.481" /><testcase classname="tests.test_wandermark_comprehensive_iteration15.TestAuthentication" name="test_login_success" time="0.351" /><testcase classname="tests.test_wandermark_comprehensive_iteration15.TestAuthentication" name="test_login_invalid_credentials" time="0.367" /><testcase classname="tests.test_wandermark_comprehensive_iteration15.TestContinentStats" name="test_continent_stats_structure" time="0.509" /><testcase classname="tests.test_wandermark_comprehensive_iteration15.TestContinentStats" name="test_continent_stats_country_counts" time="0.117" /><testcase classname="tests.test_wandermark_comprehensive_iteration15.TestContinentStats" name="test_continent_stats_landmark_counts" time="0.114" /><testcase classname="tests.test_wandermark_comprehensive_iteration15.TestCountriesAPI" name="test_countries_list" time="0.132" /><testcase classname="tests.test_wandermark_comprehensive_iteration15.TestCountriesAPI" name="test_oceania_countries" time="0.118" /><testcase classname="tests.test_wandermark_comprehensive_iteration15.TestCountriesAPI" name="test_europe_countries" time="0.116" /><testcase classname="tests.test_wandermark_comprehensive_iteration15.TestLandmarksAPI" name="test_hawaii_landmarks" time="0.125" /><testcase classname="tests.test_wandermark_comprehensive_iteration15.TestLandmarksAPI" name="test_norway_landmarks" time="0.108" /><testcase classname="tests.test_wandermark_comprehensive_iteration15.TestStatsAndProgressConsistency" name="test_points_consistency" time="0.262" /><testcase classname="tests.test_wandermark_comprehensive_iteration15.TestStatsAndProgressConsistency" name="test_stats_countries_visited" time="0.143" /><testcase classname="tests.test_wandermark_comprehensive_iteration15.TestStatsAndProgressConsistency" name="test_stats_continents_visited" time="0.112" /><testcase classname="tests.test_wandermark_comprehensive_iteration15.TestCountryVisits" name="test_country_visits_list" time="0.122" /><testcase classname="tests.test_wandermark_comprehensive_iteration15.TestSocialModules" name="test_leaderboard" time="0.115" /><testcase classname="tests.test_wandermark_comprehensive_iteration15.TestSocialModules" name="test_friends" time="0.116" /><testcase classname="tests.test_wandermark_comprehensive_iteration15.TestSocialModules" name="test_feed" time="0.120" /><testcase classname="tests.test_wandermark_comprehensive_iteration15.TestSocialModules" name="test_messages_conversations" time="0.134" /><testcase classname="tests.test_wandermark_comprehensive_iteration15.TestAchievements" name="test_achievements" time="0.108" /><testcase classname="tests.test_wandermark_comprehensive_iteration15.TestLegalEndpoints" name="test_privacy_policy" time="0.115" /><testcase classname="tests.test_wandermark_comprehensive_iteration15.TestLegalEndpoints" name="test_terms_of_service" time="0.130" /><testcase classname="tests.test_wandermark_comprehensive_iteration15.TestRateLimiting" name="test_rate_limit_active" time="0.563" /><testcase classname="tests.test_wandermark_comprehensive_iteration15.TestDatabaseIntegrity" name="test_no_duplicate_landmarks_per_country" time="1.235" /><testcase classname="tests.test_wandermark_comprehensive_iteration15.TestSocialModulesSplit" name="test_all_social_endpoints_accessible" time="0.733" /><testcase classname="tests.test_year_in_travel" name="test_year_in_travel_default_year" time="0.249" /><testcase classname="tests.test_year_in_travel" name="test_year_in_travel_specific_year" time="0.007" /><testcase classname="tests.test_year_in_travel" name="test_year_in_travel_with_seeded_data" time="0.007" /><testcase classname="tests.test_year_in_travel" name="test_dispatch_notification_idempotent" time="0.012" /><testcase classname="tests.test_year_in_travel" name="test_dispatch_notification_no_memories" time="0.003" /><testcase classname="tests.test_year_in_travel" name="test_year_in_travel_unauthenticated" time="0.002" /><testcase classname="tests.test_year_in_travel" name="test_year_recap_enabled_in_push_settings" time="0.003" /><testcase classname="tests.test_year_in_travel" name="test_year_recap_setting_can_be_toggled" time="0.014" /></testsuite></testsuites>