<?xml version="1.0" encoding="utf-8"?><testsuites name="pytest tests"><testsuite name="pytest" errors="0" failures="0" skipped="0" tests="17" time="3.828" timestamp="2026-05-07T10:30:02.608282+00:00" hostname="agent-env-3568a918-be9b-416a-ac5d-e401b9c1f9a7"><testcase classname="tests.test_admin_productivity.TestRecentActivity" name="test_missing_auth_returns_401" time="0.200" /><testcase classname="tests.test_admin_productivity.TestRecentActivity" name="test_non_admin_returns_403" time="0.486" /><testcase classname="tests.test_admin_productivity.TestRecentActivity" name="test_super_admin_returns_200" time="0.525" /><testcase classname="tests.test_admin_productivity.TestRecentActivity" name="test_moderator_can_access" time="0.491" /><testcase classname="tests.test_admin_productivity.TestExplainUser" name="test_super_admin_shape" time="0.116" /><testcase classname="tests.test_admin_productivity.TestExplainUser" name="test_non_existent_user_404" time="0.135" /><testcase classname="tests.test_admin_productivity.TestExplainUser" name="test_non_admin_403" time="0.124" /><testcase classname="tests.test_admin_productivity.TestBulkAction" name="test_empty_user_ids_422" time="0.143" /><testcase classname="tests.test_admin_productivity.TestBulkAction" name="test_too_many_user_ids_422" time="0.104" /><testcase classname="tests.test_admin_productivity.TestBulkAction" name="test_warn_increments_warnings_count" time="0.239" /><testcase classname="tests.test_admin_productivity.TestBulkAction" name="test_suspend_then_unsuspend" time="0.489" /><testcase classname="tests.test_admin_productivity.TestBulkAction" name="test_message_action_requires_body" time="0.143" /><testcase classname="tests.test_admin_productivity.TestBulkAction" name="test_message_action_creates_notification" time="0.129" /><testcase classname="tests.test_admin_productivity.TestBulkAction" name="test_non_existent_user_id_failure" time="0.129" /><testcase classname="tests.test_admin_productivity.TestAdminRegression" name="test_e2e_status" time="0.113" /><testcase classname="tests.test_admin_productivity.TestAdminRegression" name="test_admin_users_list" time="0.106" /><testcase classname="tests.test_admin_productivity.TestAdminRegression" name="test_lockdown_status" time="0.119" /></testsuite></testsuites>