<?xml version="1.0" encoding="utf-8"?><testsuites name="pytest tests"><testsuite name="pytest" errors="0" failures="0" skipped="0" tests="13" time="1.423" timestamp="2026-05-05T09:43:23.097131+00:00" hostname="agent-env-f2d10763-6672-4d31-be19-4643291ffe13"><testcase classname="tests.test_security_dashboard" name="test_dashboard_requires_super_admin" time="0.248" /><testcase classname="tests.test_security_dashboard" name="test_dashboard_returns_expected_shape" time="0.253" /><testcase classname="tests.test_security_dashboard" name="test_dashboard_requires_auth" time="0.002" /><testcase classname="tests.test_admin_security" name="test_moderator_cannot_change_tier_via_users_endpoint" time="0.495" /><testcase classname="tests.test_admin_security" name="test_moderator_cannot_change_tier_via_tier_endpoint" time="0.008" /><testcase classname="tests.test_admin_security" name="test_super_admin_can_change_tier" time="0.253" /><testcase classname="tests.test_admin_security" name="test_super_admin_rate_limited_after_quota_exceeded" time="0.038" /><testcase classname="tests.test_admin_security" name="test_super_admin_can_raise_quota_to_unblock" time="0.030" /><testcase classname="tests.test_admin_security" name="test_tier_change_is_audit_logged" time="0.013" /><testcase classname="tests.test_admin_security" name="test_tier_quota_get_reflects_usage" time="0.012" /><testcase classname="tests.test_admin_security" name="test_super_admin_excluded_from_user_search" time="0.013" /><testcase classname="tests.test_admin_security" name="test_super_admin_excluded_from_global_leaderboard" time="0.010" /><testcase classname="tests.test_admin_security" name="test_moderator_message_is_anonymized" time="0.017" /></testsuite></testsuites>