<?xml version="1.0" encoding="utf-8"?><testsuites name="pytest tests"><testsuite name="pytest" errors="0" failures="0" skipped="1" tests="12" time="4.657" timestamp="2026-04-19T18:07:18.148904+00:00" hostname="agent-env-a28677c9-9f0c-471b-a69d-09a5250c12f9"><testcase classname="backend.tests.test_community_highlight_iteration19.TestCommunityHighlightSingular" name="test_returns_single_highlight_with_required_fields" time="0.555" /><testcase classname="backend.tests.test_community_highlight_iteration19.TestCommunityHighlightSingular" name="test_rotation_over_multiple_calls" time="1.789" /><testcase classname="backend.tests.test_community_highlight_iteration19.TestCommunityHighlightSingular" name="test_pro_user_also_gets_highlight" time="0.497" /><testcase classname="backend.tests.test_community_highlight_iteration19.TestCommunityHighlightsTop" name="test_returns_ranked_list_default_limit" time="0.110" /><testcase classname="backend.tests.test_community_highlight_iteration19.TestCommunityHighlightsTop" name="test_limit_param_5" time="0.137" /><testcase classname="backend.tests.test_community_highlight_iteration19.TestCommunityHighlightsTop" name="test_limit_param_10" time="0.117" /><testcase classname="backend.tests.test_community_highlight_iteration19.TestCommunityHighlightsTop" name="test_custom_visits_included_with_source_custom" time="0.115"><skipped type="pytest.skip" message="No source='custom' in results. Seed data has 3 public custom visits but all have empty photos=[] and null landmarks[].photo. Additionally, the mongo query filters visits where photos is empty, so even if landmarks[].photo were set, those items would be excluded. Action: either seed custom visits with photos OR loosen the query (see community.py:1025-1029) to include visits whose landmarks[].photo are set.">/app/backend/tests/test_community_highlight_iteration19.py:140: No source='custom' in results. Seed data has 3 public custom visits but all have empty photos=[] and null landmarks[].photo. Additionally, the mongo query filters visits where photos is empty, so even if landmarks[].photo were set, those items would be excluded. Action: either seed custom visits with photos OR loosen the query (see community.py:1025-1029) to include visits whose landmarks[].photo are set.</skipped></testcase><testcase classname="backend.tests.test_community_highlight_iteration19.TestInteractionSideEffects" name="test_like_updates_likes_count_and_is_liked" time="0.465" /><testcase classname="backend.tests.test_community_highlight_iteration19.TestInteractionSideEffects" name="test_comment_updates_comments_count" time="0.442" /><testcase classname="backend.tests.test_community_highlight_iteration19.TestRegression" name="test_community_feed_still_works" time="0.128" /><testcase classname="backend.tests.test_community_highlight_iteration19.TestRegression" name="test_community_highlights_plural_trending_still_works" time="0.115" /><testcase classname="backend.tests.test_community_highlight_iteration19.TestEmptyStateContract" name="test_empty_state_shape_when_no_items_top" time="0.121" /></testsuite></testsuites>