<?xml version="1.0" encoding="utf-8"?><testsuites name="pytest tests"><testsuite name="pytest" errors="0" failures="0" skipped="0" tests="23" time="7.087" timestamp="2026-04-20T10:35:16.799834+00:00" hostname="agent-env-76a8465e-0459-429c-9caa-5bb63764726d"><testcase classname="tests.test_image_validate_live_endpoints_iteration24.TestAuthProfileImages" name="test_banner_huge_returns_413" time="3.705" /><testcase classname="tests.test_image_validate_live_endpoints_iteration24.TestAuthProfileImages" name="test_banner_medium_is_auto_resized" time="1.897" /><testcase classname="tests.test_image_validate_live_endpoints_iteration24.TestAuthProfileImages" name="test_banner_small_passes_through" time="0.013" /><testcase classname="tests.test_image_validate_live_endpoints_iteration24.TestAuthProfileImages" name="test_picture_huge_returns_413" time="0.060" /><testcase classname="tests.test_image_validate_live_endpoints_iteration24.TestAuthProfileImages" name="test_picture_medium_is_auto_resized" time="0.186" /><testcase classname="tests.test_image_validate_live_endpoints_iteration24.TestAuthProfileImages" name="test_picture_small_passes_through" time="0.008" /><testcase classname="tests.test_image_validate_live_endpoints_iteration24.TestAuthProfileImages" name="test_picture_invalid_base64_returns_400" time="0.002" /><testcase classname="tests.test_image_validate_live_endpoints_iteration24.TestVisitPhotos" name="test_visit_huge_returns_413" time="0.056" /><testcase classname="tests.test_image_validate_live_endpoints_iteration24.TestVisitPhotos" name="test_visit_medium_is_auto_resized" time="0.183" /><testcase classname="tests.test_image_validate_live_endpoints_iteration24.TestVisitPhotos" name="test_visit_small_passes_through" time="0.007" /><testcase classname="tests.test_image_validate_live_endpoints_iteration24.TestCountryVisitPhotos" name="test_country_huge_returns_413" time="0.055" /><testcase classname="tests.test_image_validate_live_endpoints_iteration24.TestCountryVisitPhotos" name="test_country_medium_is_auto_resized" time="0.166" /><testcase classname="tests.test_image_validate_live_endpoints_iteration24.TestCountryVisitPhotos" name="test_country_small_passes_through" time="0.016" /><testcase classname="tests.test_image_validate_live_endpoints_iteration24.TestUserCreatedVisitPhotos" name="test_ucv_huge_returns_413" time="0.056" /><testcase classname="tests.test_image_validate_live_endpoints_iteration24.TestUserCreatedVisitPhotos" name="test_ucv_medium_is_auto_resized" time="0.158" /><testcase classname="tests.test_image_validate_live_endpoints_iteration24.TestUserCreatedVisitPhotos" name="test_ucv_small_passes_through" time="0.005" /><testcase classname="tests.test_image_validate_live_endpoints_iteration24.TestMessageImage" name="test_message_huge_returns_413" time="0.055" /><testcase classname="tests.test_image_validate_live_endpoints_iteration24.TestMessageImage" name="test_message_medium_is_auto_resized" time="0.181" /><testcase classname="tests.test_image_validate_live_endpoints_iteration24.TestMessageImage" name="test_message_small_passes_through" time="0.004" /><testcase classname="tests.test_image_validate_live_endpoints_iteration24.TestBugReportScreenshots" name="test_bug_report_huge_returns_413" time="0.054" /><testcase classname="tests.test_image_validate_live_endpoints_iteration24.TestBugReportScreenshots" name="test_bug_report_medium_is_auto_resized" time="0.153" /><testcase classname="tests.test_image_validate_live_endpoints_iteration24.TestBugReportScreenshots" name="test_bug_report_small_passes_through" time="0.004" /><testcase classname="tests.test_image_validate_live_endpoints_iteration24.TestBugReportScreenshots" name="test_bug_report_invalid_base64_returns_400" time="0.005" /></testsuite></testsuites>