<?xml version="1.0" encoding="utf-8"?><testsuites name="pytest tests"><testsuite name="pytest" errors="0" failures="0" skipped="0" tests="26" time="6.720" timestamp="2026-04-27T11:42:36.608455+00:00" hostname="agent-env-1d6981ea-7c88-4590-b26f-5ac9e0debdaa"><testcase classname="tests.test_moderation_iteration31.TestContentHide" name="test_hide_photo_visit" time="0.582" /><testcase classname="tests.test_moderation_iteration31.TestContentHide" name="test_hide_comment" time="0.120" /><testcase classname="tests.test_moderation_iteration31.TestContentHide" name="test_hide_invalid_ctype" time="0.109" /><testcase classname="tests.test_moderation_iteration31.TestContentHide" name="test_hide_404_visit" time="0.109" /><testcase classname="tests.test_moderation_iteration31.TestContentHide" name="test_restore_photo" time="0.238" /><testcase classname="tests.test_moderation_iteration31.TestContentHide" name="test_moderator_can_hide" time="0.463" /><testcase classname="tests.test_moderation_iteration31.TestContentHide" name="test_pro_user_blocked_from_hide" time="0.454" /><testcase classname="tests.test_moderation_iteration31.TestContentDelete" name="test_super_admin_can_delete" time="0.127" /><testcase classname="tests.test_moderation_iteration31.TestContentDelete" name="test_moderator_blocked_from_delete" time="0.120" /><testcase classname="tests.test_moderation_iteration31.TestWarnings" name="test_warn_user" time="0.249" /><testcase classname="tests.test_moderation_iteration31.TestWarnings" name="test_warn_404_user" time="0.103" /><testcase classname="tests.test_moderation_iteration31.TestWarnings" name="test_auto_suspend_at_3_warnings" time="0.326" /><testcase classname="tests.test_moderation_iteration31.TestSuspension" name="test_suspend_user" time="0.290" /><testcase classname="tests.test_moderation_iteration31.TestSuspension" name="test_suspend_clamps_invalid_high" time="0.212" /><testcase classname="tests.test_moderation_iteration31.TestSuspension" name="test_suspend_clamps_invalid_low" time="0.220" /><testcase classname="tests.test_moderation_iteration31.TestSuspension" name="test_unsuspend" time="0.227" /><testcase classname="tests.test_moderation_iteration31.TestSuspensionAuthBlock" name="test_suspended_non_admin_blocked_on_me" time="1.138" /><testcase classname="tests.test_moderation_iteration31.TestSuspensionAuthBlock" name="test_super_admin_bypasses_own_suspension" time="0.132" /><testcase classname="tests.test_moderation_iteration31.TestMessage" name="test_message_user" time="0.118" /><testcase classname="tests.test_moderation_iteration31.TestMessage" name="test_message_404_user" time="0.109" /><testcase classname="tests.test_moderation_iteration31.TestModeratorActivity" name="test_super_admin_can_view" time="0.108" /><testcase classname="tests.test_moderation_iteration31.TestModeratorActivity" name="test_moderator_blocked_from_activity" time="0.110" /><testcase classname="tests.test_moderation_iteration31.TestAdminUserFilters" name="test_filter_has_warnings" time="0.215" /><testcase classname="tests.test_moderation_iteration31.TestAdminUserFilters" name="test_filter_suspended" time="0.331" /><testcase classname="tests.test_moderation_iteration31.TestHiddenFilter" name="test_hidden_visit_excluded_from_highlights" time="0.224" /><testcase classname="tests.test_moderation_iteration31.TestHiddenFilter" name="test_hidden_visit_excluded_from_feed" time="0.229" /></testsuite></testsuites>