<?xml version="1.0" encoding="utf-8"?><testsuites name="pytest tests"><testsuite name="pytest" errors="0" failures="0" skipped="0" tests="6" time="1.357" timestamp="2026-04-28T14:57:34.399774+00:00" hostname="agent-env-f60240be-7cae-4fed-85bb-f0551665debe"><testcase classname="backend.tests.test_year_in_travel" name="test_year_in_travel_default_year" time="0.602" /><testcase classname="backend.tests.test_year_in_travel" name="test_year_in_travel_specific_year" time="0.124" /><testcase classname="backend.tests.test_year_in_travel" name="test_year_in_travel_with_seeded_data" time="0.123" /><testcase classname="backend.tests.test_year_in_travel" name="test_dispatch_notification_idempotent" time="0.254" /><testcase classname="backend.tests.test_year_in_travel" name="test_dispatch_notification_no_memories" time="0.126" /><testcase classname="backend.tests.test_year_in_travel" name="test_year_in_travel_unauthenticated" time="0.112" /></testsuite></testsuites>