<?xml version="1.0" encoding="utf-8"?><testsuites name="pytest tests"><testsuite name="pytest" errors="0" failures="0" skipped="0" tests="17" time="1.028" timestamp="2026-03-03T22:08:13.010668+00:00" hostname="agent-env-261de6ee-38c5-45f8-b932-38a45403075b"><testcase classname="backend.tests.test_bug_fix_iteration19.TestP0CriticalBugFixes" name="test_stats_endpoint_returns_correct_fields" time="0.671" /><testcase classname="backend.tests.test_bug_fix_iteration19.TestP0CriticalBugFixes" name="test_continent_stats_has_5_continents" time="0.153" /><testcase classname="backend.tests.test_bug_fix_iteration19.TestP1MediumPriorityFixes" name="test_statistics_continent_icons_has_americas_not_south_america" time="0.000" /><testcase classname="backend.tests.test_bug_fix_iteration19.TestP1MediumPriorityFixes" name="test_points_summary_has_6_how_points_work_entries" time="0.000" /><testcase classname="backend.tests.test_bug_fix_iteration19.TestP1MediumPriorityFixes" name="test_continents_fallback_data_updated" time="0.000" /><testcase classname="backend.tests.test_bug_fix_iteration19.TestP2LowPriorityFixes" name="test_streak_display_deleted" time="0.000" /><testcase classname="backend.tests.test_bug_fix_iteration19.TestP2LowPriorityFixes" name="test_backend_social_returns_hardcoded_streak_zero" time="0.000" /><testcase classname="backend.tests.test_bug_fix_iteration19.TestP2LowPriorityFixes" name="test_leaderboard_response_has_hardcoded_streaks" time="0.121" /><testcase classname="backend.tests.test_bug_fix_iteration19.TestP3MinorFixes" name="test_leaderboard_has_share_ranking_button" time="0.000" /><testcase classname="backend.tests.test_bug_fix_iteration19.TestP3MinorFixes" name="test_visit_detail_has_share_in_content" time="0.000" /><testcase classname="backend.tests.test_bug_fix_iteration19.TestP3MinorFixes" name="test_backend_scripts_moved" time="0.000" /><testcase classname="backend.tests.test_bug_fix_iteration19.TestCodeVerification" name="test_journey_continents_shows_5" time="0.000" /><testcase classname="backend.tests.test_bug_fix_iteration19.TestCodeVerification" name="test_points_summary_uses_api_stats_not_profile" time="0.000" /><testcase classname="backend.tests.test_bug_fix_iteration19.TestCodeVerification" name="test_country_visit_detail_no_options_menu" time="0.001" /><testcase classname="backend.tests.test_bug_fix_iteration19.TestCodeVerification" name="test_visit_detail_no_share_in_header" time="0.000" /><testcase classname="backend.tests.test_bug_fix_iteration19.TestCodeVerification" name="test_journey_no_share_in_stats_header" time="0.000" /><testcase classname="backend.tests.test_bug_fix_iteration19.TestLeaderboardInterfaceNoStreak" name="test_leaderboard_interface_no_streak_fields" time="0.000" /></testsuite></testsuites>