<?xml version="1.0" encoding="utf-8"?><testsuites name="pytest tests"><testsuite name="pytest" errors="0" failures="0" skipped="0" tests="19" time="4.397" timestamp="2026-03-05T17:58:44.633077+00:00" hostname="agent-env-b431feb6-1679-43db-bf8c-f7dd496218a9"><testcase classname="backend.tests.test_comment_integration.TestVisitDetailsWithActivityId" name="test_visit_details_returns_activity_id" time="0.651" /><testcase classname="backend.tests.test_comment_integration.TestVisitDetailsWithActivityId" name="test_visit_details_returns_comments_count" time="0.082" /><testcase classname="backend.tests.test_comment_integration.TestVisitDetailsWithActivityId" name="test_visit_details_has_required_fields" time="0.064" /><testcase classname="backend.tests.test_comment_integration.TestGetActivityComments" name="test_get_comments_returns_list" time="0.077" /><testcase classname="backend.tests.test_comment_integration.TestGetActivityComments" name="test_get_comments_for_nonexistent_activity" time="0.064" /><testcase classname="backend.tests.test_comment_integration.TestAddComment" name="test_add_comment" time="0.072" /><testcase classname="backend.tests.test_comment_integration.TestAddComment" name="test_add_comment_to_nonexistent_activity" time="0.068" /><testcase classname="backend.tests.test_comment_integration.TestAddReply" name="test_add_reply_to_comment" time="0.324" /><testcase classname="backend.tests.test_comment_integration.TestDeleteComment" name="test_delete_own_comment" time="0.120" /><testcase classname="backend.tests.test_comment_integration.TestDeleteComment" name="test_cannot_delete_others_comment" time="0.639" /><testcase classname="backend.tests.test_comment_integration.TestDeleteComment" name="test_delete_nonexistent_comment" time="0.079" /><testcase classname="backend.tests.test_comment_integration.TestLikeComment" name="test_like_comment" time="0.290" /><testcase classname="backend.tests.test_comment_integration.TestLikeComment" name="test_like_comment_twice_fails" time="0.413" /><testcase classname="backend.tests.test_comment_integration.TestLikeComment" name="test_like_nonexistent_comment" time="0.068" /><testcase classname="backend.tests.test_comment_integration.TestUnlikeComment" name="test_unlike_comment" time="0.275" /><testcase classname="backend.tests.test_comment_integration.TestUnlikeComment" name="test_unlike_not_liked_comment" time="0.216" /><testcase classname="backend.tests.test_comment_integration.TestCommentPermissions" name="test_check_user_profile_has_comment_permission" time="0.138" /><testcase classname="backend.tests.test_comment_integration.TestCommentFullFlow" name="test_complete_comment_flow" time="0.518" /><testcase classname="backend.tests.test_comment_integration.TestCleanup" name="test_cleanup_test_comments" time="0.153" /></testsuite></testsuites>