<?xml version="1.0" encoding="utf-8"?><testsuites name="pytest tests"><testsuite name="pytest" errors="0" failures="0" skipped="0" tests="25" time="10.413" timestamp="2026-03-06T10:42:37.122125+00:00" hostname="agent-env-c3174246-a350-4d6e-b71f-018b3a15705e"><testcase classname="backend.tests.test_cleanup_regression.TestAuthEndpoints" name="test_login_success" time="0.588" /><testcase classname="backend.tests.test_cleanup_regression.TestAuthEndpoints" name="test_login_invalid_credentials" time="0.151" /><testcase classname="backend.tests.test_cleanup_regression.TestAuthEndpoints" name="test_get_me_authenticated" time="0.443" /><testcase classname="backend.tests.test_cleanup_regression.TestAuthEndpoints" name="test_get_me_unauthenticated" time="0.139" /><testcase classname="backend.tests.test_cleanup_regression.TestNotificationEndpoints" name="test_get_notifications" time="0.406" /><testcase classname="backend.tests.test_cleanup_regression.TestNotificationEndpoints" name="test_get_unread_count" time="0.437" /><testcase classname="backend.tests.test_cleanup_regression.TestAchievementsEndpoints" name="test_get_achievements" time="0.407" /><testcase classname="backend.tests.test_cleanup_regression.TestFeedEndpoints" name="test_get_feed" time="0.445" /><testcase classname="backend.tests.test_cleanup_regression.TestFeedEndpoints" name="test_get_leaderboard" time="0.449" /><testcase classname="backend.tests.test_cleanup_regression.TestFeedEndpoints" name="test_get_leaderboard_weekly" time="0.397" /><testcase classname="backend.tests.test_cleanup_regression.TestContentEndpoints" name="test_get_countries" time="0.467" /><testcase classname="backend.tests.test_cleanup_regression.TestContentEndpoints" name="test_get_landmarks" time="0.465" /><testcase classname="backend.tests.test_cleanup_regression.TestContentEndpoints" name="test_landmarks_with_filters" time="0.440" /><testcase classname="backend.tests.test_cleanup_regression.TestCommunityEndpoints" name="test_get_community_feed" time="0.494" /><testcase classname="backend.tests.test_cleanup_regression.TestCommunityEndpoints" name="test_get_photo_of_the_week" time="0.461" /><testcase classname="backend.tests.test_cleanup_regression.TestReportEndpoints" name="test_reports_endpoint_accessible" time="0.398" /><testcase classname="backend.tests.test_cleanup_regression.TestSubscriptionEndpoints" name="test_subscription_status" time="0.426" /><testcase classname="backend.tests.test_cleanup_regression.TestStatsEndpoints" name="test_get_stats" time="0.391" /><testcase classname="backend.tests.test_cleanup_regression.TestStatsEndpoints" name="test_get_progress" time="0.401" /><testcase classname="backend.tests.test_cleanup_regression.TestVisitsEndpoints" name="test_get_visits" time="0.405" /><testcase classname="backend.tests.test_cleanup_regression.TestVisitsEndpoints" name="test_get_visits_stats" time="0.401" /><testcase classname="backend.tests.test_cleanup_regression.TestPrivacySettings" name="test_privacy_endpoint_exists" time="0.406" /><testcase classname="backend.tests.test_cleanup_regression.TestFriendsEndpoints" name="test_get_friends" time="0.390" /><testcase classname="backend.tests.test_cleanup_regression.TestFriendsEndpoints" name="test_get_pending_requests" time="0.395" /><testcase classname="backend.tests.test_cleanup_regression.TestPromoEndpoints" name="test_redeem_invalid_code" time="0.403" /></testsuite></testsuites>