<?xml version="1.0" encoding="utf-8"?><testsuites name="pytest tests"><testsuite name="pytest" errors="0" failures="0" skipped="0" tests="24" time="6.381" timestamp="2026-03-09T12:36:14.878967+00:00" hostname="agent-env-1f3aeff7-0808-402f-b356-4c97755eab4b"><testcase classname="backend.tests.test_wandermark_comprehensive_iteration15.TestAuthentication" name="test_login_success" time="0.392" /><testcase classname="backend.tests.test_wandermark_comprehensive_iteration15.TestAuthentication" name="test_login_invalid_credentials" time="0.847" /><testcase classname="backend.tests.test_wandermark_comprehensive_iteration15.TestContinentStats" name="test_continent_stats_structure" time="0.450" /><testcase classname="backend.tests.test_wandermark_comprehensive_iteration15.TestContinentStats" name="test_continent_stats_country_counts" time="0.116" /><testcase classname="backend.tests.test_wandermark_comprehensive_iteration15.TestContinentStats" name="test_continent_stats_landmark_counts" time="0.139" /><testcase classname="backend.tests.test_wandermark_comprehensive_iteration15.TestCountriesAPI" name="test_countries_list" time="0.110" /><testcase classname="backend.tests.test_wandermark_comprehensive_iteration15.TestCountriesAPI" name="test_oceania_countries" time="0.116" /><testcase classname="backend.tests.test_wandermark_comprehensive_iteration15.TestCountriesAPI" name="test_europe_countries" time="0.109" /><testcase classname="backend.tests.test_wandermark_comprehensive_iteration15.TestLandmarksAPI" name="test_hawaii_landmarks" time="0.108" /><testcase classname="backend.tests.test_wandermark_comprehensive_iteration15.TestLandmarksAPI" name="test_norway_landmarks" time="0.123" /><testcase classname="backend.tests.test_wandermark_comprehensive_iteration15.TestStatsAndProgressConsistency" name="test_points_consistency" time="0.221" /><testcase classname="backend.tests.test_wandermark_comprehensive_iteration15.TestStatsAndProgressConsistency" name="test_stats_countries_visited" time="0.105" /><testcase classname="backend.tests.test_wandermark_comprehensive_iteration15.TestStatsAndProgressConsistency" name="test_stats_continents_visited" time="0.109" /><testcase classname="backend.tests.test_wandermark_comprehensive_iteration15.TestCountryVisits" name="test_country_visits_list" time="0.115" /><testcase classname="backend.tests.test_wandermark_comprehensive_iteration15.TestSocialModules" name="test_leaderboard" time="0.116" /><testcase classname="backend.tests.test_wandermark_comprehensive_iteration15.TestSocialModules" name="test_friends" time="0.103" /><testcase classname="backend.tests.test_wandermark_comprehensive_iteration15.TestSocialModules" name="test_feed" time="0.101" /><testcase classname="backend.tests.test_wandermark_comprehensive_iteration15.TestSocialModules" name="test_messages_conversations" time="0.114" /><testcase classname="backend.tests.test_wandermark_comprehensive_iteration15.TestAchievements" name="test_achievements" time="0.105" /><testcase classname="backend.tests.test_wandermark_comprehensive_iteration15.TestLegalEndpoints" name="test_privacy_policy" time="0.098" /><testcase classname="backend.tests.test_wandermark_comprehensive_iteration15.TestLegalEndpoints" name="test_terms_of_service" time="0.100" /><testcase classname="backend.tests.test_wandermark_comprehensive_iteration15.TestRateLimiting" name="test_rate_limit_active" time="0.546" /><testcase classname="backend.tests.test_wandermark_comprehensive_iteration15.TestDatabaseIntegrity" name="test_no_duplicate_landmarks_per_country" time="1.260" /><testcase classname="backend.tests.test_wandermark_comprehensive_iteration15.TestSocialModulesSplit" name="test_all_social_endpoints_accessible" time="0.697" /></testsuite></testsuites>