<?xml version="1.0" encoding="utf-8"?><testsuites name="pytest tests"><testsuite name="pytest" errors="0" failures="0" skipped="0" tests="35" time="6.440" timestamp="2026-03-05T16:15:19.283118+00:00" hostname="agent-env-3b00f5c1-c6ad-4885-8bce-9619148f8e52"><testcase classname="backend.tests.test_final_comprehensive_iteration35.TestAuthenticationAndUserInfo" name="test_user1_login_and_info" time="0.527" /><testcase classname="backend.tests.test_final_comprehensive_iteration35.TestAuthenticationAndUserInfo" name="test_user2_login_and_info" time="0.488" /><testcase classname="backend.tests.test_final_comprehensive_iteration35.TestPrivacySettings" name="test_get_current_privacy" time="0.110" /><testcase classname="backend.tests.test_final_comprehensive_iteration35.TestPrivacySettings" name="test_change_privacy_to_friends" time="0.131" /><testcase classname="backend.tests.test_final_comprehensive_iteration35.TestPrivacySettings" name="test_change_privacy_back_to_public" time="0.164" /><testcase classname="backend.tests.test_final_comprehensive_iteration35.TestPrivacySettings" name="test_per_visit_privacy_override" time="0.242" /><testcase classname="backend.tests.test_final_comprehensive_iteration35.TestCommentPermission" name="test_set_comment_permission_nobody" time="0.116" /><testcase classname="backend.tests.test_final_comprehensive_iteration35.TestCommentPermission" name="test_get_user1_activity" time="0.136" /><testcase classname="backend.tests.test_final_comprehensive_iteration35.TestCommentPermission" name="test_user2_comment_blocked_by_nobody" time="0.112" /><testcase classname="backend.tests.test_final_comprehensive_iteration35.TestCommentPermission" name="test_set_comment_permission_friends" time="0.113" /><testcase classname="backend.tests.test_final_comprehensive_iteration35.TestCommentPermission" name="test_set_comment_permission_everyone" time="0.152" /><testcase classname="backend.tests.test_final_comprehensive_iteration35.TestSocialFriendFlow" name="test_check_existing_friendship" time="0.156" /><testcase classname="backend.tests.test_final_comprehensive_iteration35.TestSocialFriendFlow" name="test_cleanup_if_friends" time="0.609" /><testcase classname="backend.tests.test_final_comprehensive_iteration35.TestSocialFriendFlow" name="test_user1_sends_friend_request" time="0.140" /><testcase classname="backend.tests.test_final_comprehensive_iteration35.TestSocialFriendFlow" name="test_user2_accepts_friend_request" time="0.261" /><testcase classname="backend.tests.test_final_comprehensive_iteration35.TestSocialFriendFlow" name="test_verify_friendship_both_sides" time="0.241" /><testcase classname="backend.tests.test_final_comprehensive_iteration35.TestUserProfileEndpoint" name="test_profile_has_comment_permission" time="0.238" /><testcase classname="backend.tests.test_final_comprehensive_iteration35.TestUserProfileEndpoint" name="test_profile_recent_visits_have_has_diary" time="0.116" /><testcase classname="backend.tests.test_final_comprehensive_iteration35.TestUserProfileEndpoint" name="test_profile_has_friendship_status" time="0.140" /><testcase classname="backend.tests.test_final_comprehensive_iteration35.TestViewAllVisits" name="test_get_user_visits_returns_paginated_list" time="0.119" /><testcase classname="backend.tests.test_final_comprehensive_iteration35.TestViewAllVisits" name="test_pagination_skip_limit" time="0.127" /><testcase classname="backend.tests.test_final_comprehensive_iteration35.TestViewAllVisits" name="test_visits_have_has_diary_field" time="0.150" /><testcase classname="backend.tests.test_final_comprehensive_iteration35.TestFeedEndpoint" name="test_feed_has_engagement_counts" time="0.130" /><testcase classname="backend.tests.test_final_comprehensive_iteration35.TestCommunityFeed" name="test_community_feed_returns_public_only" time="0.151" /><testcase classname="backend.tests.test_final_comprehensive_iteration35.TestLeaderboard" name="test_leaderboard_returns_entries" time="0.147" /><testcase classname="backend.tests.test_final_comprehensive_iteration35.TestSocialInteractions" name="test_get_activity_for_interactions" time="0.154" /><testcase classname="backend.tests.test_final_comprehensive_iteration35.TestSocialInteractions" name="test_like_activity" time="0.119" /><testcase classname="backend.tests.test_final_comprehensive_iteration35.TestSocialInteractions" name="test_comment_on_activity" time="0.266" /><testcase classname="backend.tests.test_final_comprehensive_iteration35.TestReportSystem" name="test_submit_report" time="0.232" /><testcase classname="backend.tests.test_final_comprehensive_iteration35.TestPerformanceEndpoints" name="test_visits_check_lightweight" time="0.126" /><testcase classname="backend.tests.test_final_comprehensive_iteration35.TestPerformanceEndpoints" name="test_landmarks_have_is_visited" time="0.112" /><testcase classname="backend.tests.test_final_comprehensive_iteration35.TestPremiumTierLimits" name="test_free_tier_diary_limit_config" time="0.196" /><testcase classname="backend.tests.test_final_comprehensive_iteration35.TestPremiumTierLimits" name="test_unlimited_friends_for_free" time="0.000" /><testcase classname="backend.tests.test_final_comprehensive_iteration35.TestCleanup" name="test_reset_comment_permission" time="0.119" /><testcase classname="backend.tests.test_final_comprehensive_iteration35.TestCleanup" name="test_keep_friendship_for_future_tests" time="0.000" /></testsuite></testsuites>