<?xml version="1.0" encoding="utf-8"?><testsuites name="pytest tests"><testsuite name="pytest" errors="0" failures="21" skipped="12" tests="46" time="4.978" timestamp="2026-02-16T21:39:15.391524+00:00" hostname="agent-env-9a86dd77-3d8d-45ed-815d-6c11e3ce72ac"><testcase classname="backend.tests.test_comprehensive_features.TestSetup" name="test_01_register_standard_user" time="0.554"><failure message="KeyError: 'email'">backend/tests/test_comprehensive_features.py:53: in test_01_register_standard_user
    assert data["user"]["email"] == STANDARD_USER["email"]
           ^^^^^^^^^^^^^^^^^^^^^
E   KeyError: 'email'</failure></testcase><testcase classname="backend.tests.test_comprehensive_features.TestSetup" name="test_02_register_premium_user" time="0.496" /><testcase classname="backend.tests.test_comprehensive_features.TestSetup" name="test_03_register_moderator_user" time="0.558" /><testcase classname="backend.tests.test_comprehensive_features.TestSetup" name="test_04_upgrade_premium_user" time="0.147" /><testcase classname="backend.tests.test_comprehensive_features.TestSetup" name="test_05_make_user_moderator_via_db" time="0.000" /><testcase classname="backend.tests.test_comprehensive_features.TestAuth" name="test_01_login_standard_user" time="0.405" /><testcase classname="backend.tests.test_comprehensive_features.TestAuth" name="test_02_login_premium_user" time="0.343" /><testcase classname="backend.tests.test_comprehensive_features.TestAuth" name="test_03_login_mod_user" time="0.371" /><testcase classname="backend.tests.test_comprehensive_features.TestExplore" name="test_01_get_countries" time="0.000"><failure message="KeyError: 'standard'">backend/tests/test_comprehensive_features.py:149: in test_01_get_countries
    headers = {"Authorization": f"Bearer {tokens['standard']}"}
                                          ^^^^^^^^^^^^^^^^^^
E   KeyError: 'standard'</failure></testcase><testcase classname="backend.tests.test_comprehensive_features.TestExplore" name="test_02_get_landmarks_france_free_user" time="0.000"><failure message="KeyError: 'standard'">backend/tests/test_comprehensive_features.py:158: in test_02_get_landmarks_france_free_user
    headers = {"Authorization": f"Bearer {tokens['standard']}"}
                                          ^^^^^^^^^^^^^^^^^^
E   KeyError: 'standard'</failure></testcase><testcase classname="backend.tests.test_comprehensive_features.TestExplore" name="test_03_get_landmarks_france_pro_user" time="0.163" /><testcase classname="backend.tests.test_comprehensive_features.TestVisits" name="test_01_standard_user_visit_official" time="0.000"><skipped type="pytest.skip" message="No official landmark found from previous test">/app/backend/tests/test_comprehensive_features.py:200: No official landmark found from previous test</skipped></testcase><testcase classname="backend.tests.test_comprehensive_features.TestVisits" name="test_02_standard_user_blocked_premium_landmark" time="0.000"><skipped type="pytest.skip" message="No premium landmark found">/app/backend/tests/test_comprehensive_features.py:219: No premium landmark found</skipped></testcase><testcase classname="backend.tests.test_comprehensive_features.TestVisits" name="test_03_premium_user_visit_premium" time="0.000"><skipped type="pytest.skip" message="No premium landmark found">/app/backend/tests/test_comprehensive_features.py:235: No premium landmark found</skipped></testcase><testcase classname="backend.tests.test_comprehensive_features.TestVisits" name="test_04_standard_user_photo_limit" time="0.000"><failure message="KeyError: 'standard'">backend/tests/test_comprehensive_features.py:253: in test_04_standard_user_photo_limit
    headers = {"Authorization": f"Bearer {tokens['standard']}"}
                                          ^^^^^^^^^^^^^^^^^^
E   KeyError: 'standard'</failure></testcase><testcase classname="backend.tests.test_comprehensive_features.TestVisits" name="test_05_premium_user_multiple_photos" time="0.348" /><testcase classname="backend.tests.test_comprehensive_features.TestCustomVisits" name="test_01_free_user_blocked_custom_visits" time="0.000"><failure message="KeyError: 'standard'">backend/tests/test_comprehensive_features.py:293: in test_01_free_user_blocked_custom_visits
    headers = {"Authorization": f"Bearer {tokens['standard']}"}
                                          ^^^^^^^^^^^^^^^^^^
E   KeyError: 'standard'</failure></testcase><testcase classname="backend.tests.test_comprehensive_features.TestCustomVisits" name="test_02_premium_user_creates_custom_visit" time="0.132" /><testcase classname="backend.tests.test_comprehensive_features.TestBadgesAndPoints" name="test_01_check_achievements" time="0.000"><failure message="KeyError: 'standard'">backend/tests/test_comprehensive_features.py:325: in test_01_check_achievements
    headers = {"Authorization": f"Bearer {tokens['standard']}"}
                                          ^^^^^^^^^^^^^^^^^^
E   KeyError: 'standard'</failure></testcase><testcase classname="backend.tests.test_comprehensive_features.TestBadgesAndPoints" name="test_02_trigger_badge_check" time="0.000"><failure message="KeyError: 'standard'">backend/tests/test_comprehensive_features.py:334: in test_02_trigger_badge_check
    headers = {"Authorization": f"Bearer {tokens['standard']}"}
                                          ^^^^^^^^^^^^^^^^^^
E   KeyError: 'standard'</failure></testcase><testcase classname="backend.tests.test_comprehensive_features.TestBadgesAndPoints" name="test_03_check_stats" time="0.000"><failure message="KeyError: 'standard'">backend/tests/test_comprehensive_features.py:343: in test_03_check_stats
    headers = {"Authorization": f"Bearer {tokens['standard']}"}
                                          ^^^^^^^^^^^^^^^^^^
E   KeyError: 'standard'</failure></testcase><testcase classname="backend.tests.test_comprehensive_features.TestBadgesAndPoints" name="test_04_check_progress" time="0.000"><failure message="KeyError: 'standard'">backend/tests/test_comprehensive_features.py:352: in test_04_check_progress
    headers = {"Authorization": f"Bearer {tokens['standard']}"}
                                          ^^^^^^^^^^^^^^^^^^
E   KeyError: 'standard'</failure></testcase><testcase classname="backend.tests.test_comprehensive_features.TestFriends" name="test_01_send_friend_request" time="0.000"><failure message="KeyError: 'standard'">backend/tests/test_comprehensive_features.py:365: in test_01_send_friend_request
    headers = {"Authorization": f"Bearer {tokens['standard']}"}
                                          ^^^^^^^^^^^^^^^^^^
E   KeyError: 'standard'</failure></testcase><testcase classname="backend.tests.test_comprehensive_features.TestFriends" name="test_02_check_pending_requests" time="0.208"><failure message="AssertionError: Friend request not found in pending&#10;assert None is not None">backend/tests/test_comprehensive_features.py:391: in test_02_check_pending_requests
    assert our_request is not None, "Friend request not found in pending"
E   AssertionError: Friend request not found in pending
E   assert None is not None</failure></testcase><testcase classname="backend.tests.test_comprehensive_features.TestFriends" name="test_03_accept_friend_request" time="0.000"><skipped type="pytest.skip" message="No friendship_id found">/app/backend/tests/test_comprehensive_features.py:398: No friendship_id found</skipped></testcase><testcase classname="backend.tests.test_comprehensive_features.TestFriends" name="test_04_verify_friendship" time="0.000"><failure message="KeyError: 'standard'">backend/tests/test_comprehensive_features.py:413: in test_04_verify_friendship
    headers = {"Authorization": f"Bearer {tokens['standard']}"}
                                          ^^^^^^^^^^^^^^^^^^
E   KeyError: 'standard'</failure></testcase><testcase classname="backend.tests.test_comprehensive_features.TestMessages" name="test_01_premium_sends_message" time="0.000"><failure message="KeyError: 'standard'">backend/tests/test_comprehensive_features.py:440: in test_01_premium_sends_message
    "receiver_id": user_ids["standard"],
                   ^^^^^^^^^^^^^^^^^^^^
E   KeyError: 'standard'</failure></testcase><testcase classname="backend.tests.test_comprehensive_features.TestMessages" name="test_02_standard_receives_message" time="0.000"><failure message="KeyError: 'standard'">backend/tests/test_comprehensive_features.py:451: in test_02_standard_receives_message
    headers = {"Authorization": f"Bearer {tokens['standard']}"}
                                          ^^^^^^^^^^^^^^^^^^
E   KeyError: 'standard'</failure></testcase><testcase classname="backend.tests.test_comprehensive_features.TestLeaderboard" name="test_01_get_leaderboard" time="0.000"><failure message="KeyError: 'standard'">backend/tests/test_comprehensive_features.py:471: in test_01_get_leaderboard
    headers = {"Authorization": f"Bearer {tokens['standard']}"}
                                          ^^^^^^^^^^^^^^^^^^
E   KeyError: 'standard'</failure></testcase><testcase classname="backend.tests.test_comprehensive_features.TestLeaderboard" name="test_02_get_friends_leaderboard" time="0.000"><failure message="KeyError: 'standard'">backend/tests/test_comprehensive_features.py:482: in test_02_get_friends_leaderboard
    headers = {"Authorization": f"Bearer {tokens['standard']}"}
                                          ^^^^^^^^^^^^^^^^^^
E   KeyError: 'standard'</failure></testcase><testcase classname="backend.tests.test_comprehensive_features.TestActivityFeed" name="test_01_get_feed" time="0.000"><failure message="KeyError: 'standard'">backend/tests/test_comprehensive_features.py:498: in test_01_get_feed
    headers = {"Authorization": f"Bearer {tokens['standard']}"}
                                          ^^^^^^^^^^^^^^^^^^
E   KeyError: 'standard'</failure></testcase><testcase classname="backend.tests.test_comprehensive_features.TestActivityFeed" name="test_02_like_activity" time="0.000"><skipped type="pytest.skip" message="No activity to like">/app/backend/tests/test_comprehensive_features.py:511: No activity to like</skipped></testcase><testcase classname="backend.tests.test_comprehensive_features.TestActivityFeed" name="test_03_comment_on_activity" time="0.000"><skipped type="pytest.skip" message="No activity to comment on">/app/backend/tests/test_comprehensive_features.py:527: No activity to comment on</skipped></testcase><testcase classname="backend.tests.test_comprehensive_features.TestReports" name="test_01_create_report" time="0.000"><skipped type="pytest.skip" message="No activity to report">/app/backend/tests/test_comprehensive_features.py:549: No activity to report</skipped></testcase><testcase classname="backend.tests.test_comprehensive_features.TestModeratorFeatures" name="test_01_get_admin_reports" time="0.118"><skipped type="pytest.skip" message="User needs moderator role in DB">/app/backend/tests/test_comprehensive_features.py:578: User needs moderator role in DB</skipped></testcase><testcase classname="backend.tests.test_comprehensive_features.TestModeratorFeatures" name="test_02_get_admin_stats" time="0.132"><skipped type="pytest.skip" message="User needs moderator role in DB">/app/backend/tests/test_comprehensive_features.py:591: User needs moderator role in DB</skipped></testcase><testcase classname="backend.tests.test_comprehensive_features.TestModeratorFeatures" name="test_03_list_users" time="0.127"><skipped type="pytest.skip" message="User needs moderator role in DB">/app/backend/tests/test_comprehensive_features.py:604: User needs moderator role in DB</skipped></testcase><testcase classname="backend.tests.test_comprehensive_features.TestBucketList" name="test_01_add_to_bucket_list" time="0.000"><skipped type="pytest.skip" message="No landmark found">/app/backend/tests/test_comprehensive_features.py:616: No landmark found</skipped></testcase><testcase classname="backend.tests.test_comprehensive_features.TestBucketList" name="test_02_get_bucket_list" time="0.000"><failure message="KeyError: 'standard'">backend/tests/test_comprehensive_features.py:633: in test_02_get_bucket_list
    headers = {"Authorization": f"Bearer {tokens['standard']}"}
                                          ^^^^^^^^^^^^^^^^^^
E   KeyError: 'standard'</failure></testcase><testcase classname="backend.tests.test_comprehensive_features.TestBucketList" name="test_03_remove_from_bucket_list" time="0.000"><skipped type="pytest.skip" message="No bucket list item">/app/backend/tests/test_comprehensive_features.py:643: No bucket list item</skipped></testcase><testcase classname="backend.tests.test_comprehensive_features.TestSubscription" name="test_01_free_user_status" time="0.000"><failure message="KeyError: 'standard'">backend/tests/test_comprehensive_features.py:661: in test_01_free_user_status
    headers = {"Authorization": f"Bearer {tokens['standard']}"}
                                          ^^^^^^^^^^^^^^^^^^
E   KeyError: 'standard'</failure></testcase><testcase classname="backend.tests.test_comprehensive_features.TestSubscription" name="test_02_pro_user_status" time="0.141" /><testcase classname="backend.tests.test_comprehensive_features.TestCountryVisits" name="test_01_create_country_visit" time="0.180" /><testcase classname="backend.tests.test_comprehensive_features.TestCountryVisits" name="test_02_get_country_visits" time="0.263" /><testcase classname="backend.tests.test_comprehensive_features.TestNotifications" name="test_01_get_notifications" time="0.000"><failure message="KeyError: 'standard'">backend/tests/test_comprehensive_features.py:723: in test_01_get_notifications
    headers = {"Authorization": f"Bearer {tokens['standard']}"}
                                          ^^^^^^^^^^^^^^^^^^
E   KeyError: 'standard'</failure></testcase><testcase classname="backend.tests.test_comprehensive_features.TestNotifications" name="test_02_check_unread_count" time="0.000"><failure message="KeyError: 'standard'">backend/tests/test_comprehensive_features.py:732: in test_02_check_unread_count
    headers = {"Authorization": f"Bearer {tokens['standard']}"}
                                          ^^^^^^^^^^^^^^^^^^
E   KeyError: 'standard'</failure></testcase></testsuite></testsuites>