<?xml version="1.0" encoding="utf-8"?><testsuites name="pytest tests"><testsuite name="pytest" errors="0" failures="0" skipped="0" tests="15" time="2.950" timestamp="2026-03-04T00:25:29.679157+00:00" hostname="agent-env-2ac23ce6-45a2-411a-a8ef-1a648484d2b5"><testcase classname="tests.test_bug_fixes_iteration21.TestCountriesEndpoint" name="test_countries_returns_200" time="0.550" /><testcase classname="tests.test_bug_fixes_iteration21.TestCountriesEndpoint" name="test_countries_returns_list" time="0.163" /><testcase classname="tests.test_bug_fixes_iteration21.TestCountriesEndpoint" name="test_countries_have_landmark_count" time="0.111" /><testcase classname="tests.test_bug_fixes_iteration21.TestCountriesEndpoint" name="test_countries_have_total_points" time="0.143" /><testcase classname="tests.test_bug_fixes_iteration21.TestCountriesEndpoint" name="test_countries_structure" time="0.133" /><testcase classname="tests.test_bug_fixes_iteration21.TestCountriesEndpoint" name="test_countries_landmark_count_is_positive_or_zero" time="0.174" /><testcase classname="tests.test_bug_fixes_iteration21.TestProgressEndpoint" name="test_progress_returns_200" time="0.530" /><testcase classname="tests.test_bug_fixes_iteration21.TestProgressEndpoint" name="test_progress_has_overall_stats" time="0.144" /><testcase classname="tests.test_bug_fixes_iteration21.TestProgressEndpoint" name="test_progress_has_continents" time="0.149" /><testcase classname="tests.test_bug_fixes_iteration21.TestProgressEndpoint" name="test_progress_continent_structure" time="0.124" /><testcase classname="tests.test_bug_fixes_iteration21.TestProgressEndpoint" name="test_progress_has_countries" time="0.127" /><testcase classname="tests.test_bug_fixes_iteration21.TestProgressEndpoint" name="test_progress_country_structure" time="0.129" /><testcase classname="tests.test_bug_fixes_iteration21.TestProgressEndpoint" name="test_progress_has_total_points" time="0.172" /><testcase classname="tests.test_bug_fixes_iteration21.TestAuthRequired" name="test_countries_requires_auth" time="0.123" /><testcase classname="tests.test_bug_fixes_iteration21.TestAuthRequired" name="test_progress_requires_auth" time="0.110" /></testsuite></testsuites>