<?xml version="1.0" encoding="utf-8"?><testsuites name="pytest tests"><testsuite name="pytest" errors="0" failures="0" skipped="0" tests="15" time="4.585" timestamp="2026-02-26T20:05:11.350161+00:00" hostname="agent-env-302328ac-e24a-43ff-b2f0-2dcb0750222f"><testcase classname="backend.tests.test_promo_batch_export.TestPromoBatchCreate" name="test_batch_create_basic" time="0.651" /><testcase classname="backend.tests.test_promo_batch_export.TestPromoBatchCreate" name="test_batch_create_code_format" time="0.213" /><testcase classname="backend.tests.test_promo_batch_export.TestPromoBatchCreate" name="test_batch_create_with_timed_premium" time="0.416" /><testcase classname="backend.tests.test_promo_batch_export.TestPromoBatchCreate" name="test_batch_create_skip_existing" time="0.288" /><testcase classname="backend.tests.test_promo_batch_export.TestPromoBatchCreate" name="test_batch_create_empty_prefix_behavior" time="0.187" /><testcase classname="backend.tests.test_promo_batch_export.TestPromoBatchCreate" name="test_batch_create_min_count" time="0.252" /><testcase classname="backend.tests.test_promo_batch_export.TestPromoBatchCreate" name="test_batch_create_max_500_limit" time="0.489" /><testcase classname="backend.tests.test_promo_batch_export.TestPromoBatchCreate" name="test_batch_create_requires_auth" time="0.164" /><testcase classname="backend.tests.test_promo_batch_export.TestPromoCSVExport" name="test_csv_export_basic" time="0.208" /><testcase classname="backend.tests.test_promo_batch_export.TestPromoCSVExport" name="test_csv_export_headers" time="0.213" /><testcase classname="backend.tests.test_promo_batch_export.TestPromoCSVExport" name="test_csv_export_data_rows" time="0.218" /><testcase classname="backend.tests.test_promo_batch_export.TestPromoCSVExport" name="test_csv_export_includes_batch_created_codes" time="0.299" /><testcase classname="backend.tests.test_promo_batch_export.TestPromoCSVExport" name="test_csv_export_requires_auth" time="0.179" /><testcase classname="backend.tests.test_promo_batch_export.TestBatchCodeRedemption" name="test_redeem_batch_created_code" time="0.300" /><testcase classname="backend.tests.test_promo_batch_export.TestListBatchCodes" name="test_list_shows_batch_codes_with_redemption_details" time="0.419" /></testsuite></testsuites>