<?xml version="1.0" encoding="utf-8"?><testsuites name="pytest tests"><testsuite name="pytest" errors="0" failures="1" skipped="0" tests="15" time="4.899" timestamp="2026-02-26T20:00:07.326946+00:00" hostname="agent-env-302328ac-e24a-43ff-b2f0-2dcb0750222f"><testcase classname="backend.tests.test_promo_batch_export.TestPromoBatchCreate" name="test_batch_create_basic" time="0.748" /><testcase classname="backend.tests.test_promo_batch_export.TestPromoBatchCreate" name="test_batch_create_code_format" time="0.250" /><testcase classname="backend.tests.test_promo_batch_export.TestPromoBatchCreate" name="test_batch_create_with_timed_premium" time="0.267" /><testcase classname="backend.tests.test_promo_batch_export.TestPromoBatchCreate" name="test_batch_create_skip_existing" time="0.268" /><testcase classname="backend.tests.test_promo_batch_export.TestPromoBatchCreate" name="test_batch_create_empty_prefix_validation" time="0.230"><failure message="AssertionError: Expected validation error, got 200&#10;assert 200 in [400, 422, 500]&#10; +  where 200 = &lt;Response [200]&gt;.status_code">backend/tests/test_promo_batch_export.py:181: in test_batch_create_empty_prefix_validation
    assert response.status_code in [400, 422, 500], f"Expected validation error, got {response.status_code}"
E   AssertionError: Expected validation error, got 200
E   assert 200 in [400, 422, 500]
E    +  where 200 = &lt;Response [200]&gt;.status_code</failure></testcase><testcase classname="backend.tests.test_promo_batch_export.TestPromoBatchCreate" name="test_batch_create_min_count" time="0.146" /><testcase classname="backend.tests.test_promo_batch_export.TestPromoBatchCreate" name="test_batch_create_max_500_limit" time="0.537" /><testcase classname="backend.tests.test_promo_batch_export.TestPromoBatchCreate" name="test_batch_create_requires_auth" time="0.192" /><testcase classname="backend.tests.test_promo_batch_export.TestPromoCSVExport" name="test_csv_export_basic" time="0.151" /><testcase classname="backend.tests.test_promo_batch_export.TestPromoCSVExport" name="test_csv_export_headers" time="0.178" /><testcase classname="backend.tests.test_promo_batch_export.TestPromoCSVExport" name="test_csv_export_data_rows" time="0.258" /><testcase classname="backend.tests.test_promo_batch_export.TestPromoCSVExport" name="test_csv_export_includes_batch_created_codes" time="0.379" /><testcase classname="backend.tests.test_promo_batch_export.TestPromoCSVExport" name="test_csv_export_requires_auth" time="0.172" /><testcase classname="backend.tests.test_promo_batch_export.TestBatchCodeRedemption" name="test_redeem_batch_created_code" time="0.619" /><testcase classname="backend.tests.test_promo_batch_export.TestListBatchCodes" name="test_list_shows_batch_codes_with_redemption_details" time="0.395" /></testsuite></testsuites>