<?xml version="1.0" encoding="utf-8"?><testsuites name="pytest tests"><testsuite name="pytest" errors="0" failures="0" skipped="0" tests="17" time="2.411" timestamp="2026-03-04T03:13:39.059652+00:00" hostname="agent-env-2ac23ce6-45a2-411a-a8ef-1a648484d2b5"><testcase classname="backend.tests.test_major_update_iteration23.TestAuthentication" name="test_login_returns_user_info" time="0.829" /><testcase classname="backend.tests.test_major_update_iteration23.TestAuthentication" name="test_change_password_wrong_current_password" time="0.369" /><testcase classname="backend.tests.test_major_update_iteration23.TestAuthentication" name="test_change_password_missing_fields" time="0.111" /><testcase classname="backend.tests.test_major_update_iteration23.TestAuthentication" name="test_change_password_too_short" time="0.144" /><testcase classname="backend.tests.test_major_update_iteration23.TestDataEndpoints" name="test_countries_endpoint_returns_data" time="0.503" /><testcase classname="backend.tests.test_major_update_iteration23.TestDataEndpoints" name="test_stats_endpoint_returns_data" time="0.115" /><testcase classname="backend.tests.test_major_update_iteration23.TestDataEndpoints" name="test_progress_endpoint_returns_data" time="0.117" /><testcase classname="backend.tests.test_major_update_iteration23.TestRankSystemLogic" name="test_rank_newcomer_range" time="0.000" /><testcase classname="backend.tests.test_major_update_iteration23.TestRankSystemLogic" name="test_rank_wanderer_range" time="0.000" /><testcase classname="backend.tests.test_major_update_iteration23.TestRankSystemLogic" name="test_rank_explorer_range" time="0.000" /><testcase classname="backend.tests.test_major_update_iteration23.TestRankSystemLogic" name="test_rank_adventurer_range" time="0.000" /><testcase classname="backend.tests.test_major_update_iteration23.TestRankSystemLogic" name="test_rank_trailblazer_range" time="0.000" /><testcase classname="backend.tests.test_major_update_iteration23.TestRankSystemLogic" name="test_rank_globetrotter_range" time="0.000" /><testcase classname="backend.tests.test_major_update_iteration23.TestRankSystemLogic" name="test_rank_legend_range" time="0.000" /><testcase classname="backend.tests.test_major_update_iteration23.TestRankSystemLogic" name="test_rank_titan_range" time="0.000" /><testcase classname="backend.tests.test_major_update_iteration23.TestRankSystemLogic" name="test_all_8_ranks_exist" time="0.000" /><testcase classname="backend.tests.test_major_update_iteration23.TestHealthCheck" name="test_api_is_reachable" time="0.150" /></testsuite></testsuites>