<?xml version="1.0" encoding="utf-8"?><testsuites name="pytest tests"><testsuite name="pytest" errors="0" failures="0" skipped="0" tests="26" time="5.653" timestamp="2026-03-05T11:58:23.247988+00:00" hostname="agent-env-f8dbdc69-e47f-4bfe-be87-6d3959f7c4ad"><testcase classname="backend.tests.test_optimized_endpoints_iteration26.TestAuthentication" name="test_login_success" time="0.471" /><testcase classname="backend.tests.test_optimized_endpoints_iteration26.TestLandmarksEndpoint" name="test_landmarks_all_returns_200" time="0.553" /><testcase classname="backend.tests.test_optimized_endpoints_iteration26.TestLandmarksEndpoint" name="test_landmarks_returns_list" time="0.178" /><testcase classname="backend.tests.test_optimized_endpoints_iteration26.TestLandmarksEndpoint" name="test_landmarks_have_is_visited_field" time="0.127" /><testcase classname="backend.tests.test_optimized_endpoints_iteration26.TestLandmarksEndpoint" name="test_landmarks_have_is_locked_field" time="0.167" /><testcase classname="backend.tests.test_optimized_endpoints_iteration26.TestLandmarksEndpoint" name="test_landmarks_by_country_france" time="0.112" /><testcase classname="backend.tests.test_optimized_endpoints_iteration26.TestLandmarksEndpoint" name="test_landmarks_filter_visited_true" time="0.116" /><testcase classname="backend.tests.test_optimized_endpoints_iteration26.TestLandmarksEndpoint" name="test_landmarks_filter_visited_false" time="0.116" /><testcase classname="backend.tests.test_optimized_endpoints_iteration26.TestLandmarksEndpoint" name="test_landmarks_response_structure" time="0.120" /><testcase classname="backend.tests.test_optimized_endpoints_iteration26.TestContinentStatsEndpoint" name="test_continent_stats_returns_200" time="0.462" /><testcase classname="backend.tests.test_optimized_endpoints_iteration26.TestContinentStatsEndpoint" name="test_continent_stats_has_continents_array" time="0.114" /><testcase classname="backend.tests.test_optimized_endpoints_iteration26.TestContinentStatsEndpoint" name="test_continent_stats_has_grand_total" time="0.121" /><testcase classname="backend.tests.test_optimized_endpoints_iteration26.TestContinentStatsEndpoint" name="test_continent_stats_structure" time="0.103" /><testcase classname="backend.tests.test_optimized_endpoints_iteration26.TestContinentStatsEndpoint" name="test_continent_stats_count" time="0.139" /><testcase classname="backend.tests.test_optimized_endpoints_iteration26.TestCommunityFeedEndpoint" name="test_community_feed_returns_200" time="0.452" /><testcase classname="backend.tests.test_optimized_endpoints_iteration26.TestCommunityFeedEndpoint" name="test_community_feed_response_structure" time="0.111" /><testcase classname="backend.tests.test_optimized_endpoints_iteration26.TestCommunityFeedEndpoint" name="test_community_feed_items_have_upvotes" time="0.105" /><testcase classname="backend.tests.test_optimized_endpoints_iteration26.TestCommunityFeedEndpoint" name="test_community_feed_item_structure" time="0.105" /><testcase classname="backend.tests.test_optimized_endpoints_iteration26.TestPreviouslyOptimizedEndpoints" name="test_feed_returns_200" time="0.453" /><testcase classname="backend.tests.test_optimized_endpoints_iteration26.TestPreviouslyOptimizedEndpoints" name="test_visits_returns_200" time="0.110" /><testcase classname="backend.tests.test_optimized_endpoints_iteration26.TestPreviouslyOptimizedEndpoints" name="test_progress_returns_200" time="0.113" /><testcase classname="backend.tests.test_optimized_endpoints_iteration26.TestPreviouslyOptimizedEndpoints" name="test_countries_returns_200" time="0.145" /><testcase classname="backend.tests.test_optimized_endpoints_iteration26.TestPreviouslyOptimizedEndpoints" name="test_country_visits_check_france" time="0.170" /><testcase classname="backend.tests.test_optimized_endpoints_iteration26.TestPerformanceBasic" name="test_landmarks_responds_within_timeout" time="0.621" /><testcase classname="backend.tests.test_optimized_endpoints_iteration26.TestPerformanceBasic" name="test_continent_stats_responds_within_timeout" time="0.113" /><testcase classname="backend.tests.test_optimized_endpoints_iteration26.TestPerformanceBasic" name="test_community_feed_responds_within_timeout" time="0.158" /></testsuite></testsuites>