<?xml version="1.0" encoding="utf-8"?><testsuites name="pytest tests"><testsuite name="pytest" errors="0" failures="0" skipped="0" tests="23" time="9.795" timestamp="2026-03-06T08:44:08.531295+00:00" hostname="agent-env-b431feb6-1679-43db-bf8c-f7dd496218a9"><testcase classname="backend.tests.test_performance_optimization_iteration6.TestAuth" name="test_login_success" time="0.493" /><testcase classname="backend.tests.test_performance_optimization_iteration6.TestVisitsListEndpoint" name="test_visits_list_returns_200" time="0.405" /><testcase classname="backend.tests.test_performance_optimization_iteration6.TestVisitsListEndpoint" name="test_visits_list_excludes_heavy_fields" time="0.403" /><testcase classname="backend.tests.test_performance_optimization_iteration6.TestVisitsListEndpoint" name="test_visits_list_includes_computed_fields" time="0.401" /><testcase classname="backend.tests.test_performance_optimization_iteration6.TestVisitsListEndpoint" name="test_visits_list_has_photo_is_boolean" time="0.397" /><testcase classname="backend.tests.test_performance_optimization_iteration6.TestVisitsListEndpoint" name="test_visits_list_photo_count_is_integer" time="0.432" /><testcase classname="backend.tests.test_performance_optimization_iteration6.TestVisitsListEndpoint" name="test_visits_list_has_diary_is_boolean" time="0.457" /><testcase classname="backend.tests.test_performance_optimization_iteration6.TestVisitsListEndpoint" name="test_visits_list_sorted_by_visited_at_descending" time="0.396" /><testcase classname="backend.tests.test_performance_optimization_iteration6.TestVisitsListEndpoint" name="test_visits_list_requires_authentication" time="0.484" /><testcase classname="backend.tests.test_performance_optimization_iteration6.TestVisitsListEndpoint" name="test_visits_list_accepts_limit_param" time="0.408" /><testcase classname="backend.tests.test_performance_optimization_iteration6.TestStatsEndpointWithVisitsWithPhotos" name="test_stats_returns_200" time="0.431" /><testcase classname="backend.tests.test_performance_optimization_iteration6.TestStatsEndpointWithVisitsWithPhotos" name="test_stats_includes_visits_with_photos" time="0.393" /><testcase classname="backend.tests.test_performance_optimization_iteration6.TestStatsEndpointWithVisitsWithPhotos" name="test_stats_visits_with_photos_is_integer" time="0.422" /><testcase classname="backend.tests.test_performance_optimization_iteration6.TestStatsEndpointWithVisitsWithPhotos" name="test_stats_still_has_existing_fields" time="0.390" /><testcase classname="backend.tests.test_performance_optimization_iteration6.TestVisitsFullEndpointRegression" name="test_visits_full_returns_200" time="0.436" /><testcase classname="backend.tests.test_performance_optimization_iteration6.TestVisitsFullEndpointRegression" name="test_visits_full_contains_photo_fields" time="0.409" /><testcase classname="backend.tests.test_performance_optimization_iteration6.TestProgressEndpointRegression" name="test_progress_returns_200" time="0.436" /><testcase classname="backend.tests.test_performance_optimization_iteration6.TestProgressEndpointRegression" name="test_progress_structure" time="0.403" /><testcase classname="backend.tests.test_performance_optimization_iteration6.TestPhotosCollectionEndpointRegression" name="test_photos_collection_returns_200" time="0.394" /><testcase classname="backend.tests.test_performance_optimization_iteration6.TestPhotosCollectionEndpointRegression" name="test_photos_collection_structure" time="0.388" /><testcase classname="backend.tests.test_performance_optimization_iteration6.TestCountryVisitsEndpointRegression" name="test_country_visits_returns_200" time="0.395" /><testcase classname="backend.tests.test_performance_optimization_iteration6.TestFeedEndpointRegression" name="test_feed_returns_200" time="0.432" /><testcase classname="backend.tests.test_performance_optimization_iteration6.TestLeaderboardEndpointRegression" name="test_leaderboard_returns_200" time="0.391" /></testsuite></testsuites>