<?xml version="1.0" encoding="utf-8"?><testsuites name="pytest tests"><testsuite name="pytest" errors="0" failures="0" skipped="0" tests="21" time="109.589" timestamp="2026-02-16T21:07:10.036373+00:00" hostname="agent-env-9a86dd77-3d8d-45ed-815d-6c11e3ce72ac"><testcase classname="tests.test_travel_api.TestAuthAndSetup" name="test_auth_token_obtained" time="0.500" /><testcase classname="tests.test_travel_api.TestCountries" name="test_countries_endpoint_returns_200" time="0.671" /><testcase classname="tests.test_travel_api.TestCountries" name="test_exactly_66_countries" time="0.345" /><testcase classname="tests.test_travel_api.TestCountries" name="test_continent_distribution" time="0.000" /><testcase classname="tests.test_travel_api.TestCountries" name="test_all_continents_have_even_country_count" time="0.000" /><testcase classname="tests.test_travel_api.TestCountries" name="test_new_country_finland_exists" time="0.000" /><testcase classname="tests.test_travel_api.TestCountries" name="test_new_country_maldives_exists" time="0.000" /><testcase classname="tests.test_travel_api.TestCountries" name="test_new_country_panama_exists" time="0.000" /><testcase classname="tests.test_travel_api.TestLandmarks" name="test_finland_landmarks_count_and_premium" time="0.561" /><testcase classname="tests.test_travel_api.TestLandmarks" name="test_maldives_landmarks_count_and_premium" time="0.169" /><testcase classname="tests.test_travel_api.TestLandmarks" name="test_panama_landmarks_count_and_premium" time="0.115" /><testcase classname="tests.test_travel_api.TestLandmarks" name="test_premium_landmarks_locked_for_free_users" time="0.135" /><testcase classname="tests.test_travel_api.TestLandmarks" name="test_official_landmarks_have_10_points" time="31.048" /><testcase classname="tests.test_travel_api.TestLandmarks" name="test_premium_landmarks_have_25_points" time="0.000" /><testcase classname="tests.test_travel_api.TestDataIntegrity" name="test_no_duplicate_landmark_names" time="17.890" /><testcase classname="tests.test_travel_api.TestDataIntegrity" name="test_no_orphan_landmarks_null_country" time="0.000" /><testcase classname="tests.test_travel_api.TestDataIntegrity" name="test_all_countries_have_at_least_one_premium_landmark" time="12.284" /><testcase classname="tests.test_travel_api.TestDataIntegrity" name="test_no_landmarks_with_null_country_id" time="0.000" /><testcase classname="tests.test_travel_api.TestLandmarkTotals" name="test_total_landmarks_count" time="45.791" /><testcase classname="tests.test_travel_api.TestLandmarkTotals" name="test_premium_landmarks_count" time="0.000" /><testcase classname="tests.test_travel_api.TestLandmarkTotals" name="test_landmark_category_distribution" time="0.000" /></testsuite></testsuites>