<?xml version="1.0" encoding="utf-8"?><testsuites name="pytest tests"><testsuite name="pytest" errors="0" failures="0" skipped="1" tests="17" time="9.786" timestamp="2026-04-08T10:13:21.156510+00:00" hostname="agent-env-b113179f-4e49-4a93-83f1-3ebd3c479e1f"><testcase classname="backend.tests.test_visit_crud_iteration16.TestAuthLogin" name="test_login_returns_access_token" time="0.416" /><testcase classname="backend.tests.test_visit_crud_iteration16.TestAuthLogin" name="test_login_premium_user" time="0.100"><skipped type="pytest.skip" message="Premium user testpro@wandermark.app not seeded in database">/app/backend/tests/test_visit_crud_iteration16.py:43: Premium user testpro@wandermark.app not seeded in database</skipped></testcase><testcase classname="backend.tests.test_visit_crud_iteration16.TestVisitsList" name="test_get_visits_list" time="0.434" /><testcase classname="backend.tests.test_visit_crud_iteration16.TestVisitsList" name="test_get_visits_list_lightweight" time="0.454" /><testcase classname="backend.tests.test_visit_crud_iteration16.TestVisitDetails" name="test_get_visit_details" time="0.543" /><testcase classname="backend.tests.test_visit_crud_iteration16.TestVisitDetails" name="test_get_visit_not_found" time="0.423" /><testcase classname="backend.tests.test_visit_crud_iteration16.TestVisitUpdate" name="test_update_diary_notes" time="0.650" /><testcase classname="backend.tests.test_visit_crud_iteration16.TestVisitUpdate" name="test_update_photos_array" time="0.910" /><testcase classname="backend.tests.test_visit_crud_iteration16.TestVisitUpdate" name="test_update_share_diary" time="0.712" /><testcase classname="backend.tests.test_visit_crud_iteration16.TestVisitUpdate" name="test_update_visibility_via_main_endpoint_should_work" time="0.666" /><testcase classname="backend.tests.test_visit_crud_iteration16.TestVisitPrivacy" name="test_update_privacy_to_public" time="0.537" /><testcase classname="backend.tests.test_visit_crud_iteration16.TestVisitPrivacy" name="test_update_privacy_to_friends" time="0.643" /><testcase classname="backend.tests.test_visit_crud_iteration16.TestVisitPrivacy" name="test_update_privacy_to_private" time="0.629" /><testcase classname="backend.tests.test_visit_crud_iteration16.TestVisitPrivacy" name="test_update_privacy_invalid_value" time="0.549" /><testcase classname="backend.tests.test_visit_crud_iteration16.TestVisitDelete" name="test_delete_visit_not_found" time="0.444" /><testcase classname="backend.tests.test_visit_crud_iteration16.TestVisitDelete" name="test_delete_visit_flow" time="1.166" /><testcase classname="backend.tests.test_visit_crud_iteration16.TestVisitStats" name="test_get_visit_stats" time="0.428" /></testsuite></testsuites>