<?xml version="1.0" encoding="utf-8"?><testsuites name="pytest tests"><testsuite name="pytest" errors="0" failures="0" skipped="0" tests="25" time="10.296" timestamp="2026-03-05T17:51:09.390613+00:00" hostname="agent-env-b431feb6-1679-43db-bf8c-f7dd496218a9"><testcase classname="backend.tests.test_cleanup_regression.TestAuthEndpoints" name="test_login_success" time="0.410" /><testcase classname="backend.tests.test_cleanup_regression.TestAuthEndpoints" name="test_login_invalid_credentials" time="0.137" /><testcase classname="backend.tests.test_cleanup_regression.TestAuthEndpoints" name="test_get_me_authenticated" time="0.431" /><testcase classname="backend.tests.test_cleanup_regression.TestAuthEndpoints" name="test_get_me_unauthenticated" time="0.121" /><testcase classname="backend.tests.test_cleanup_regression.TestNotificationEndpoints" name="test_get_notifications" time="0.426" /><testcase classname="backend.tests.test_cleanup_regression.TestNotificationEndpoints" name="test_get_unread_count" time="0.422" /><testcase classname="backend.tests.test_cleanup_regression.TestAchievementsEndpoints" name="test_get_achievements" time="0.408" /><testcase classname="backend.tests.test_cleanup_regression.TestFeedEndpoints" name="test_get_feed" time="0.419" /><testcase classname="backend.tests.test_cleanup_regression.TestFeedEndpoints" name="test_get_leaderboard" time="0.429" /><testcase classname="backend.tests.test_cleanup_regression.TestFeedEndpoints" name="test_get_leaderboard_weekly" time="0.404" /><testcase classname="backend.tests.test_cleanup_regression.TestContentEndpoints" name="test_get_countries" time="0.438" /><testcase classname="backend.tests.test_cleanup_regression.TestContentEndpoints" name="test_get_landmarks" time="0.478" /><testcase classname="backend.tests.test_cleanup_regression.TestContentEndpoints" name="test_landmarks_with_filters" time="0.433" /><testcase classname="backend.tests.test_cleanup_regression.TestCommunityEndpoints" name="test_get_community_feed" time="0.412" /><testcase classname="backend.tests.test_cleanup_regression.TestCommunityEndpoints" name="test_get_photo_of_the_week" time="0.474" /><testcase classname="backend.tests.test_cleanup_regression.TestReportEndpoints" name="test_reports_endpoint_accessible" time="0.458" /><testcase classname="backend.tests.test_cleanup_regression.TestSubscriptionEndpoints" name="test_subscription_status" time="0.445" /><testcase classname="backend.tests.test_cleanup_regression.TestStatsEndpoints" name="test_get_stats" time="0.440" /><testcase classname="backend.tests.test_cleanup_regression.TestStatsEndpoints" name="test_get_progress" time="0.425" /><testcase classname="backend.tests.test_cleanup_regression.TestVisitsEndpoints" name="test_get_visits" time="0.453" /><testcase classname="backend.tests.test_cleanup_regression.TestVisitsEndpoints" name="test_get_visits_stats" time="0.428" /><testcase classname="backend.tests.test_cleanup_regression.TestPrivacySettings" name="test_privacy_endpoint_exists" time="0.436" /><testcase classname="backend.tests.test_cleanup_regression.TestFriendsEndpoints" name="test_get_friends" time="0.417" /><testcase classname="backend.tests.test_cleanup_regression.TestFriendsEndpoints" name="test_get_pending_requests" time="0.410" /><testcase classname="backend.tests.test_cleanup_regression.TestPromoEndpoints" name="test_redeem_invalid_code" time="0.453" /></testsuite></testsuites>