<?xml version="1.0" encoding="utf-8"?><testsuites name="pytest tests"><testsuite name="pytest" errors="0" failures="0" skipped="0" tests="12" time="4.513" timestamp="2026-03-05T14:36:06.307097+00:00" hostname="agent-env-3b00f5c1-c6ad-4885-8bce-9619148f8e52"><testcase classname="backend.tests.test_performance_optimization_iteration31.TestAuthentication" name="test_login_success" time="0.518" /><testcase classname="backend.tests.test_performance_optimization_iteration31.TestVisitCheckEndpoint" name="test_check_visited_landmark_returns_visited_true" time="0.478" /><testcase classname="backend.tests.test_performance_optimization_iteration31.TestVisitCheckEndpoint" name="test_check_nonexistent_landmark_returns_visited_false" time="0.158" /><testcase classname="backend.tests.test_performance_optimization_iteration31.TestVisitCheckEndpoint" name="test_check_endpoint_requires_auth" time="0.231" /><testcase classname="backend.tests.test_performance_optimization_iteration31.TestVisitCheckEndpoint" name="test_check_endpoint_response_is_lightweight" time="0.197" /><testcase classname="backend.tests.test_performance_optimization_iteration31.TestLandmarksEndpointWithIsVisited" name="test_landmarks_by_country_returns_is_visited" time="0.519" /><testcase classname="backend.tests.test_performance_optimization_iteration31.TestLandmarksEndpointWithIsVisited" name="test_eiffel_tower_shows_as_visited" time="0.110" /><testcase classname="backend.tests.test_performance_optimization_iteration31.TestExistingVisitsEndpoint" name="test_get_visits_still_works" time="0.463" /><testcase classname="backend.tests.test_performance_optimization_iteration31.TestExistingVisitsEndpoint" name="test_visits_includes_eiffel_tower" time="0.125" /><testcase classname="backend.tests.test_performance_optimization_iteration31.TestExistingProgressEndpoint" name="test_get_progress_still_works" time="0.486" /><testcase classname="backend.tests.test_performance_optimization_iteration31.TestVisitStatsEndpoint" name="test_get_visit_stats_works" time="0.472" /><testcase classname="backend.tests.test_performance_optimization_iteration31.TestVisitPrivacyEndpoint" name="test_update_visit_privacy_works" time="0.687" /></testsuite></testsuites>