<?xml version="1.0" encoding="utf-8"?><testsuites name="pytest tests"><testsuite name="pytest" errors="0" failures="0" skipped="0" tests="21" time="4.707" timestamp="2026-03-05T14:18:57.435038+00:00" hostname="agent-env-3b00f5c1-c6ad-4885-8bce-9619148f8e52"><testcase classname="backend.tests.test_privacy_hybrid_iteration30.TestAuthentication" name="test_login_success" time="0.423" /><testcase classname="backend.tests.test_privacy_hybrid_iteration30.TestGetMeWithDefaultPrivacy" name="test_get_me_returns_200" time="0.497" /><testcase classname="backend.tests.test_privacy_hybrid_iteration30.TestGetMeWithDefaultPrivacy" name="test_get_me_returns_default_privacy" time="0.116" /><testcase classname="backend.tests.test_privacy_hybrid_iteration30.TestUpdateDefaultPrivacy" name="test_update_privacy_to_friends" time="0.140" /><testcase classname="backend.tests.test_privacy_hybrid_iteration30.TestUpdateDefaultPrivacy" name="test_update_privacy_to_private" time="0.108" /><testcase classname="backend.tests.test_privacy_hybrid_iteration30.TestUpdateDefaultPrivacy" name="test_update_privacy_to_public" time="0.111" /><testcase classname="backend.tests.test_privacy_hybrid_iteration30.TestUpdateDefaultPrivacy" name="test_update_privacy_invalid_value" time="0.130" /><testcase classname="backend.tests.test_privacy_hybrid_iteration30.TestPostVisitWithVisibility" name="test_get_landmarks_for_visit" time="0.120" /><testcase classname="backend.tests.test_privacy_hybrid_iteration30.TestPostVisitWithVisibility" name="test_post_visit_without_visibility_uses_default" time="0.399" /><testcase classname="backend.tests.test_privacy_hybrid_iteration30.TestPostVisitWithVisibility" name="test_post_visit_with_explicit_friends_visibility" time="0.276" /><testcase classname="backend.tests.test_privacy_hybrid_iteration30.TestPostVisitWithVisibility" name="test_post_visit_with_explicit_private_visibility" time="0.265" /><testcase classname="backend.tests.test_privacy_hybrid_iteration30.TestPutVisitPrivacy" name="test_get_visits_to_change" time="0.113" /><testcase classname="backend.tests.test_privacy_hybrid_iteration30.TestPutVisitPrivacy" name="test_change_visit_privacy_to_friends" time="0.217" /><testcase classname="backend.tests.test_privacy_hybrid_iteration30.TestPutVisitPrivacy" name="test_change_visit_privacy_to_private" time="0.300" /><testcase classname="backend.tests.test_privacy_hybrid_iteration30.TestPutVisitPrivacy" name="test_change_visit_privacy_to_public" time="0.267" /><testcase classname="backend.tests.test_privacy_hybrid_iteration30.TestPutVisitPrivacy" name="test_change_visit_privacy_invalid_value" time="0.233" /><testcase classname="backend.tests.test_privacy_hybrid_iteration30.TestPutVisitPrivacy" name="test_change_nonexistent_visit_privacy_404" time="0.138" /><testcase classname="backend.tests.test_privacy_hybrid_iteration30.TestVisitDetailHasVisibility" name="test_visit_detail_has_visibility" time="0.260" /><testcase classname="backend.tests.test_privacy_hybrid_iteration30.TestVisitsListHasVisibility" name="test_visits_list_has_visibility" time="0.103" /><testcase classname="backend.tests.test_privacy_hybrid_iteration30.TestVisitCreateModelNoTravelTips" name="test_post_visit_with_travel_tips_ignored" time="0.316" /><testcase classname="backend.tests.test_privacy_hybrid_iteration30.TestResetPrivacyToPublic" name="test_reset_privacy_to_public" time="0.117" /></testsuite></testsuites>