<?xml version="1.0" encoding="utf-8"?><testsuites name="pytest tests"><testsuite name="pytest" errors="0" failures="0" skipped="0" tests="17" time="6.633" timestamp="2026-03-05T17:28:54.633573+00:00" hostname="agent-env-3b00f5c1-c6ad-4885-8bce-9619148f8e52"><testcase classname="backend.tests.test_activity_stream_share_iteration36.TestActivityStreamEndpoint" name="test_activity_endpoint_returns_200" time="0.558" /><testcase classname="backend.tests.test_activity_stream_share_iteration36.TestActivityStreamEndpoint" name="test_activity_has_required_fields" time="0.435" /><testcase classname="backend.tests.test_activity_stream_share_iteration36.TestActivityStreamEndpoint" name="test_activity_pagination" time="0.529" /><testcase classname="backend.tests.test_activity_stream_share_iteration36.TestActivityStreamEndpoint" name="test_activity_own_user_sees_all" time="0.432" /><testcase classname="backend.tests.test_activity_stream_share_iteration36.TestActivityPrivacyFiltering" name="test_non_friend_sees_public_only" time="0.429" /><testcase classname="backend.tests.test_activity_stream_share_iteration36.TestActivityPrivacyFiltering" name="test_friend_sees_public_and_friends_activities" time="0.911" /><testcase classname="backend.tests.test_activity_stream_share_iteration36.TestEnhancedProfileEndpoint" name="test_profile_returns_comment_permission" time="0.444" /><testcase classname="backend.tests.test_activity_stream_share_iteration36.TestEnhancedProfileEndpoint" name="test_profile_recent_visits_have_has_diary" time="0.421" /><testcase classname="backend.tests.test_activity_stream_share_iteration36.TestEnhancedProfileEndpoint" name="test_profile_recent_visits_have_country_name" time="0.483" /><testcase classname="backend.tests.test_activity_stream_share_iteration36.TestEnhancedProfileEndpoint" name="test_profile_stats_structure" time="0.400" /><testcase classname="backend.tests.test_activity_stream_share_iteration36.TestPaginatedVisitsEndpoint" name="test_visits_endpoint_returns_200" time="0.454" /><testcase classname="backend.tests.test_activity_stream_share_iteration36.TestPaginatedVisitsEndpoint" name="test_visits_have_required_fields" time="0.405" /><testcase classname="backend.tests.test_activity_stream_share_iteration36.TestPaginatedVisitsEndpoint" name="test_visits_pagination" time="0.491" /><testcase classname="backend.tests.test_activity_stream_share_iteration36.TestShareProfileCodeExists" name="test_share_profile_function_signature" time="0.000" /><testcase classname="backend.tests.test_activity_stream_share_iteration36.TestShareButtonOnProfile" name="test_share_button_exists_in_profile" time="0.000" /><testcase classname="backend.tests.test_activity_stream_share_iteration36.TestActivityStreamUIIntegration" name="test_activity_section_exists_in_profile" time="0.000" /><testcase classname="backend.tests.test_activity_stream_share_iteration36.TestViewAllVisitsLink" name="test_view_all_link_exists" time="0.000" /></testsuite></testsuites>