<?xml version="1.0" encoding="utf-8"?><testsuites name="pytest tests"><testsuite name="pytest" errors="0" failures="0" skipped="0" tests="18" time="2.419" timestamp="2026-03-03T22:17:57.232226+00:00" hostname="agent-env-261de6ee-38c5-45f8-b932-38a45403075b"><testcase classname="tests.test_share_rank_card_iteration20.TestShareRankCardAPIs" name="test_login_returns_user_info" time="0.605" /><testcase classname="tests.test_share_rank_card_iteration20.TestShareRankCardAPIs" name="test_auth_me_returns_name_fields" time="0.466" /><testcase classname="tests.test_share_rank_card_iteration20.TestShareRankCardAPIs" name="test_stats_returns_points_data" time="0.258" /><testcase classname="tests.test_share_rank_card_iteration20.TestShareRankCardAPIs" name="test_leaderboard_returns_rank_data" time="0.122" /><testcase classname="tests.test_share_rank_card_iteration20.TestShareRankCardAPIs" name="test_leaderboard_categories" time="0.410" /><testcase classname="tests.test_share_rank_card_iteration20.TestShareRankCardAPIs" name="test_leaderboard_time_periods" time="0.481" /><testcase classname="tests.test_share_rank_card_iteration20.TestShareRankCardStaticCodeAnalysis" name="test_share_rank_card_file_exists" time="0.000" /><testcase classname="tests.test_share_rank_card_iteration20.TestShareRankCardStaticCodeAnalysis" name="test_share_rank_card_imports" time="0.000" /><testcase classname="tests.test_share_rank_card_iteration20.TestShareRankCardStaticCodeAnalysis" name="test_share_rank_card_props_interface" time="0.000" /><testcase classname="tests.test_share_rank_card_iteration20.TestShareRankCardStaticCodeAnalysis" name="test_share_rank_card_gradient_colors" time="0.000" /><testcase classname="tests.test_share_rank_card_iteration20.TestShareRankCardStaticCodeAnalysis" name="test_share_rank_card_medal_colors" time="0.000" /><testcase classname="tests.test_share_rank_card_iteration20.TestShareRankCardStaticCodeAnalysis" name="test_share_rank_card_visual_elements" time="0.000" /><testcase classname="tests.test_share_rank_card_iteration20.TestShareRankCardStaticCodeAnalysis" name="test_share_rank_card_share_functionality" time="0.000" /><testcase classname="tests.test_share_rank_card_iteration20.TestLeaderboardIntegration" name="test_leaderboard_imports_share_rank_card" time="0.000" /><testcase classname="tests.test_share_rank_card_iteration20.TestLeaderboardIntegration" name="test_leaderboard_state_variables" time="0.000" /><testcase classname="tests.test_share_rank_card_iteration20.TestLeaderboardIntegration" name="test_leaderboard_fetches_user_data" time="0.000" /><testcase classname="tests.test_share_rank_card_iteration20.TestLeaderboardIntegration" name="test_leaderboard_share_ranking_button" time="0.000" /><testcase classname="tests.test_share_rank_card_iteration20.TestLeaderboardIntegration" name="test_leaderboard_renders_share_rank_card" time="0.000" /></testsuite></testsuites>