<?xml version="1.0" encoding="utf-8"?><testsuites name="pytest tests"><testsuite name="pytest" errors="0" failures="0" skipped="0" tests="9" time="3.595" timestamp="2026-03-07T01:03:28.743628+00:00" hostname="agent-env-7c667afd-c488-495c-a057-eebced93d9cb"><testcase classname="backend.tests.test_quick_visit_iteration14.TestAuth" name="test_login_returns_access_token" time="0.641" /><testcase classname="backend.tests.test_quick_visit_iteration14.TestLandmarksEndpoint" name="test_get_landmarks_returns_list" time="0.501" /><testcase classname="backend.tests.test_quick_visit_iteration14.TestLandmarksEndpoint" name="test_landmarks_have_required_fields" time="0.120" /><testcase classname="backend.tests.test_quick_visit_iteration14.TestLandmarksEndpoint" name="test_get_landmarks_by_country" time="0.278" /><testcase classname="backend.tests.test_quick_visit_iteration14.TestVisitsEndpoint" name="test_create_visit_with_photo" time="0.395" /><testcase classname="backend.tests.test_quick_visit_iteration14.TestVisitsEndpoint" name="test_create_visit_accepts_share_diary_field" time="0.536" /><testcase classname="backend.tests.test_quick_visit_iteration14.TestVisitsEndpoint" name="test_create_visit_accepts_visibility_field" time="0.483" /><testcase classname="backend.tests.test_quick_visit_iteration14.TestVisitsList" name="test_visits_list_works" time="0.107" /><testcase classname="backend.tests.test_quick_visit_iteration14.TestIntegrationQuickVisitFlow" name="test_quick_visit_full_flow" time="0.472" /></testsuite></testsuites>