<?xml version="1.0" encoding="utf-8"?><testsuites name="pytest tests"><testsuite name="pytest" errors="0" failures="14" skipped="0" tests="16" time="3.038" timestamp="2026-02-26T19:35:32.339396+00:00" hostname="agent-env-302328ac-e24a-43ff-b2f0-2dcb0750222f"><testcase classname="tests.test_promo_codes.TestAdminPromoCodeCreate" name="test_create_lifetime_promo_code" time="0.711"><failure message="AssertionError: Create failed: {&quot;detail&quot;:&quot;Not authenticated&quot;}&#10;assert 401 == 200&#10; +  where 401 = &lt;Response [401]&gt;.status_code">tests/test_promo_codes.py:53: in test_create_lifetime_promo_code
    assert response.status_code == 200, f"Create failed: {response.text}"
E   AssertionError: Create failed: {"detail":"Not authenticated"}
E   assert 401 == 200
E    +  where 401 = &lt;Response [401]&gt;.status_code</failure></testcase><testcase classname="tests.test_promo_codes.TestAdminPromoCodeCreate" name="test_create_timed_promo_code" time="0.163"><failure message="AssertionError: Create failed: {&quot;detail&quot;:&quot;Not authenticated&quot;}&#10;assert 401 == 200&#10; +  where 401 = &lt;Response [401]&gt;.status_code">tests/test_promo_codes.py:84: in test_create_timed_promo_code
    assert response.status_code == 200, f"Create failed: {response.text}"
E   AssertionError: Create failed: {"detail":"Not authenticated"}
E   assert 401 == 200
E    +  where 401 = &lt;Response [401]&gt;.status_code</failure></testcase><testcase classname="tests.test_promo_codes.TestAdminPromoCodeCreate" name="test_duplicate_code_creation_fails" time="0.134"><failure message="AssertionError: First create failed: {&quot;detail&quot;:&quot;Not authenticated&quot;}&#10;assert 401 == 200&#10; +  where 401 = &lt;Response [401]&gt;.status_code">tests/test_promo_codes.py:112: in test_duplicate_code_creation_fails
    assert response1.status_code == 200, f"First create failed: {response1.text}"
E   AssertionError: First create failed: {"detail":"Not authenticated"}
E   assert 401 == 200
E    +  where 401 = &lt;Response [401]&gt;.status_code</failure></testcase><testcase classname="tests.test_promo_codes.TestAdminPromoCodeList" name="test_get_all_promo_codes" time="0.148"><failure message="AssertionError: List failed: {&quot;detail&quot;:&quot;Not authenticated&quot;}&#10;assert 401 == 200&#10; +  where 401 = &lt;Response [401]&gt;.status_code">tests/test_promo_codes.py:133: in test_get_all_promo_codes
    assert response.status_code == 200, f"List failed: {response.text}"
E   AssertionError: List failed: {"detail":"Not authenticated"}
E   assert 401 == 200
E    +  where 401 = &lt;Response [401]&gt;.status_code</failure></testcase><testcase classname="tests.test_promo_codes.TestAdminPromoCodeUpdate" name="test_toggle_promo_code_status" time="0.130"><failure message="assert 401 == 200&#10; +  where 401 = &lt;Response [401]&gt;.status_code">tests/test_promo_codes.py:170: in test_toggle_promo_code_status
    assert create_response.status_code == 200
E   assert 401 == 200
E    +  where 401 = &lt;Response [401]&gt;.status_code</failure></testcase><testcase classname="tests.test_promo_codes.TestAdminPromoCodeUpdate" name="test_update_nonexistent_code_returns_404" time="0.135"><failure message="assert 401 == 404&#10; +  where 401 = &lt;Response [401]&gt;.status_code">tests/test_promo_codes.py:200: in test_update_nonexistent_code_returns_404
    assert response.status_code == 404
E   assert 401 == 404
E    +  where 401 = &lt;Response [401]&gt;.status_code</failure></testcase><testcase classname="tests.test_promo_codes.TestAdminPromoCodeDelete" name="test_delete_promo_code" time="0.129"><failure message="assert 401 == 200&#10; +  where 401 = &lt;Response [401]&gt;.status_code">tests/test_promo_codes.py:221: in test_delete_promo_code
    assert create_response.status_code == 200
E   assert 401 == 200
E    +  where 401 = &lt;Response [401]&gt;.status_code</failure></testcase><testcase classname="tests.test_promo_codes.TestAdminPromoCodeDelete" name="test_delete_nonexistent_code_returns_404" time="0.120"><failure message="assert 401 == 404&#10; +  where 401 = &lt;Response [401]&gt;.status_code">tests/test_promo_codes.py:248: in test_delete_nonexistent_code_returns_404
    assert response.status_code == 404
E   assert 401 == 404
E    +  where 401 = &lt;Response [401]&gt;.status_code</failure></testcase><testcase classname="tests.test_promo_codes.TestPromoCodeRedeem" name="test_redeem_valid_code_success" time="0.138"><failure message="assert 401 == 200&#10; +  where 401 = &lt;Response [401]&gt;.status_code">tests/test_promo_codes.py:270: in test_redeem_valid_code_success
    assert create_response.status_code == 200
E   assert 401 == 200
E    +  where 401 = &lt;Response [401]&gt;.status_code</failure></testcase><testcase classname="tests.test_promo_codes.TestPromoCodeRedeem" name="test_redeem_invalid_code_returns_404" time="0.112"><failure message="AssertionError: Expected 404: {&quot;detail&quot;:&quot;Not authenticated&quot;}&#10;assert 401 == 404&#10; +  where 401 = &lt;Response [401]&gt;.status_code">tests/test_promo_codes.py:301: in test_redeem_invalid_code_returns_404
    assert response.status_code == 404, f"Expected 404: {response.text}"
E   AssertionError: Expected 404: {"detail":"Not authenticated"}
E   assert 401 == 404
E    +  where 401 = &lt;Response [401]&gt;.status_code</failure></testcase><testcase classname="tests.test_promo_codes.TestPromoCodeRedeem" name="test_redeem_deactivated_code_returns_400" time="0.107"><failure message="assert 401 == 200&#10; +  where 401 = &lt;Response [401]&gt;.status_code">tests/test_promo_codes.py:318: in test_redeem_deactivated_code_returns_400
    assert create_response.status_code == 200
E   assert 401 == 200
E    +  where 401 = &lt;Response [401]&gt;.status_code</failure></testcase><testcase classname="tests.test_promo_codes.TestPromoCodeRedeem" name="test_redeem_max_uses_reached_returns_400" time="0.120"><failure message="assert 401 == 200&#10; +  where 401 = &lt;Response [401]&gt;.status_code">tests/test_promo_codes.py:352: in test_redeem_max_uses_reached_returns_400
    assert create_response.status_code == 200
E   assert 401 == 200
E    +  where 401 = &lt;Response [401]&gt;.status_code</failure></testcase><testcase classname="tests.test_promo_codes.TestPromoCodeCaseInsensitive" name="test_code_converted_to_uppercase" time="0.133"><failure message="assert 401 == 200&#10; +  where 401 = &lt;Response [401]&gt;.status_code">tests/test_promo_codes.py:392: in test_code_converted_to_uppercase
    assert response.status_code == 200
E   assert 401 == 200
E    +  where 401 = &lt;Response [401]&gt;.status_code</failure></testcase><testcase classname="tests.test_promo_codes.TestPromoCodeTimedPremium" name="test_create_90_day_promo_code" time="0.122"><failure message="assert 401 == 200&#10; +  where 401 = &lt;Response [401]&gt;.status_code">tests/test_promo_codes.py:418: in test_create_90_day_promo_code
    assert response.status_code == 200
E   assert 401 == 200
E    +  where 401 = &lt;Response [401]&gt;.status_code</failure></testcase><testcase classname="tests.test_promo_codes.TestUnauthorizedAccess" name="test_admin_endpoints_require_auth" time="0.350" /><testcase classname="tests.test_promo_codes.TestUnauthorizedAccess" name="test_redeem_requires_auth" time="0.130" /></testsuite></testsuites>