<?xml version="1.0" encoding="utf-8"?><testsuites name="pytest tests"><testsuite name="pytest" errors="0" failures="0" skipped="0" tests="9" time="4.391" timestamp="2026-03-06T23:20:44.977806+00:00" hostname="agent-env-c3174246-a350-4d6e-b71f-018b3a15705e"><testcase classname="backend.tests.test_custom_visits_crud_iteration9.TestAuthentication" name="test_login_success" time="0.471" /><testcase classname="backend.tests.test_custom_visits_crud_iteration9.TestCustomVisitsCRUD" name="test_create_custom_visit" time="0.411" /><testcase classname="backend.tests.test_custom_visits_crud_iteration9.TestCustomVisitsCRUD" name="test_get_list_no_objectid_leak" time="0.399" /><testcase classname="backend.tests.test_custom_visits_crud_iteration9.TestCustomVisitsCRUD" name="test_full_crud_flow" time="0.784" /><testcase classname="backend.tests.test_custom_visits_crud_iteration9.TestOtherEndpoints" name="test_stats_endpoint" time="0.408" /><testcase classname="backend.tests.test_custom_visits_crud_iteration9.TestOtherEndpoints" name="test_visits_list_endpoint" time="0.432" /><testcase classname="backend.tests.test_custom_visits_crud_iteration9.TestOtherEndpoints" name="test_photos_collection_endpoint" time="0.455" /><testcase classname="backend.tests.test_custom_visits_crud_iteration9.TestOtherEndpoints" name="test_landmarks_endpoint" time="0.503" /><testcase classname="backend.tests.test_custom_visits_crud_iteration9.TestOtherEndpoints" name="test_progress_endpoint" time="0.412" /></testsuite></testsuites>