<?xml version="1.0" encoding="utf-8"?><testsuites name="pytest tests"><testsuite name="pytest" errors="0" failures="0" skipped="2" tests="21" time="2.266" timestamp="2026-02-26T23:03:23.858915+00:00" hostname="agent-env-84847bb8-8cfa-496c-a3a3-8afebb47f4d6"><testcase classname="backend.tests.test_custom_visits_feature.TestCommunityFeedCustomVisits" name="test_community_feed_returns_items" time="0.511" /><testcase classname="backend.tests.test_custom_visits_feature.TestCommunityFeedCustomVisits" name="test_community_feed_items_have_source_field" time="0.116" /><testcase classname="backend.tests.test_custom_visits_feature.TestCommunityFeedCustomVisits" name="test_community_feed_landmark_visits_have_correct_source" time="0.076" /><testcase classname="backend.tests.test_custom_visits_feature.TestCommunityFeedCustomVisits" name="test_community_feed_custom_visits_have_correct_source" time="0.074" /><testcase classname="backend.tests.test_custom_visits_feature.TestCommunityFeedCustomVisits" name="test_community_feed_custom_visit_fields" time="0.078" /><testcase classname="backend.tests.test_custom_visits_feature.TestCustomVisitVisibilityPatch" name="test_visibility_patch_nonexistent_visit_returns_404" time="0.062" /><testcase classname="backend.tests.test_custom_visits_feature.TestCustomVisitVisibilityPatch" name="test_visibility_patch_invalid_visibility_returns_400" time="0.126" /><testcase classname="backend.tests.test_custom_visits_feature.TestCustomVisitVisibilityPatch" name="test_visibility_patch_valid_values" time="0.256" /><testcase classname="backend.tests.test_custom_visits_feature.TestCustomVisitVisibilityPatch" name="test_visibility_patch_requires_auth" time="0.058" /><testcase classname="backend.tests.test_custom_visits_feature.TestCommunityCustomVisitsBrowsing" name="test_community_custom_visits_returns_paginated_response" time="0.064" /><testcase classname="backend.tests.test_custom_visits_feature.TestCommunityCustomVisitsBrowsing" name="test_community_custom_visits_respects_limit" time="0.068" /><testcase classname="backend.tests.test_custom_visits_feature.TestCommunityCustomVisitsBrowsing" name="test_community_custom_visits_respects_offset" time="0.070"><skipped type="pytest.skip" message="Not enough custom visits to test offset">/app/backend/tests/test_custom_visits_feature.py:235: Not enough custom visits to test offset</skipped></testcase><testcase classname="backend.tests.test_custom_visits_feature.TestCommunityCustomVisitsBrowsing" name="test_community_custom_visits_default_pagination" time="0.062" /><testcase classname="backend.tests.test_custom_visits_feature.TestCommunityCustomVisitsBrowsing" name="test_community_custom_visits_item_structure" time="0.061"><skipped type="pytest.skip" message="No custom visits in community to verify structure">/app/backend/tests/test_custom_visits_feature.py:261: No custom visits in community to verify structure</skipped></testcase><testcase classname="backend.tests.test_custom_visits_feature.TestCommunityCustomVisitsBrowsing" name="test_community_custom_visits_requires_auth" time="0.059" /><testcase classname="backend.tests.test_custom_visits_feature.TestRegressions" name="test_community_feed_still_returns_landmark_visits" time="0.087" /><testcase classname="backend.tests.test_custom_visits_feature.TestRegressions" name="test_user_created_visits_returns_own_visits" time="0.082" /><testcase classname="backend.tests.test_custom_visits_feature.TestRegressions" name="test_create_custom_visit_requires_pro" time="0.073" /><testcase classname="backend.tests.test_custom_visits_feature.TestRegressions" name="test_delete_nonexistent_custom_visit_returns_404" time="0.076" /><testcase classname="backend.tests.test_custom_visits_feature.TestAuthRequired" name="test_community_feed_requires_auth" time="0.058" /><testcase classname="backend.tests.test_custom_visits_feature.TestAuthRequired" name="test_user_created_visits_requires_auth" time="0.067" /></testsuite></testsuites>