<?xml version="1.0" encoding="utf-8"?><testsuites name="pytest tests"><testsuite name="pytest" errors="0" failures="0" skipped="0" tests="30" time="2.479" timestamp="2026-03-05T12:36:46.628139+00:00" hostname="agent-env-f8dbdc69-e47f-4bfe-be87-6d3959f7c4ad"><testcase classname="backend.tests.test_social_features_iteration28.TestAuthentication" name="test_login_success" time="0.493" /><testcase classname="backend.tests.test_social_features_iteration28.TestUserProfile" name="test_get_own_profile" time="0.342" /><testcase classname="backend.tests.test_social_features_iteration28.TestUserProfile" name="test_profile_response_structure" time="0.058" /><testcase classname="backend.tests.test_social_features_iteration28.TestUserProfile" name="test_profile_stats_structure" time="0.056" /><testcase classname="backend.tests.test_social_features_iteration28.TestUserProfile" name="test_profile_friendship_status_values" time="0.052" /><testcase classname="backend.tests.test_social_features_iteration28.TestUserProfile" name="test_profile_recent_visits_is_list" time="0.051" /><testcase classname="backend.tests.test_social_features_iteration28.TestUserProfile" name="test_profile_not_found" time="0.050" /><testcase classname="backend.tests.test_social_features_iteration28.TestUserSearch" name="test_search_returns_200" time="0.048" /><testcase classname="backend.tests.test_social_features_iteration28.TestUserSearch" name="test_search_returns_list" time="0.047" /><testcase classname="backend.tests.test_social_features_iteration28.TestUserSearch" name="test_search_excludes_self" time="0.048" /><testcase classname="backend.tests.test_social_features_iteration28.TestUserSearch" name="test_search_result_structure" time="0.048" /><testcase classname="backend.tests.test_social_features_iteration28.TestUserSearch" name="test_search_short_query_returns_empty" time="0.047" /><testcase classname="backend.tests.test_social_features_iteration28.TestSentFriendRequests" name="test_sent_requests_returns_200" time="0.075" /><testcase classname="backend.tests.test_social_features_iteration28.TestSentFriendRequests" name="test_sent_requests_returns_list" time="0.051" /><testcase classname="backend.tests.test_social_features_iteration28.TestSentFriendRequests" name="test_sent_request_structure" time="0.048" /><testcase classname="backend.tests.test_social_features_iteration28.TestRejectFriendRequest" name="test_reject_invalid_friendship_returns_404" time="0.052" /><testcase classname="backend.tests.test_social_features_iteration28.TestRemoveFriend" name="test_remove_invalid_friendship_returns_404" time="0.051" /><testcase classname="backend.tests.test_social_features_iteration28.TestConversations" name="test_conversations_returns_200" time="0.047" /><testcase classname="backend.tests.test_social_features_iteration28.TestConversations" name="test_conversations_returns_list" time="0.045" /><testcase classname="backend.tests.test_social_features_iteration28.TestConversations" name="test_conversation_structure" time="0.048" /><testcase classname="backend.tests.test_social_features_iteration28.TestVisitPrivacy" name="test_update_visit_privacy_invalid_visibility" time="0.054" /><testcase classname="backend.tests.test_social_features_iteration28.TestVisitPrivacy" name="test_update_visit_privacy_not_found" time="0.046" /><testcase classname="backend.tests.test_social_features_iteration28.TestVisitPrivacy" name="test_update_visit_privacy_valid" time="0.145" /><testcase classname="backend.tests.test_social_features_iteration28.TestExistingEndpoints" name="test_feed_returns_200" time="0.057" /><testcase classname="backend.tests.test_social_features_iteration28.TestExistingEndpoints" name="test_community_feed_returns_200" time="0.053" /><testcase classname="backend.tests.test_social_features_iteration28.TestExistingEndpoints" name="test_leaderboard_returns_200" time="0.048" /><testcase classname="backend.tests.test_social_features_iteration28.TestExistingEndpoints" name="test_friends_returns_200" time="0.046" /><testcase classname="backend.tests.test_social_features_iteration28.TestExistingEndpoints" name="test_friends_pending_returns_200" time="0.071" /><testcase classname="backend.tests.test_social_features_iteration28.TestLeaderboardProfile" name="test_leaderboard_entries_have_user_id" time="0.049" /><testcase classname="backend.tests.test_social_features_iteration28.TestStatsEndpoint" name="test_stats_returns_200" time="0.057" /></testsuite></testsuites>