<?xml version="1.0" encoding="utf-8"?><testsuites name="pytest tests"><testsuite name="pytest" errors="0" failures="0" skipped="0" tests="8" time="2.011" timestamp="2026-03-05T17:59:48.721558+00:00" hostname="agent-env-b431feb6-1679-43db-bf8c-f7dd496218a9"><testcase classname="backend.tests.test_comment_permissions.TestCommentPermissionUpdate" name="test_update_to_everyone" time="0.594" /><testcase classname="backend.tests.test_comment_permissions.TestCommentPermissionUpdate" name="test_update_to_friends" time="0.054" /><testcase classname="backend.tests.test_comment_permissions.TestCommentPermissionUpdate" name="test_update_to_nobody" time="0.064" /><testcase classname="backend.tests.test_comment_permissions.TestCommentPermissionUpdate" name="test_update_invalid_permission" time="0.056" /><testcase classname="backend.tests.test_comment_permissions.TestCommentPermissionEnforcement" name="test_permission_everyone_allows_non_friend" time="0.597" /><testcase classname="backend.tests.test_comment_permissions.TestCommentPermissionEnforcement" name="test_permission_nobody_blocks_all" time="0.282" /><testcase classname="backend.tests.test_comment_permissions.TestCommentPermissionFriendsOnly" name="test_permission_friends_check" time="0.249" /><testcase classname="backend.tests.test_comment_permissions.TestCleanupPermissions" name="test_reset_permissions" time="0.058" /></testsuite></testsuites>