<?xml version="1.0" encoding="utf-8"?><testsuites name="pytest tests"><testsuite name="pytest" errors="0" failures="0" skipped="0" tests="23" time="4.429" timestamp="2026-03-05T15:56:51.919902+00:00" hostname="agent-env-3b00f5c1-c6ad-4885-8bce-9619148f8e52"><testcase classname="backend.tests.test_phase123_features_iteration34.TestAuthenticationSetup" name="test_user1_login" time="0.813" /><testcase classname="backend.tests.test_phase123_features_iteration34.TestAuthenticationSetup" name="test_user2_login" time="0.366" /><testcase classname="backend.tests.test_phase123_features_iteration34.TestCommentPermissionSystem" name="test_set_comment_permission_nobody" time="0.133" /><testcase classname="backend.tests.test_phase123_features_iteration34.TestCommentPermissionSystem" name="test_get_user1_activity_for_commenting" time="0.615" /><testcase classname="backend.tests.test_phase123_features_iteration34.TestCommentPermissionSystem" name="test_user2_comment_blocked_by_nobody_permission" time="0.115" /><testcase classname="backend.tests.test_phase123_features_iteration34.TestCommentPermissionSystem" name="test_set_comment_permission_friends" time="0.155" /><testcase classname="backend.tests.test_phase123_features_iteration34.TestCommentPermissionSystem" name="test_set_comment_permission_everyone" time="0.156" /><testcase classname="backend.tests.test_phase123_features_iteration34.TestCommentPermissionSystem" name="test_invalid_comment_permission_rejected" time="0.129" /><testcase classname="backend.tests.test_phase123_features_iteration34.TestCommunityPhotosN1Fix" name="test_get_landmark_community_photos_with_batch_upvotes" time="0.198" /><testcase classname="backend.tests.test_phase123_features_iteration34.TestCommunityPhotosN1Fix" name="test_get_country_community_photos_with_batch_upvotes" time="0.114" /><testcase classname="backend.tests.test_phase123_features_iteration34.TestReportSystem" name="test_submit_report_activity" time="0.141" /><testcase classname="backend.tests.test_phase123_features_iteration34.TestReportSystem" name="test_submit_report_invalid_type" time="0.119" /><testcase classname="backend.tests.test_phase123_features_iteration34.TestReportSystem" name="test_submit_report_invalid_reason" time="0.115" /><testcase classname="backend.tests.test_phase123_features_iteration34.TestReportSystem" name="test_cannot_self_report" time="0.112" /><testcase classname="backend.tests.test_phase123_features_iteration34.TestFriendLimitRemoved" name="test_check_limits_config" time="0.147" /><testcase classname="backend.tests.test_phase123_features_iteration34.TestDiaryHybridModel" name="test_pro_user_can_create_visit_with_diary" time="0.114" /><testcase classname="backend.tests.test_phase123_features_iteration34.TestDiaryHybridModel" name="test_get_visit_stats_shows_limits" time="0.119" /><testcase classname="backend.tests.test_phase123_features_iteration34.TestViewAllVisitsPage" name="test_get_user_visits_returns_paginated_list" time="0.122" /><testcase classname="backend.tests.test_phase123_features_iteration34.TestViewAllVisitsPage" name="test_get_user_visits_with_pagination" time="0.105" /><testcase classname="backend.tests.test_phase123_features_iteration34.TestViewAllVisitsPage" name="test_privacy_filtering_on_other_user_visits" time="0.110" /><testcase classname="backend.tests.test_phase123_features_iteration34.TestDiaryIndicatorOnProfile" name="test_profile_recent_visits_have_diary_indicator" time="0.132" /><testcase classname="backend.tests.test_phase123_features_iteration34.TestLandmarksIsVisited" name="test_landmarks_have_is_visited_field" time="0.107" /><testcase classname="backend.tests.test_phase123_features_iteration34.TestCleanup" name="test_reset_comment_permission" time="0.110" /></testsuite></testsuites>