<?xml version="1.0" encoding="utf-8"?><testsuites name="pytest tests"><testsuite name="pytest" errors="0" failures="0" skipped="0" tests="33" time="4.010" timestamp="2026-02-26T19:05:12.262115+00:00" hostname="agent-env-302328ac-e24a-43ff-b2f0-2dcb0750222f"><testcase classname="tests.test_modular_backend.TestAuthRoutes" name="test_login_success" time="0.516" /><testcase classname="tests.test_modular_backend.TestAuthRoutes" name="test_login_invalid_credentials" time="0.305" /><testcase classname="tests.test_modular_backend.TestAuthRoutes" name="test_register_duplicate_email" time="0.084" /><testcase classname="tests.test_modular_backend.TestAuthRoutes" name="test_get_current_user" time="0.378" /><testcase classname="tests.test_modular_backend.TestAuthRoutes" name="test_get_me_without_auth" time="0.135" /><testcase classname="tests.test_modular_backend.TestContentRoutes" name="test_get_continent_stats" time="0.081" /><testcase classname="tests.test_modular_backend.TestContentRoutes" name="test_get_countries" time="0.089" /><testcase classname="tests.test_modular_backend.TestContentRoutes" name="test_get_landmarks_by_country" time="0.073" /><testcase classname="tests.test_modular_backend.TestContentRoutes" name="test_get_single_landmark" time="0.134" /><testcase classname="tests.test_modular_backend.TestContentRoutes" name="test_get_landmark_not_found" time="0.063" /><testcase classname="tests.test_modular_backend.TestCommunityRoutes" name="test_get_community_feed" time="0.062" /><testcase classname="tests.test_modular_backend.TestCommunityRoutes" name="test_get_photo_of_the_week" time="0.062" /><testcase classname="tests.test_modular_backend.TestCommunityRoutes" name="test_get_landmark_community_photos" time="0.135" /><testcase classname="tests.test_modular_backend.TestCommunityRoutes" name="test_get_country_community_photos" time="0.076" /><testcase classname="tests.test_modular_backend.TestCommunityRoutes" name="test_get_travel_diaries" time="0.059" /><testcase classname="tests.test_modular_backend.TestCommunityRoutes" name="test_get_community_highlights" time="0.074" /><testcase classname="tests.test_modular_backend.TestVisitsRoutes" name="test_get_visits" time="0.058" /><testcase classname="tests.test_modular_backend.TestVisitsRoutes" name="test_get_visit_stats" time="0.063" /><testcase classname="tests.test_modular_backend.TestSocialRoutes" name="test_get_leaderboard" time="0.054" /><testcase classname="tests.test_modular_backend.TestSocialRoutes" name="test_get_friends" time="0.078" /><testcase classname="tests.test_modular_backend.TestSocialRoutes" name="test_get_stats" time="0.072" /><testcase classname="tests.test_modular_backend.TestSocialRoutes" name="test_get_progress" time="0.088" /><testcase classname="tests.test_modular_backend.TestSocialRoutes" name="test_get_activity_feed" time="0.064" /><testcase classname="tests.test_modular_backend.TestCollectionsRoutes" name="test_get_bucket_list" time="0.062" /><testcase classname="tests.test_modular_backend.TestCollectionsRoutes" name="test_get_collections" time="0.066" /><testcase classname="tests.test_modular_backend.TestNotificationsRoutes" name="test_get_notifications" time="0.065" /><testcase classname="tests.test_modular_backend.TestNotificationsRoutes" name="test_get_unread_count" time="0.105" /><testcase classname="tests.test_modular_backend.TestAchievementsRoutes" name="test_get_achievements" time="0.094" /><testcase classname="tests.test_modular_backend.TestSubscriptionRoutes" name="test_get_subscription_status" time="0.098" /><testcase classname="tests.test_modular_backend.TestReportsRoutes" name="test_get_my_reports" time="0.097" /><testcase classname="tests.test_modular_backend.TestPushRoutes" name="test_get_push_settings" time="0.058" /><testcase classname="tests.test_modular_backend.TestLegalRoutes" name="test_get_privacy_page" time="0.220" /><testcase classname="tests.test_modular_backend.TestLegalRoutes" name="test_get_terms_page" time="0.115" /></testsuite></testsuites>