<?xml version="1.0" encoding="utf-8"?><testsuites name="pytest tests"><testsuite name="pytest" errors="0" failures="0" skipped="0" tests="20" time="7.071" timestamp="2026-03-05T11:38:21.387308+00:00" hostname="agent-env-f8dbdc69-e47f-4bfe-be87-6d3959f7c4ad"><testcase classname="backend.tests.test_feed_visits_optimization.TestAuthenticationSetup" name="test_login_success" time="0.493" /><testcase classname="backend.tests.test_feed_visits_optimization.TestFeedEndpointOptimization" name="test_feed_returns_200" time="0.484" /><testcase classname="backend.tests.test_feed_visits_optimization.TestFeedEndpointOptimization" name="test_feed_response_is_list" time="0.119" /><testcase classname="backend.tests.test_feed_visits_optimization.TestFeedEndpointOptimization" name="test_feed_activity_has_required_fields" time="0.118" /><testcase classname="backend.tests.test_feed_visits_optimization.TestFeedEndpointOptimization" name="test_feed_photo_url_populated" time="0.117" /><testcase classname="backend.tests.test_feed_visits_optimization.TestFeedEndpointOptimization" name="test_feed_user_name_populated" time="0.124" /><testcase classname="backend.tests.test_feed_visits_optimization.TestVisitsEndpointOptimization" name="test_visits_returns_200" time="0.474" /><testcase classname="backend.tests.test_feed_visits_optimization.TestVisitsEndpointOptimization" name="test_visits_response_is_list" time="0.112" /><testcase classname="backend.tests.test_feed_visits_optimization.TestVisitsEndpointOptimization" name="test_visits_has_landmark_name_from_lookup" time="0.107" /><testcase classname="backend.tests.test_feed_visits_optimization.TestVisitsEndpointOptimization" name="test_visits_has_all_model_fields" time="0.108" /><testcase classname="backend.tests.test_feed_visits_optimization.TestStatsEndpointOptimization" name="test_stats_returns_200" time="0.446" /><testcase classname="backend.tests.test_feed_visits_optimization.TestStatsEndpointOptimization" name="test_stats_has_required_fields" time="0.104" /><testcase classname="backend.tests.test_feed_visits_optimization.TestProgressEndpointOptimization" name="test_progress_returns_200" time="0.447" /><testcase classname="backend.tests.test_feed_visits_optimization.TestProgressEndpointOptimization" name="test_progress_has_required_structure" time="0.159" /><testcase classname="backend.tests.test_feed_visits_optimization.TestCreateVisitAndFeedIntegration" name="test_get_available_landmarks" time="0.530" /><testcase classname="backend.tests.test_feed_visits_optimization.TestCreateVisitAndFeedIntegration" name="test_create_visit_returns_200" time="0.323" /><testcase classname="backend.tests.test_feed_visits_optimization.TestLikeUnlikeEndpoints" name="test_like_activity_endpoint" time="1.225" /><testcase classname="backend.tests.test_feed_visits_optimization.TestLikeUnlikeEndpoints" name="test_unlike_activity_endpoint" time="0.822" /><testcase classname="backend.tests.test_feed_visits_optimization.TestPerformanceBasic" name="test_feed_responds_within_timeout" time="0.445" /><testcase classname="backend.tests.test_feed_visits_optimization.TestPerformanceBasic" name="test_visits_responds_within_timeout" time="0.105" /></testsuite></testsuites>