<?xml version="1.0" encoding="utf-8"?><testsuites name="pytest tests"><testsuite name="pytest" errors="0" failures="2" skipped="5" tests="39" time="13.397" timestamp="2026-02-16T21:41:10.558665+00:00" hostname="agent-env-9a86dd77-3d8d-45ed-815d-6c11e3ce72ac"><testcase classname="backend.tests.test_comprehensive_features.TestAuth" name="test_01_login_standard_user" time="2.263" /><testcase classname="backend.tests.test_comprehensive_features.TestAuth" name="test_02_login_premium_user" time="0.529" /><testcase classname="backend.tests.test_comprehensive_features.TestExplore" name="test_01_get_countries" time="0.311" /><testcase classname="backend.tests.test_comprehensive_features.TestExplore" name="test_02_get_landmarks_france_free_user" time="0.327" /><testcase classname="backend.tests.test_comprehensive_features.TestExplore" name="test_03_get_landmarks_france_pro_user" time="1.325" /><testcase classname="backend.tests.test_comprehensive_features.TestVisits" name="test_01_standard_user_visit_official" time="0.516" /><testcase classname="backend.tests.test_comprehensive_features.TestVisits" name="test_02_standard_user_blocked_premium_landmark" time="0.221" /><testcase classname="backend.tests.test_comprehensive_features.TestVisits" name="test_03_premium_user_visit_premium" time="0.231" /><testcase classname="backend.tests.test_comprehensive_features.TestVisits" name="test_04_standard_user_photo_limit" time="0.580" /><testcase classname="backend.tests.test_comprehensive_features.TestVisits" name="test_05_premium_user_multiple_photos" time="0.747" /><testcase classname="backend.tests.test_comprehensive_features.TestCustomVisits" name="test_01_free_user_blocked_custom_visits" time="0.239" /><testcase classname="backend.tests.test_comprehensive_features.TestCustomVisits" name="test_02_premium_user_creates_custom_visit" time="0.146" /><testcase classname="backend.tests.test_comprehensive_features.TestBadgesAndPoints" name="test_01_check_achievements" time="0.174" /><testcase classname="backend.tests.test_comprehensive_features.TestBadgesAndPoints" name="test_02_trigger_badge_check" time="0.122" /><testcase classname="backend.tests.test_comprehensive_features.TestBadgesAndPoints" name="test_03_check_stats" time="0.110" /><testcase classname="backend.tests.test_comprehensive_features.TestBadgesAndPoints" name="test_04_check_progress" time="0.171" /><testcase classname="backend.tests.test_comprehensive_features.TestFriends" name="test_01_send_friend_request" time="0.139" /><testcase classname="backend.tests.test_comprehensive_features.TestFriends" name="test_02_check_pending_requests" time="0.284" /><testcase classname="backend.tests.test_comprehensive_features.TestFriends" name="test_03_accept_friend_request" time="0.000"><skipped type="pytest.skip" message="No friendship_id found">/app/backend/tests/test_comprehensive_features.py:534: No friendship_id found</skipped></testcase><testcase classname="backend.tests.test_comprehensive_features.TestFriends" name="test_04_verify_friendship" time="0.528" /><testcase classname="backend.tests.test_comprehensive_features.TestMessages" name="test_01_premium_sends_message" time="0.205"><skipped type="pytest.skip" message="Users not friends">/app/backend/tests/test_comprehensive_features.py:594: Users not friends</skipped></testcase><testcase classname="backend.tests.test_comprehensive_features.TestMessages" name="test_02_standard_receives_message" time="0.243"><failure message="AssertionError: Failed to get messages: {&quot;detail&quot;:&quot;Messaging is a premium feature. Upgrade to Basic or Premium to chat with friends!&quot;}&#10;assert 403 == 200&#10; +  where 403 = &lt;Response [403]&gt;.status_code">backend/tests/test_comprehensive_features.py:616: in test_02_standard_receives_message
    assert response.status_code == 200, f"Failed to get messages: {response.text}"
E   AssertionError: Failed to get messages: {"detail":"Messaging is a premium feature. Upgrade to Basic or Premium to chat with friends!"}
E   assert 403 == 200
E    +  where 403 = &lt;Response [403]&gt;.status_code</failure></testcase><testcase classname="backend.tests.test_comprehensive_features.TestLeaderboard" name="test_01_get_leaderboard" time="0.212" /><testcase classname="backend.tests.test_comprehensive_features.TestLeaderboard" name="test_02_get_friends_leaderboard" time="0.207" /><testcase classname="backend.tests.test_comprehensive_features.TestActivityFeed" name="test_01_get_feed" time="0.284" /><testcase classname="backend.tests.test_comprehensive_features.TestActivityFeed" name="test_02_like_activity" time="0.151" /><testcase classname="backend.tests.test_comprehensive_features.TestActivityFeed" name="test_03_comment_on_activity" time="0.229" /><testcase classname="backend.tests.test_comprehensive_features.TestReports" name="test_01_create_report" time="0.380" /><testcase classname="backend.tests.test_comprehensive_features.TestBucketList" name="test_01_add_to_bucket_list" time="0.188"><failure message="AttributeError: 'NoneType' object has no attribute 'get'">backend/tests/test_comprehensive_features.py:778: in test_01_add_to_bucket_list
    _test_data["created_data"]["bucket_list_id"] = item.get("bucket_list_id")
                                                   ^^^^^^^^
E   AttributeError: 'NoneType' object has no attribute 'get'</failure></testcase><testcase classname="backend.tests.test_comprehensive_features.TestBucketList" name="test_02_get_bucket_list" time="0.183" /><testcase classname="backend.tests.test_comprehensive_features.TestBucketList" name="test_03_remove_from_bucket_list" time="0.000"><skipped type="pytest.skip" message="No bucket list item or user">/app/backend/tests/test_comprehensive_features.py:800: No bucket list item or user</skipped></testcase><testcase classname="backend.tests.test_comprehensive_features.TestSubscription" name="test_01_free_user_status" time="0.199" /><testcase classname="backend.tests.test_comprehensive_features.TestSubscription" name="test_02_pro_user_status" time="0.190" /><testcase classname="backend.tests.test_comprehensive_features.TestCountryVisits" name="test_01_create_country_visit" time="0.182" /><testcase classname="backend.tests.test_comprehensive_features.TestCountryVisits" name="test_02_get_country_visits" time="0.158" /><testcase classname="backend.tests.test_comprehensive_features.TestNotifications" name="test_01_get_notifications" time="0.123" /><testcase classname="backend.tests.test_comprehensive_features.TestNotifications" name="test_02_check_unread_count" time="0.889" /><testcase classname="backend.tests.test_comprehensive_features.TestModeratorFeatures" name="test_01_get_admin_reports" time="0.128"><skipped type="pytest.skip" message="User needs moderator role in DB">/app/backend/tests/test_comprehensive_features.py:942: User needs moderator role in DB</skipped></testcase><testcase classname="backend.tests.test_comprehensive_features.TestModeratorFeatures" name="test_02_get_admin_stats" time="0.145"><skipped type="pytest.skip" message="User needs moderator role in DB">/app/backend/tests/test_comprehensive_features.py:959: User needs moderator role in DB</skipped></testcase></testsuite></testsuites>