<?xml version="1.0" encoding="utf-8"?><testsuites name="pytest tests"><testsuite name="pytest" errors="0" failures="0" skipped="0" tests="13" time="3.115" timestamp="2026-03-05T21:26:15.937364+00:00" hostname="agent-env-b431feb6-1679-43db-bf8c-f7dd496218a9"><testcase classname="tests.test_admin_strip_verified_iteration5.TestAuth" name="test_admin_login" time="0.399" /><testcase classname="tests.test_admin_strip_verified_iteration5.TestAuth" name="test_regular_user_login" time="0.379" /><testcase classname="tests.test_admin_strip_verified_iteration5.TestAdminStripVerifiedAuth" name="test_strip_verified_requires_auth" time="0.121" /><testcase classname="tests.test_admin_strip_verified_iteration5.TestAdminStripVerifiedAuth" name="test_strip_verified_requires_admin" time="0.940" /><testcase classname="tests.test_admin_strip_verified_iteration5.TestAdminStripVerifiedFunctionality" name="test_strip_verified_404_nonexistent_user" time="0.125" /><testcase classname="tests.test_admin_strip_verified_iteration5.TestAdminStripVerifiedFunctionality" name="test_strip_verified_message_no_verified_visits" time="0.113" /><testcase classname="tests.test_admin_strip_verified_iteration5.TestAdminStripVerifiedFunctionality" name="test_strip_verified_response_structure" time="0.109" /><testcase classname="tests.test_admin_strip_verified_iteration5.TestRegressionStats" name="test_stats_returns_rank" time="0.123" /><testcase classname="tests.test_admin_strip_verified_iteration5.TestRegressionStats" name="test_stats_structure" time="0.174" /><testcase classname="tests.test_admin_strip_verified_iteration5.TestRegressionProgress" name="test_progress_structure" time="0.201" /><testcase classname="tests.test_admin_strip_verified_iteration5.TestRegressionPhotosCollection" name="test_photos_collection_structure" time="0.110" /><testcase classname="tests.test_admin_strip_verified_iteration5.TestRegressionVisits" name="test_visits_returns_list" time="0.144" /><testcase classname="tests.test_admin_strip_verified_iteration5.TestRegressionFeed" name="test_feed_returns_activities" time="0.110" /></testsuite></testsuites>