<?xml version="1.0" encoding="utf-8"?><testsuites name="pytest tests"><testsuite name="pytest" errors="0" failures="0" skipped="0" tests="34" time="7.099" timestamp="2026-03-05T12:12:59.946840+00:00" hostname="agent-env-f8dbdc69-e47f-4bfe-be87-6d3959f7c4ad"><testcase classname="backend.tests.test_leaderboard_progress_iteration27.TestAuthentication" name="test_login_success" time="0.480" /><testcase classname="backend.tests.test_leaderboard_progress_iteration27.TestLeaderboardPointsCategory" name="test_leaderboard_default_returns_200" time="0.471" /><testcase classname="backend.tests.test_leaderboard_progress_iteration27.TestLeaderboardPointsCategory" name="test_leaderboard_response_structure" time="0.150" /><testcase classname="backend.tests.test_leaderboard_progress_iteration27.TestLeaderboardPointsCategory" name="test_leaderboard_entry_structure" time="0.120" /><testcase classname="backend.tests.test_leaderboard_progress_iteration27.TestLeaderboardVisitsCategory" name="test_leaderboard_visits_returns_200" time="0.448" /><testcase classname="backend.tests.test_leaderboard_progress_iteration27.TestLeaderboardVisitsCategory" name="test_leaderboard_visits_response_structure" time="0.109" /><testcase classname="backend.tests.test_leaderboard_progress_iteration27.TestLeaderboardVisitsCategory" name="test_leaderboard_visits_entry_has_user_info" time="0.108" /><testcase classname="backend.tests.test_leaderboard_progress_iteration27.TestLeaderboardCountriesCategory" name="test_leaderboard_countries_returns_200" time="0.469" /><testcase classname="backend.tests.test_leaderboard_progress_iteration27.TestLeaderboardCountriesCategory" name="test_leaderboard_countries_response_structure" time="0.117" /><testcase classname="backend.tests.test_leaderboard_progress_iteration27.TestLeaderboardCountriesCategory" name="test_leaderboard_countries_entry_has_user_info" time="0.119" /><testcase classname="backend.tests.test_leaderboard_progress_iteration27.TestLeaderboardRisingStars" name="test_rising_stars_returns_200" time="0.443" /><testcase classname="backend.tests.test_leaderboard_progress_iteration27.TestLeaderboardRisingStars" name="test_rising_stars_response_is_list" time="0.107" /><testcase classname="backend.tests.test_leaderboard_progress_iteration27.TestLeaderboardRisingStars" name="test_rising_stars_entry_structure" time="0.105" /><testcase classname="backend.tests.test_leaderboard_progress_iteration27.TestProgressEndpoint" name="test_progress_returns_200" time="0.463" /><testcase classname="backend.tests.test_leaderboard_progress_iteration27.TestProgressEndpoint" name="test_progress_response_structure" time="0.123" /><testcase classname="backend.tests.test_leaderboard_progress_iteration27.TestProgressEndpoint" name="test_progress_overall_structure" time="0.109" /><testcase classname="backend.tests.test_leaderboard_progress_iteration27.TestProgressEndpoint" name="test_progress_continents_structure" time="0.116" /><testcase classname="backend.tests.test_leaderboard_progress_iteration27.TestProgressEndpoint" name="test_progress_countries_structure" time="0.109" /><testcase classname="backend.tests.test_leaderboard_progress_iteration27.TestPreviouslyOptimizedEndpoints" name="test_landmarks_returns_200" time="0.471" /><testcase classname="backend.tests.test_leaderboard_progress_iteration27.TestPreviouslyOptimizedEndpoints" name="test_landmarks_by_country_france" time="0.112" /><testcase classname="backend.tests.test_leaderboard_progress_iteration27.TestPreviouslyOptimizedEndpoints" name="test_landmarks_filter_visited_true" time="0.113" /><testcase classname="backend.tests.test_leaderboard_progress_iteration27.TestPreviouslyOptimizedEndpoints" name="test_continent_stats_returns_200" time="0.106" /><testcase classname="backend.tests.test_leaderboard_progress_iteration27.TestPreviouslyOptimizedEndpoints" name="test_community_feed_returns_200" time="0.106" /><testcase classname="backend.tests.test_leaderboard_progress_iteration27.TestPreviouslyOptimizedEndpoints" name="test_feed_returns_200" time="0.125" /><testcase classname="backend.tests.test_leaderboard_progress_iteration27.TestPreviouslyOptimizedEndpoints" name="test_visits_returns_200" time="0.105" /><testcase classname="backend.tests.test_leaderboard_progress_iteration27.TestPreviouslyOptimizedEndpoints" name="test_countries_returns_200" time="0.106" /><testcase classname="backend.tests.test_leaderboard_progress_iteration27.TestPreviouslyOptimizedEndpoints" name="test_country_visits_check_france" time="0.110" /><testcase classname="backend.tests.test_leaderboard_progress_iteration27.TestLeaderboardTimePeriods" name="test_leaderboard_weekly" time="0.446" /><testcase classname="backend.tests.test_leaderboard_progress_iteration27.TestLeaderboardTimePeriods" name="test_leaderboard_monthly" time="0.111" /><testcase classname="backend.tests.test_leaderboard_progress_iteration27.TestLeaderboardTimePeriods" name="test_leaderboard_all_time" time="0.113" /><testcase classname="backend.tests.test_leaderboard_progress_iteration27.TestPerformanceBasic" name="test_leaderboard_visits_performance" time="0.465" /><testcase classname="backend.tests.test_leaderboard_progress_iteration27.TestPerformanceBasic" name="test_leaderboard_countries_performance" time="0.120" /><testcase classname="backend.tests.test_leaderboard_progress_iteration27.TestPerformanceBasic" name="test_rising_stars_performance" time="0.105" /><testcase classname="backend.tests.test_leaderboard_progress_iteration27.TestPerformanceBasic" name="test_progress_performance" time="0.107" /></testsuite></testsuites>