<?xml version="1.0" encoding="utf-8"?><testsuites name="pytest tests"><testsuite name="pytest" errors="0" failures="0" skipped="0" tests="33" time="5.999" timestamp="2026-03-05T21:07:44.477238+00:00" hostname="agent-env-b431feb6-1679-43db-bf8c-f7dd496218a9"><testcase classname="backend.tests.test_performance_optimization_iteration4.TestAuthEndpoint" name="test_login_returns_200" time="0.518" /><testcase classname="backend.tests.test_performance_optimization_iteration4.TestStatsEndpoint" name="test_stats_returns_200" time="0.542" /><testcase classname="backend.tests.test_performance_optimization_iteration4.TestStatsEndpoint" name="test_stats_returns_rank_field" time="0.114" /><testcase classname="backend.tests.test_performance_optimization_iteration4.TestStatsEndpoint" name="test_stats_returns_total_visits" time="0.141" /><testcase classname="backend.tests.test_performance_optimization_iteration4.TestStatsEndpoint" name="test_stats_returns_countries_visited" time="0.155" /><testcase classname="backend.tests.test_performance_optimization_iteration4.TestStatsEndpoint" name="test_stats_returns_continents_visited" time="0.114" /><testcase classname="backend.tests.test_performance_optimization_iteration4.TestStatsEndpoint" name="test_stats_returns_friends_count" time="0.143" /><testcase classname="backend.tests.test_performance_optimization_iteration4.TestStatsEndpoint" name="test_stats_returns_points" time="0.129" /><testcase classname="backend.tests.test_performance_optimization_iteration4.TestStatsEndpoint" name="test_stats_returns_leaderboard_points" time="0.121" /><testcase classname="backend.tests.test_performance_optimization_iteration4.TestProgressEndpoint" name="test_progress_returns_200" time="0.124" /><testcase classname="backend.tests.test_performance_optimization_iteration4.TestProgressEndpoint" name="test_progress_returns_overall" time="0.122" /><testcase classname="backend.tests.test_performance_optimization_iteration4.TestProgressEndpoint" name="test_progress_returns_total_points" time="0.142" /><testcase classname="backend.tests.test_performance_optimization_iteration4.TestProgressEndpoint" name="test_progress_returns_continents" time="0.109" /><testcase classname="backend.tests.test_performance_optimization_iteration4.TestProgressEndpoint" name="test_progress_returns_countries" time="0.117" /><testcase classname="backend.tests.test_performance_optimization_iteration4.TestProgressEndpoint" name="test_progress_cache_consistency" time="0.778" /><testcase classname="backend.tests.test_performance_optimization_iteration4.TestPhotosCollectionEndpoint" name="test_photos_collection_returns_200" time="0.116" /><testcase classname="backend.tests.test_performance_optimization_iteration4.TestPhotosCollectionEndpoint" name="test_photos_collection_returns_photos_array" time="0.142" /><testcase classname="backend.tests.test_performance_optimization_iteration4.TestPhotosCollectionEndpoint" name="test_photos_collection_returns_total_count" time="0.110" /><testcase classname="backend.tests.test_performance_optimization_iteration4.TestPhotosCollectionEndpoint" name="test_photos_collection_returns_countries_count" time="0.106" /><testcase classname="backend.tests.test_performance_optimization_iteration4.TestPhotosCollectionEndpoint" name="test_photos_collection_returns_by_type" time="0.140" /><testcase classname="backend.tests.test_performance_optimization_iteration4.TestPhotosCollectionEndpoint" name="test_photos_collection_photo_structure" time="0.125" /><testcase classname="backend.tests.test_performance_optimization_iteration4.TestVisitsEndpoint" name="test_visits_returns_200" time="0.112" /><testcase classname="backend.tests.test_performance_optimization_iteration4.TestVisitsEndpoint" name="test_visits_returns_list" time="0.132" /><testcase classname="backend.tests.test_performance_optimization_iteration4.TestCountryVisitsEndpoint" name="test_country_visits_returns_200" time="0.113" /><testcase classname="backend.tests.test_performance_optimization_iteration4.TestCountryVisitsEndpoint" name="test_country_visits_returns_list" time="0.107" /><testcase classname="backend.tests.test_performance_optimization_iteration4.TestFeedEndpoint" name="test_feed_returns_200" time="0.157" /><testcase classname="backend.tests.test_performance_optimization_iteration4.TestFeedEndpoint" name="test_feed_returns_activities_list" time="0.121" /><testcase classname="backend.tests.test_performance_optimization_iteration4.TestLeaderboardEndpoint" name="test_leaderboard_returns_200" time="0.115" /><testcase classname="backend.tests.test_performance_optimization_iteration4.TestLeaderboardEndpoint" name="test_leaderboard_returns_user_rank" time="0.126" /><testcase classname="backend.tests.test_performance_optimization_iteration4.TestCommentsEndpoints" name="test_get_comments_still_works" time="0.271" /><testcase classname="backend.tests.test_performance_optimization_iteration4.TestVisitDetail" name="test_visit_detail_returns_activity_fields" time="0.275" /><testcase classname="backend.tests.test_performance_optimization_iteration4.TestNotificationsEndpoint" name="test_notifications_returns_200" time="0.116" /><testcase classname="backend.tests.test_performance_optimization_iteration4.TestNotificationsEndpoint" name="test_notifications_returns_list" time="0.142" /></testsuite></testsuites>