<?xml version="1.0" encoding="utf-8"?><testsuites name="pytest tests"><testsuite name="pytest" errors="0" failures="0" skipped="0" tests="11" time="6.749" timestamp="2026-02-26T18:01:37.437781+00:00" hostname="agent-env-b09002ed-1dc7-475b-a456-d2ccf1e3ab45"><testcase classname="backend.tests.test_community_feed.TestCommunityFeed" name="test_community_feed_returns_200" time="0.590" /><testcase classname="backend.tests.test_community_feed.TestCommunityFeed" name="test_community_feed_response_structure" time="0.654" /><testcase classname="backend.tests.test_community_feed.TestCommunityFeed" name="test_community_feed_item_structure" time="0.544" /><testcase classname="backend.tests.test_community_feed.TestCommunityFeed" name="test_community_feed_sorted_by_visited_at_desc" time="0.518" /><testcase classname="backend.tests.test_community_feed.TestCommunityFeed" name="test_community_feed_diary_items_have_diary_true" time="0.546" /><testcase classname="backend.tests.test_community_feed.TestCommunityFeed" name="test_community_feed_photo_items_have_no_diary_snippet" time="0.786" /><testcase classname="backend.tests.test_community_feed.TestCommunityFeed" name="test_community_feed_respects_limit_parameter" time="0.714" /><testcase classname="backend.tests.test_community_feed.TestCommunityFeed" name="test_community_feed_items_have_photo_url" time="0.785" /><testcase classname="backend.tests.test_community_feed.TestCommunityFeed" name="test_community_feed_items_have_country_info" time="0.511" /><testcase classname="backend.tests.test_community_feed.TestCommunityFeed" name="test_community_feed_requires_authentication" time="0.553" /><testcase classname="backend.tests.test_community_feed.TestCommunityFeed" name="test_community_feed_default_limit" time="0.481" /></testsuite></testsuites>