<?xml version="1.0" encoding="utf-8"?><testsuites name="pytest tests"><testsuite name="pytest" errors="0" failures="0" skipped="0" tests="11" time="3.363" timestamp="2026-03-04T03:44:51.520110+00:00" hostname="agent-env-a9709e4b-13a2-4a46-8e1b-dd45ac4f9116"><testcase classname="backend.tests.test_iteration24_rank_refactor.TestAuthMeEndpoint" name="test_auth_me_returns_has_password_true_for_email_user" time="0.707" /><testcase classname="backend.tests.test_iteration24_rank_refactor.TestAuthMeEndpoint" name="test_auth_me_does_not_return_featured_badges" time="0.124" /><testcase classname="backend.tests.test_iteration24_rank_refactor.TestAuthMeEndpoint" name="test_auth_me_returns_user_id" time="0.113" /><testcase classname="backend.tests.test_iteration24_rank_refactor.TestChangePasswordEndpoint" name="test_change_password_wrong_current_password" time="0.749" /><testcase classname="backend.tests.test_iteration24_rank_refactor.TestChangePasswordEndpoint" name="test_change_password_missing_new_password" time="0.104" /><testcase classname="backend.tests.test_iteration24_rank_refactor.TestChangePasswordEndpoint" name="test_change_password_too_short_new_password" time="0.122" /><testcase classname="backend.tests.test_iteration24_rank_refactor.TestCountriesEndpoint" name="test_countries_endpoint_returns_200" time="0.553" /><testcase classname="backend.tests.test_iteration24_rank_refactor.TestCountriesEndpoint" name="test_countries_endpoint_returns_list" time="0.116" /><testcase classname="backend.tests.test_iteration24_rank_refactor.TestCountriesEndpoint" name="test_countries_aggregation_fields" time="0.150" /><testcase classname="backend.tests.test_iteration24_rank_refactor.TestAPIHealth" name="test_api_reachable" time="0.103" /><testcase classname="backend.tests.test_iteration24_rank_refactor.TestAPIHealth" name="test_login_works" time="0.358" /></testsuite></testsuites>