<?xml version="1.0" encoding="utf-8"?><testsuites name="pytest tests"><testsuite name="pytest" errors="0" failures="0" skipped="0" tests="15" time="3.042" timestamp="2026-03-07T00:30:48.538273+00:00" hostname="agent-env-7c667afd-c488-495c-a057-eebced93d9cb"><testcase classname="tests.test_share_journey_iteration12.TestShareJourneyAPIs" name="test_stats_endpoint_returns_200" time="0.640" /><testcase classname="tests.test_share_journey_iteration12.TestShareJourneyAPIs" name="test_stats_has_total_visits" time="0.125" /><testcase classname="tests.test_share_journey_iteration12.TestShareJourneyAPIs" name="test_stats_has_countries_visited" time="0.134" /><testcase classname="tests.test_share_journey_iteration12.TestShareJourneyAPIs" name="test_stats_has_continents_visited" time="0.106" /><testcase classname="tests.test_share_journey_iteration12.TestShareJourneyAPIs" name="test_stats_has_rank" time="0.114" /><testcase classname="tests.test_share_journey_iteration12.TestShareJourneyAPIs" name="test_stats_has_points" time="0.124" /><testcase classname="tests.test_share_journey_iteration12.TestShareJourneyAPIs" name="test_progress_endpoint_returns_200" time="0.108" /><testcase classname="tests.test_share_journey_iteration12.TestShareJourneyAPIs" name="test_progress_has_overall_structure" time="0.106" /><testcase classname="tests.test_share_journey_iteration12.TestShareJourneyAPIs" name="test_progress_has_total_points" time="0.111" /><testcase classname="tests.test_share_journey_iteration12.TestShareJourneyAPIs" name="test_progress_has_continents" time="0.140" /><testcase classname="tests.test_share_journey_iteration12.TestShareJourneyAPIs" name="test_progress_has_countries" time="0.127" /><testcase classname="tests.test_share_journey_iteration12.TestShareJourneyAPIs" name="test_progress_continents_count_for_share_card" time="0.132" /><testcase classname="tests.test_share_journey_iteration12.TestShareJourneyAPIs" name="test_progress_countries_visited_count" time="0.116" /><testcase classname="tests.test_share_journey_iteration12.TestShareJourneyAPIs" name="test_stats_and_progress_data_consistency" time="0.210" /><testcase classname="tests.test_share_journey_iteration12.TestShareJourneyCardRequirements" name="test_share_card_has_all_required_fields" time="0.663" /></testsuite></testsuites>