<?xml version="1.0" encoding="utf-8"?><testsuites name="pytest tests"><testsuite name="pytest" errors="0" failures="0" skipped="0" tests="39" time="6.006" timestamp="2026-04-10T21:20:15.272125+00:00" hostname="agent-env-b113179f-4e49-4a93-83f1-3ebd3c479e1f"><testcase classname="backend.tests.test_community_features_iteration17.TestAuth" name="test_login_returns_access_token" time="0.538" /><testcase classname="backend.tests.test_community_features_iteration17.TestGlobalCommunityHighlights" name="test_community_highlights_returns_200" time="0.497" /><testcase classname="backend.tests.test_community_features_iteration17.TestGlobalCommunityHighlights" name="test_community_highlights_structure" time="0.121" /><testcase classname="backend.tests.test_community_features_iteration17.TestGlobalCommunityHighlights" name="test_community_highlights_fields" time="0.152" /><testcase classname="backend.tests.test_community_features_iteration17.TestGlobalCommunityHighlights" name="test_community_highlights_max_5" time="0.130" /><testcase classname="backend.tests.test_community_features_iteration17.TestPhotoOfTheWeek" name="test_potw_returns_200" time="0.116" /><testcase classname="backend.tests.test_community_features_iteration17.TestPhotoOfTheWeek" name="test_potw_structure" time="0.135" /><testcase classname="backend.tests.test_community_features_iteration17.TestPhotoOfTheWeek" name="test_potw_photo_fields" time="0.125" /><testcase classname="backend.tests.test_community_features_iteration17.TestPhotoOfTheWeek" name="test_potw_fallback_works" time="0.152" /><testcase classname="backend.tests.test_community_features_iteration17.TestLandmarkCommunityPhotos" name="test_landmark_photos_returns_200" time="0.120" /><testcase classname="backend.tests.test_community_features_iteration17.TestLandmarkCommunityPhotos" name="test_landmark_photos_structure" time="0.116" /><testcase classname="backend.tests.test_community_features_iteration17.TestLandmarkCommunityPhotos" name="test_landmark_photos_diary_locked_field" time="0.125" /><testcase classname="backend.tests.test_community_features_iteration17.TestLandmarkCommunityPhotos" name="test_landmark_photos_pro_user_diary_unlocked" time="0.123" /><testcase classname="backend.tests.test_community_features_iteration17.TestLandmarkCommunityPhotos" name="test_landmark_photos_is_preview_false" time="0.125" /><testcase classname="backend.tests.test_community_features_iteration17.TestLandmarkCommunityPhotos" name="test_landmark_photos_no_limit" time="0.127" /><testcase classname="backend.tests.test_community_features_iteration17.TestLandmarkCommunityPhotos" name="test_landmark_photos_sort_popular" time="0.186" /><testcase classname="backend.tests.test_community_features_iteration17.TestLandmarkCommunityPhotos" name="test_landmark_photos_sort_newest" time="0.155" /><testcase classname="backend.tests.test_community_features_iteration17.TestLandmarkCommunityPhotos" name="test_landmark_photos_photo_fields" time="0.119" /><testcase classname="backend.tests.test_community_features_iteration17.TestCountryCommunityPhotos" name="test_country_photos_returns_200" time="0.120" /><testcase classname="backend.tests.test_community_features_iteration17.TestCountryCommunityPhotos" name="test_country_photos_structure" time="0.117" /><testcase classname="backend.tests.test_community_features_iteration17.TestCountryCommunityPhotos" name="test_country_photos_diary_locked_field" time="0.162" /><testcase classname="backend.tests.test_community_features_iteration17.TestCountryCommunityPhotos" name="test_country_photos_pro_user_diary_unlocked" time="0.108" /><testcase classname="backend.tests.test_community_features_iteration17.TestCountryCommunityPhotos" name="test_country_photos_is_preview_false" time="0.104" /><testcase classname="backend.tests.test_community_features_iteration17.TestCountryCommunityPhotos" name="test_country_photos_no_limit" time="0.114" /><testcase classname="backend.tests.test_community_features_iteration17.TestCountryCommunityPhotos" name="test_country_photos_sort_popular" time="0.162" /><testcase classname="backend.tests.test_community_features_iteration17.TestCountryCommunityPhotos" name="test_country_photos_sort_newest" time="0.111" /><testcase classname="backend.tests.test_community_features_iteration17.TestUpvoteToggle" name="test_upvote_returns_200" time="0.171" /><testcase classname="backend.tests.test_community_features_iteration17.TestUpvoteToggle" name="test_upvote_response_structure" time="0.134" /><testcase classname="backend.tests.test_community_features_iteration17.TestUpvoteToggle" name="test_upvote_toggle" time="0.220" /><testcase classname="backend.tests.test_community_features_iteration17.TestCommunityFeed" name="test_community_feed_returns_200" time="0.111" /><testcase classname="backend.tests.test_community_features_iteration17.TestCommunityFeed" name="test_community_feed_structure" time="0.098" /><testcase classname="backend.tests.test_community_features_iteration17.TestCommunityFeed" name="test_community_feed_item_fields" time="0.165" /><testcase classname="backend.tests.test_community_features_iteration17.TestCommunityFeed" name="test_community_feed_limit_param" time="0.126" /><testcase classname="backend.tests.test_community_features_iteration17.TestAuthRequired" name="test_community_highlights_requires_auth" time="0.112" /><testcase classname="backend.tests.test_community_features_iteration17.TestAuthRequired" name="test_potw_requires_auth" time="0.109" /><testcase classname="backend.tests.test_community_features_iteration17.TestAuthRequired" name="test_landmark_photos_requires_auth" time="0.101" /><testcase classname="backend.tests.test_community_features_iteration17.TestAuthRequired" name="test_country_photos_requires_auth" time="0.116" /><testcase classname="backend.tests.test_community_features_iteration17.TestAuthRequired" name="test_upvote_requires_auth" time="0.126" /><testcase classname="backend.tests.test_community_features_iteration17.TestAuthRequired" name="test_community_feed_requires_auth" time="0.106" /></testsuite></testsuites>