<?xml version="1.0" encoding="utf-8"?><testsuites name="pytest tests"><testsuite name="pytest" errors="0" failures="1" skipped="0" tests="15" time="3.734" timestamp="2026-02-26T17:24:59.373768+00:00" hostname="agent-env-b09002ed-1dc7-475b-a456-d2ccf1e3ab45"><testcase classname="tests.test_sort_filter_diaries.TestLandmarkCommunityPhotosSorting" name="test_landmark_photos_sort_popular" time="0.721" /><testcase classname="tests.test_sort_filter_diaries.TestLandmarkCommunityPhotosSorting" name="test_landmark_photos_sort_newest" time="0.126" /><testcase classname="tests.test_sort_filter_diaries.TestLandmarkCommunityPhotosSorting" name="test_landmark_photos_default_sort_is_popular" time="0.234" /><testcase classname="tests.test_sort_filter_diaries.TestLandmarkCommunityPhotosSorting" name="test_landmark_photos_response_fields" time="0.154" /><testcase classname="tests.test_sort_filter_diaries.TestCountryCommunityPhotosSorting" name="test_country_photos_sort_popular" time="0.297" /><testcase classname="tests.test_sort_filter_diaries.TestCountryCommunityPhotosSorting" name="test_country_photos_sort_newest" time="0.247" /><testcase classname="tests.test_sort_filter_diaries.TestCountryCommunityPhotosSorting" name="test_country_photos_response_includes_landmark_name" time="0.215" /><testcase classname="tests.test_sort_filter_diaries.TestTravelDiariesEndpoint" name="test_travel_diaries_returns_correct_structure" time="0.177" /><testcase classname="tests.test_sort_filter_diaries.TestTravelDiariesEndpoint" name="test_travel_diaries_entry_structure" time="0.236" /><testcase classname="tests.test_sort_filter_diaries.TestTravelDiariesEndpoint" name="test_free_user_gets_preview_limit" time="0.203"><failure message="AssertionError: Free user should get is_preview=True&#10;assert False == True">tests/test_sort_filter_diaries.py:222: in test_free_user_gets_preview_limit
    assert data["is_preview"] == True, "Free user should get is_preview=True"
E   AssertionError: Free user should get is_preview=True
E   assert False == True</failure></testcase><testcase classname="tests.test_sort_filter_diaries.TestTravelDiariesEndpoint" name="test_travel_diaries_only_shared_diaries" time="0.187" /><testcase classname="tests.test_sort_filter_diaries.TestTravelDiariesEndpoint" name="test_travel_diaries_requires_auth" time="0.211" /><testcase classname="tests.test_sort_filter_diaries.TestPremiumUserAccessDiaries" name="test_premium_user_gets_all_diaries" time="0.334" /><testcase classname="tests.test_sort_filter_diaries.TestPhotoUpvotesSorting" name="test_popular_sort_uses_upvotes" time="0.129" /><testcase classname="tests.test_sort_filter_diaries.TestPhotoUpvotesSorting" name="test_newest_sort_uses_date" time="0.174" /></testsuite></testsuites>