<?xml version="1.0" encoding="utf-8"?><testsuites name="pytest tests"><testsuite name="pytest" errors="0" failures="0" skipped="0" tests="15" time="4.990" timestamp="2026-02-26T14:05:30.565526+00:00" hostname="agent-env-d82caaef-b6b3-4a37-82cc-5ea6946a2748"><testcase classname="backend.tests.test_community_photos.TestCommunityPhotosEndpoints" name="test_landmark_community_photos_free_user" time="0.741" /><testcase classname="backend.tests.test_community_photos.TestCommunityPhotosEndpoints" name="test_landmark_community_photos_premium_user" time="0.674" /><testcase classname="backend.tests.test_community_photos.TestCommunityPhotosEndpoints" name="test_landmark_community_photos_photo_structure" time="0.323" /><testcase classname="backend.tests.test_community_photos.TestCommunityPhotosEndpoints" name="test_country_community_photos_free_user" time="0.473" /><testcase classname="backend.tests.test_community_photos.TestCommunityPhotosEndpoints" name="test_country_community_photos_premium_user" time="0.160" /><testcase classname="backend.tests.test_community_photos.TestCommunityPhotosEndpoints" name="test_country_community_photos_structure" time="0.119" /><testcase classname="backend.tests.test_community_photos.TestCommunityPhotosEndpoints" name="test_upvote_rejected_for_free_user" time="0.128" /><testcase classname="backend.tests.test_community_photos.TestCommunityPhotosEndpoints" name="test_upvote_allowed_for_premium_user" time="0.178" /><testcase classname="backend.tests.test_community_photos.TestCommunityPhotosEndpoints" name="test_old_landmark_upvote_endpoint_removed" time="0.164" /><testcase classname="backend.tests.test_community_photos.TestCommunityPhotosEndpoints" name="test_landmark_photos_invalid_landmark_id" time="0.123" /><testcase classname="backend.tests.test_community_photos.TestCommunityPhotosEndpoints" name="test_country_photos_invalid_country_id" time="0.110" /><testcase classname="backend.tests.test_community_photos.TestCommunityPhotosEndpoints" name="test_landmark_photos_requires_auth" time="0.108" /><testcase classname="backend.tests.test_community_photos.TestCommunityPhotosEndpoints" name="test_country_photos_requires_auth" time="0.182" /><testcase classname="backend.tests.test_community_photos.TestCommunityPhotosEndpoints" name="test_upvote_requires_auth" time="0.119" /><testcase classname="backend.tests.test_community_photos.TestFreemiumLogic" name="test_freemium_difference" time="1.203" /></testsuite></testsuites>