<?xml version="1.0" encoding="utf-8"?><testsuites name="pytest tests"><testsuite name="pytest" errors="0" failures="0" skipped="0" tests="7" time="3.981" timestamp="2026-03-03T21:16:27.578633+00:00" hostname="agent-env-261de6ee-38c5-45f8-b932-38a45403075b"><testcase classname="tests.test_badge_icons_colors.TestBadgeIconsAndColors" name="test_achievements_showcase_endpoint" time="0.664" /><testcase classname="tests.test_badge_icons_colors.TestBadgeIconsAndColors" name="test_badge_icon_mapping_climbing_to_footsteps" time="0.595" /><testcase classname="tests.test_badge_icons_colors.TestBadgeIconsAndColors" name="test_badge_icon_mapping_crown_to_flash" time="0.534" /><testcase classname="tests.test_badge_icons_colors.TestBadgeIconsAndColors" name="test_badge_icon_mapping_bullseye_to_aperture" time="0.570" /><testcase classname="tests.test_badge_icons_colors.TestBadgeIconsAndColors" name="test_badge_icon_mapping_sparkle_to_thunderstorm" time="0.484" /><testcase classname="tests.test_badge_icons_colors.TestBadgeIconsAndColors" name="test_badge_icon_mapping_butterfly_to_people_circle" time="0.503" /><testcase classname="tests.test_badge_icons_colors.TestBadgeIconsAndColors" name="test_all_badge_data_structure" time="0.454" /></testsuite></testsuites>