<?xml version="1.0" encoding="utf-8"?><testsuites name="pytest tests"><testsuite name="pytest" errors="0" failures="1" skipped="3" tests="21" time="2.741" timestamp="2026-02-26T23:03:05.578706+00:00" hostname="agent-env-84847bb8-8cfa-496c-a3a3-8afebb47f4d6"><testcase classname="backend.tests.test_custom_visits_feature.TestCommunityFeedCustomVisits" name="test_community_feed_returns_items" time="0.695" /><testcase classname="backend.tests.test_custom_visits_feature.TestCommunityFeedCustomVisits" name="test_community_feed_items_have_source_field" time="0.122" /><testcase classname="backend.tests.test_custom_visits_feature.TestCommunityFeedCustomVisits" name="test_community_feed_landmark_visits_have_correct_source" time="0.087" /><testcase classname="backend.tests.test_custom_visits_feature.TestCommunityFeedCustomVisits" name="test_community_feed_custom_visits_have_correct_source" time="0.099" /><testcase classname="backend.tests.test_custom_visits_feature.TestCommunityFeedCustomVisits" name="test_community_feed_custom_visit_fields" time="0.088" /><testcase classname="backend.tests.test_custom_visits_feature.TestCustomVisitVisibilityPatch" name="test_visibility_patch_nonexistent_visit_returns_404" time="0.087" /><testcase classname="backend.tests.test_custom_visits_feature.TestCustomVisitVisibilityPatch" name="test_visibility_patch_invalid_visibility_returns_400" time="0.207" /><testcase classname="backend.tests.test_custom_visits_feature.TestCustomVisitVisibilityPatch" name="test_visibility_patch_valid_values" time="0.065"><skipped type="pytest.skip" message="User has no custom visits to test visibility update">/app/backend/tests/test_custom_visits_feature.py:169: User has no custom visits to test visibility update</skipped></testcase><testcase classname="backend.tests.test_custom_visits_feature.TestCustomVisitVisibilityPatch" name="test_visibility_patch_requires_auth" time="0.072" /><testcase classname="backend.tests.test_custom_visits_feature.TestCommunityCustomVisitsBrowsing" name="test_community_custom_visits_returns_paginated_response" time="0.092" /><testcase classname="backend.tests.test_custom_visits_feature.TestCommunityCustomVisitsBrowsing" name="test_community_custom_visits_respects_limit" time="0.076" /><testcase classname="backend.tests.test_custom_visits_feature.TestCommunityCustomVisitsBrowsing" name="test_community_custom_visits_respects_offset" time="0.078"><skipped type="pytest.skip" message="Not enough custom visits to test offset">/app/backend/tests/test_custom_visits_feature.py:235: Not enough custom visits to test offset</skipped></testcase><testcase classname="backend.tests.test_custom_visits_feature.TestCommunityCustomVisitsBrowsing" name="test_community_custom_visits_default_pagination" time="0.141" /><testcase classname="backend.tests.test_custom_visits_feature.TestCommunityCustomVisitsBrowsing" name="test_community_custom_visits_item_structure" time="0.073"><skipped type="pytest.skip" message="No custom visits in community to verify structure">/app/backend/tests/test_custom_visits_feature.py:261: No custom visits in community to verify structure</skipped></testcase><testcase classname="backend.tests.test_custom_visits_feature.TestCommunityCustomVisitsBrowsing" name="test_community_custom_visits_requires_auth" time="0.084" /><testcase classname="backend.tests.test_custom_visits_feature.TestRegressions" name="test_community_feed_still_returns_landmark_visits" time="0.081" /><testcase classname="backend.tests.test_custom_visits_feature.TestRegressions" name="test_user_created_visits_returns_own_visits" time="0.056" /><testcase classname="backend.tests.test_custom_visits_feature.TestRegressions" name="test_create_custom_visit_requires_pro" time="0.100"><failure message="AssertionError: Expected 201 or 403, got 200: {&quot;message&quot;:&quot;Custom visit recorded successfully!&quot;,&quot;user_created_visit_id&quot;:&quot;ucv_f4fe8b36e9f1&quot;,&quot;country_name&quot;:&quot;Test Country&quot;,&quot;landmarks&quot;:[{&quot;name&quot;:&quot;Test Landmark&quot;,&quot;photo&quot;:null}],&quot;landmarks_count&quot;:1,&quot;total_photos&quot;:0}&#10;assert 200 in [201, 403]&#10; +  where 200 = &lt;Response [200]&gt;.status_code">backend/tests/test_custom_visits_feature.py:318: in test_create_custom_visit_requires_pro
    assert response.status_code in [201, 403], f"Expected 201 or 403, got {response.status_code}: {response.text}"
E   AssertionError: Expected 201 or 403, got 200: {"message":"Custom visit recorded successfully!","user_created_visit_id":"ucv_f4fe8b36e9f1","country_name":"Test Country","landmarks":[{"name":"Test Landmark","photo":null}],"landmarks_count":1,"total_photos":0}
E   assert 200 in [201, 403]
E    +  where 200 = &lt;Response [200]&gt;.status_code</failure></testcase><testcase classname="backend.tests.test_custom_visits_feature.TestRegressions" name="test_delete_nonexistent_custom_visit_returns_404" time="0.066" /><testcase classname="backend.tests.test_custom_visits_feature.TestAuthRequired" name="test_community_feed_requires_auth" time="0.195" /><testcase classname="backend.tests.test_custom_visits_feature.TestAuthRequired" name="test_user_created_visits_requires_auth" time="0.069" /></testsuite></testsuites>