<?xml version="1.0" encoding="utf-8"?><testsuites name="pytest tests"><testsuite name="pytest" errors="0" failures="1" skipped="0" tests="16" time="4.217" timestamp="2026-03-06T23:37:00.540738+00:00" hostname="agent-env-c3174246-a350-4d6e-b71f-018b3a15705e"><testcase classname="backend.tests.test_landmark_visit_crud_iteration10.TestAuth" name="test_login_success" time="0.502" /><testcase classname="backend.tests.test_landmark_visit_crud_iteration10.TestLandmarkVisitCRUD" name="test_create_landmark_visit" time="0.738" /><testcase classname="backend.tests.test_landmark_visit_crud_iteration10.TestLandmarkVisitCRUD" name="test_update_landmark_visit_diary" time="0.329" /><testcase classname="backend.tests.test_landmark_visit_crud_iteration10.TestLandmarkVisitCRUD" name="test_update_landmark_visit_share_diary" time="0.334" /><testcase classname="backend.tests.test_landmark_visit_crud_iteration10.TestLandmarkVisitCRUD" name="test_update_landmark_visit_visibility" time="0.329" /><testcase classname="backend.tests.test_landmark_visit_crud_iteration10.TestLandmarkVisitCRUD" name="test_verify_visit_update" time="0.244" /><testcase classname="backend.tests.test_landmark_visit_crud_iteration10.TestLandmarkVisitCRUD" name="test_delete_landmark_visit" time="0.313" /><testcase classname="backend.tests.test_landmark_visit_crud_iteration10.TestLandmarkVisitCRUD" name="test_verify_visit_deleted" time="0.362" /><testcase classname="backend.tests.test_landmark_visit_crud_iteration10.TestCountryVisitShareDiary" name="test_get_country_visits" time="0.105" /><testcase classname="backend.tests.test_landmark_visit_crud_iteration10.TestCountryVisitShareDiary" name="test_update_country_visit_share_diary" time="0.115"><failure message="AssertionError: Update country visit share_diary failed: 500 - Internal Server Error&#10;assert 500 == 200&#10; +  where 500 = &lt;Response [500]&gt;.status_code">backend/tests/test_landmark_visit_crud_iteration10.py:216: in test_update_country_visit_share_diary
    assert response.status_code == 200, f"Update country visit share_diary failed: {response.status_code} - {response.text}"
E   AssertionError: Update country visit share_diary failed: 500 - Internal Server Error
E   assert 500 == 200
E    +  where 500 = &lt;Response [500]&gt;.status_code</failure></testcase><testcase classname="backend.tests.test_landmark_visit_crud_iteration10.TestCoreEndpoints" name="test_stats_endpoint" time="0.121" /><testcase classname="backend.tests.test_landmark_visit_crud_iteration10.TestCoreEndpoints" name="test_visits_list_endpoint" time="0.148" /><testcase classname="backend.tests.test_landmark_visit_crud_iteration10.TestCoreEndpoints" name="test_photos_collection_endpoint" time="0.107" /><testcase classname="backend.tests.test_landmark_visit_crud_iteration10.TestCoreEndpoints" name="test_landmarks_endpoint" time="0.170" /><testcase classname="backend.tests.test_landmark_visit_crud_iteration10.TestCoreEndpoints" name="test_progress_endpoint" time="0.115" /><testcase classname="backend.tests.test_landmark_visit_crud_iteration10.TestCoreEndpoints" name="test_user_created_visits_no_objectid" time="0.102" /></testsuite></testsuites>