<?xml version="1.0" encoding="utf-8"?><testsuites name="pytest tests"><testsuite name="pytest" errors="0" failures="0" skipped="0" tests="11" time="4.237" timestamp="2026-03-07T00:49:22.719564+00:00" hostname="agent-env-7c667afd-c488-495c-a057-eebced93d9cb"><testcase classname="backend.tests.test_refactored_modals_iteration13.TestAuth" name="test_login_returns_access_token" time="0.407" /><testcase classname="backend.tests.test_refactored_modals_iteration13.TestCountryVisits" name="test_get_country_visits" time="0.689" /><testcase classname="backend.tests.test_refactored_modals_iteration13.TestCountryVisits" name="test_country_visits_response_structure" time="0.203" /><testcase classname="backend.tests.test_refactored_modals_iteration13.TestCountryVisits" name="test_post_country_visit_with_share_diary" time="0.594" /><testcase classname="backend.tests.test_refactored_modals_iteration13.TestUserCreatedVisits" name="test_get_user_created_visits" time="0.514" /><testcase classname="backend.tests.test_refactored_modals_iteration13.TestUserCreatedVisits" name="test_post_user_created_visit" time="0.241" /><testcase classname="backend.tests.test_refactored_modals_iteration13.TestLandmarkVisits" name="test_get_visits_list" time="0.521" /><testcase classname="backend.tests.test_refactored_modals_iteration13.TestLandmarkVisits" name="test_get_landmarks" time="0.162" /><testcase classname="backend.tests.test_refactored_modals_iteration13.TestLandmarkVisits" name="test_visits_endpoint_accepts_share_diary" time="0.269" /><testcase classname="backend.tests.test_refactored_modals_iteration13.TestStatsAndProgress" name="test_get_stats" time="0.456" /><testcase classname="backend.tests.test_refactored_modals_iteration13.TestStatsAndProgress" name="test_get_progress" time="0.110" /></testsuite></testsuites>