<?xml version="1.0" encoding="utf-8"?><testsuites name="pytest tests"><testsuite name="pytest" errors="0" failures="0" skipped="0" tests="10" time="5.005" timestamp="2026-02-26T20:25:14.363490+00:00" hostname="agent-env-302328ac-e24a-43ff-b2f0-2dcb0750222f"><testcase classname="backend.tests.test_promo_email_history.TestEmailHistoryFeature" name="test_email_history_returns_list" time="0.507" /><testcase classname="backend.tests.test_promo_email_history.TestEmailHistoryFeature" name="test_email_history_has_required_fields" time="0.429" /><testcase classname="backend.tests.test_promo_email_history.TestEmailHistoryFeature" name="test_email_history_sender_info_populated" time="0.438" /><testcase classname="backend.tests.test_promo_email_history.TestEmailHistoryFeature" name="test_email_history_code_names_populated" time="0.471" /><testcase classname="backend.tests.test_promo_email_history.TestEmailHistoryFeature" name="test_email_history_results_array_structure" time="0.441" /><testcase classname="backend.tests.test_promo_email_history.TestEmailHistoryFeature" name="test_email_history_sorted_by_date_desc" time="0.426" /><testcase classname="backend.tests.test_promo_email_history.TestEmailHistoryFeature" name="test_email_history_requires_admin_auth" time="0.469" /><testcase classname="backend.tests.test_promo_email_history.TestRegressionEmailAndPromoCodes" name="test_send_email_endpoint_still_works" time="0.813" /><testcase classname="backend.tests.test_promo_email_history.TestRegressionEmailAndPromoCodes" name="test_list_promo_codes_still_works" time="0.548" /><testcase classname="backend.tests.test_promo_email_history.TestRegressionEmailAndPromoCodes" name="test_batch_create_still_works" time="0.398" /></testsuite></testsuites>