<?xml version="1.0" encoding="utf-8"?><testsuites name="pytest tests"><testsuite name="pytest" errors="0" failures="0" skipped="0" tests="15" time="6.622" timestamp="2026-02-26T20:53:18.139112+00:00" hostname="agent-env-84847bb8-8cfa-496c-a3a3-8afebb47f4d6"><testcase classname="backend.tests.test_promo_english_translation.TestAuthentication" name="test_login_returns_access_token" time="0.562" /><testcase classname="backend.tests.test_promo_english_translation.TestEmailTemplateEndpoints" name="test_get_email_template_returns_english_default" time="0.539" /><testcase classname="backend.tests.test_promo_english_translation.TestEmailTemplateEndpoints" name="test_put_email_template_updates_fields" time="0.579" /><testcase classname="backend.tests.test_promo_english_translation.TestEmailTemplateEndpoints" name="test_put_email_template_multiple_fields" time="0.288" /><testcase classname="backend.tests.test_promo_english_translation.TestEmailTemplateEndpoints" name="test_put_email_template_requires_auth" time="0.139" /><testcase classname="backend.tests.test_promo_english_translation.TestEmailTemplateEndpoints" name="test_get_email_template_requires_auth" time="0.219" /><testcase classname="backend.tests.test_promo_english_translation.TestPromoCodeEnglishMessages" name="test_get_promo_codes_no_norwegian" time="0.793" /><testcase classname="backend.tests.test_promo_english_translation.TestPromoCodeEnglishMessages" name="test_batch_create_english_response" time="0.173" /><testcase classname="backend.tests.test_promo_english_translation.TestPromoCodeEnglishMessages" name="test_delete_promo_code_english_message" time="0.287" /><testcase classname="backend.tests.test_promo_english_translation.TestPromoCodeEnglishMessages" name="test_delete_nonexistent_code_english_error" time="0.129" /><testcase classname="backend.tests.test_promo_english_translation.TestPromoRedemptionEnglish" name="test_redeem_invalid_code_english_error" time="0.503" /><testcase classname="backend.tests.test_promo_english_translation.TestPromoRedemptionEnglish" name="test_redeem_deactivated_code_english_error" time="0.888" /><testcase classname="backend.tests.test_promo_english_translation.TestEmailHistoryEnglish" name="test_get_email_history_no_norwegian" time="0.515" /><testcase classname="backend.tests.test_promo_english_translation.TestSendEmailUsesTemplate" name="test_send_email_endpoint_structure" time="0.626" /><testcase classname="backend.tests.test_promo_english_translation.TestSendEmailUsesTemplate" name="test_send_email_no_active_codes_english" time="0.181" /></testsuite></testsuites>