<?xml version="1.0" encoding="utf-8"?><testsuites name="pytest tests"><testsuite name="pytest" errors="0" failures="0" skipped="0" tests="13" time="8.502" timestamp="2026-02-26T20:15:36.533416+00:00" hostname="agent-env-302328ac-e24a-43ff-b2f0-2dcb0750222f"><testcase classname="backend.tests.test_promo_email.TestPromoEmailFeature" name="test_send_email_single_recipient" time="0.899" /><testcase classname="backend.tests.test_promo_email.TestPromoEmailFeature" name="test_send_email_multiple_recipients" time="1.287" /><testcase classname="backend.tests.test_promo_email.TestPromoEmailFeature" name="test_send_email_empty_emails_fails" time="0.507" /><testcase classname="backend.tests.test_promo_email.TestPromoEmailFeature" name="test_send_email_empty_code_ids_fails" time="0.444" /><testcase classname="backend.tests.test_promo_email.TestPromoEmailFeature" name="test_send_email_with_custom_subject" time="0.691" /><testcase classname="backend.tests.test_promo_email.TestPromoEmailFeature" name="test_send_email_with_personal_message" time="0.692" /><testcase classname="backend.tests.test_promo_email.TestPromoEmailFeature" name="test_send_email_with_all_options" time="0.794" /><testcase classname="backend.tests.test_promo_email.TestPromoEmailFeature" name="test_send_email_unauthorized_fails" time="0.527" /><testcase classname="backend.tests.test_promo_email.TestPromoEmailFeature" name="test_send_email_invalid_code_ids_handled" time="0.473" /><testcase classname="backend.tests.test_promo_email.TestPromoEmailFeature" name="test_send_email_whitespace_emails_filtered" time="0.705" /><testcase classname="backend.tests.test_promo_email.TestRegressionBatchAndCSV" name="test_batch_create_still_works" time="0.421" /><testcase classname="backend.tests.test_promo_email.TestRegressionBatchAndCSV" name="test_csv_export_still_works" time="0.441" /><testcase classname="backend.tests.test_promo_email.TestRegressionBatchAndCSV" name="test_list_promo_codes_still_works" time="0.550" /></testsuite></testsuites>