<?xml version="1.0" encoding="utf-8"?><testsuites name="pytest tests"><testsuite name="pytest" errors="0" failures="0" skipped="0" tests="21" time="2.164" timestamp="2026-03-04T00:44:19.907917+00:00" hostname="agent-env-2ac23ce6-45a2-411a-a8ef-1a648484d2b5"><testcase classname="backend.tests.test_api_caching_iteration22.TestHealthEndpoints" name="test_api_reachable" time="0.738" /><testcase classname="backend.tests.test_api_caching_iteration22.TestCountriesEndpoint" name="test_countries_returns_200" time="0.063" /><testcase classname="backend.tests.test_api_caching_iteration22.TestCountriesEndpoint" name="test_countries_returns_list" time="0.062" /><testcase classname="backend.tests.test_api_caching_iteration22.TestCountriesEndpoint" name="test_countries_have_landmark_count" time="0.075" /><testcase classname="backend.tests.test_api_caching_iteration22.TestCountriesEndpoint" name="test_countries_have_total_points" time="0.108" /><testcase classname="backend.tests.test_api_caching_iteration22.TestCountriesEndpoint" name="test_countries_have_required_fields" time="0.070" /><testcase classname="backend.tests.test_api_caching_iteration22.TestProgressEndpoint" name="test_progress_returns_200" time="0.070" /><testcase classname="backend.tests.test_api_caching_iteration22.TestProgressEndpoint" name="test_progress_has_overall_stats" time="0.089" /><testcase classname="backend.tests.test_api_caching_iteration22.TestProgressEndpoint" name="test_progress_has_continents" time="0.067" /><testcase classname="backend.tests.test_api_caching_iteration22.TestProgressEndpoint" name="test_progress_continent_structure" time="0.071" /><testcase classname="backend.tests.test_api_caching_iteration22.TestProgressEndpoint" name="test_progress_has_countries" time="0.059" /><testcase classname="backend.tests.test_api_caching_iteration22.TestProgressEndpoint" name="test_progress_has_total_points" time="0.100" /><testcase classname="backend.tests.test_api_caching_iteration22.TestContinentStatsEndpoint" name="test_continent_stats_returns_200" time="0.056" /><testcase classname="backend.tests.test_api_caching_iteration22.TestContinentStatsEndpoint" name="test_continent_stats_has_continents_array" time="0.055" /><testcase classname="backend.tests.test_api_caching_iteration22.TestContinentStatsEndpoint" name="test_continent_stats_returns_5_continents" time="0.056" /><testcase classname="backend.tests.test_api_caching_iteration22.TestContinentStatsEndpoint" name="test_continent_stats_has_correct_fields" time="0.057" /><testcase classname="backend.tests.test_api_caching_iteration22.TestContinentStatsEndpoint" name="test_continent_stats_has_grand_total" time="0.055" /><testcase classname="backend.tests.test_api_caching_iteration22.TestVisitEndpoints" name="test_visits_endpoint_returns_200" time="0.062" /><testcase classname="backend.tests.test_api_caching_iteration22.TestVisitEndpoints" name="test_country_visits_endpoint_returns_200" time="0.066" /><testcase classname="backend.tests.test_api_caching_iteration22.TestVisitEndpoints" name="test_stats_endpoint_returns_200" time="0.059" /><testcase classname="backend.tests.test_api_caching_iteration22.TestVisitEndpoints" name="test_achievements_endpoint_returns_200" time="0.058" /></testsuite></testsuites>