<?xml version="1.0" encoding="utf-8"?><testsuites name="pytest tests"><testsuite name="pytest" errors="0" failures="0" skipped="0" tests="8" time="2.159" timestamp="2026-02-26T17:46:32.323043+00:00" hostname="agent-env-b09002ed-1dc7-475b-a456-d2ccf1e3ab45"><testcase classname="backend.tests.test_community_highlights.TestCommunityHighlights" name="test_community_highlights_returns_top_3" time="0.696" /><testcase classname="backend.tests.test_community_highlights.TestCommunityHighlights" name="test_community_highlights_sorted_by_photos" time="0.178" /><testcase classname="backend.tests.test_community_highlights.TestCommunityHighlights" name="test_community_highlights_empty_country" time="0.122" /><testcase classname="backend.tests.test_community_highlights.TestCommunityHighlights" name="test_community_highlights_nonexistent_country" time="0.129" /><testcase classname="backend.tests.test_community_highlights.TestCommunityHighlights" name="test_community_highlights_sample_photo_format" time="0.132" /><testcase classname="backend.tests.test_community_highlights.TestCommunityHighlights" name="test_community_highlights_requires_auth" time="0.186" /><testcase classname="backend.tests.test_community_highlights.TestCommunityHighlights" name="test_first_highlight_is_most_photographed" time="0.136" /><testcase classname="backend.tests.test_community_highlights.TestCommunityHighlightsIntegration" name="test_highlights_landmark_ids_are_valid" time="0.510" /></testsuite></testsuites>