<?xml version="1.0" encoding="utf-8"?><testsuites name="pytest tests"><testsuite name="pytest" errors="0" failures="0" skipped="0" tests="10" time="1.966" timestamp="2026-03-05T20:56:58.560319+00:00" hostname="agent-env-b431feb6-1679-43db-bf8c-f7dd496218a9"><testcase classname="backend.tests.test_stats_rank_fix.TestStatsRankFix" name="test_stats_returns_rank_field" time="0.570" /><testcase classname="backend.tests.test_stats_rank_fix.TestStatsRankFix" name="test_stats_returns_all_required_fields" time="0.128" /><testcase classname="backend.tests.test_stats_rank_fix.TestRelatedEndpoints" name="test_visits_endpoint" time="0.153" /><testcase classname="backend.tests.test_stats_rank_fix.TestRelatedEndpoints" name="test_progress_endpoint" time="0.120" /><testcase classname="backend.tests.test_stats_rank_fix.TestRelatedEndpoints" name="test_photos_collection_endpoint" time="0.163" /><testcase classname="backend.tests.test_stats_rank_fix.TestRelatedEndpoints" name="test_country_visits_endpoint" time="0.118" /><testcase classname="backend.tests.test_stats_rank_fix.TestLeaderboardRankConsistency" name="test_leaderboard_returns_user_rank" time="0.134" /><testcase classname="backend.tests.test_stats_rank_fix.TestLeaderboardRankConsistency" name="test_stats_rank_matches_leaderboard" time="0.250" /><testcase classname="backend.tests.test_stats_rank_fix.TestAuthenticationRequired" name="test_stats_requires_auth" time="0.152" /><testcase classname="backend.tests.test_stats_rank_fix.TestAuthenticationRequired" name="test_progress_requires_auth" time="0.111" /></testsuite></testsuites>