<?xml version="1.0" encoding="utf-8"?><testsuites name="pytest tests"><testsuite name="pytest" errors="0" failures="0" skipped="0" tests="33" time="11.612" timestamp="2026-03-05T14:43:32.846333+00:00" hostname="agent-env-3b00f5c1-c6ad-4885-8bce-9619148f8e52"><testcase classname="backend.tests.test_final_social_privacy_iteration32.TestAuthenticationSetup" name="test_user1_login" time="0.432" /><testcase classname="backend.tests.test_final_social_privacy_iteration32.TestAuthenticationSetup" name="test_user2_login" time="0.377" /><testcase classname="backend.tests.test_final_social_privacy_iteration32.TestPrivacyRetroactiveUpdates" name="test_change_privacy_to_friends_retroactive" time="0.461" /><testcase classname="backend.tests.test_final_social_privacy_iteration32.TestPrivacyRetroactiveUpdates" name="test_change_privacy_to_private_leaderboard_impact" time="0.114" /><testcase classname="backend.tests.test_final_social_privacy_iteration32.TestPrivacyRetroactiveUpdates" name="test_change_privacy_back_to_public" time="0.133" /><testcase classname="backend.tests.test_final_social_privacy_iteration32.TestPrivacyRetroactiveUpdates" name="test_get_me_shows_current_privacy" time="0.111" /><testcase classname="backend.tests.test_final_social_privacy_iteration32.TestPerVisitPrivacyOverride" name="test_get_visits_list" time="0.468" /><testcase classname="backend.tests.test_final_social_privacy_iteration32.TestPerVisitPrivacyOverride" name="test_change_visit_privacy_to_private" time="0.383" /><testcase classname="backend.tests.test_final_social_privacy_iteration32.TestSocialUserSearch" name="test_search_users_by_query" time="0.470" /><testcase classname="backend.tests.test_final_social_privacy_iteration32.TestFriendRequestFlow" name="test_cleanup_existing_friendship" time="1.434" /><testcase classname="backend.tests.test_final_social_privacy_iteration32.TestFriendRequestFlow" name="test_get_user2_username" time="0.121" /><testcase classname="backend.tests.test_final_social_privacy_iteration32.TestFriendRequestFlow" name="test_send_friend_request" time="0.225" /><testcase classname="backend.tests.test_final_social_privacy_iteration32.TestFriendRequestFlow" name="test_check_pending_requests" time="0.112" /><testcase classname="backend.tests.test_final_social_privacy_iteration32.TestFriendRequestFlow" name="test_accept_friend_request" time="0.117" /><testcase classname="backend.tests.test_final_social_privacy_iteration32.TestFriendRequestFlow" name="test_verify_friendship_user1" time="0.167" /><testcase classname="backend.tests.test_final_social_privacy_iteration32.TestFriendRequestFlow" name="test_verify_friendship_user2" time="0.129" /><testcase classname="backend.tests.test_final_social_privacy_iteration32.TestUserProfile" name="test_view_user_profile_check_friendship_status" time="0.451" /><testcase classname="backend.tests.test_final_social_privacy_iteration32.TestUserProfile" name="test_view_own_profile" time="0.108" /><testcase classname="backend.tests.test_final_social_privacy_iteration32.TestActivityFeed" name="test_get_activity_feed" time="0.474" /><testcase classname="backend.tests.test_final_social_privacy_iteration32.TestCommunityFeed" name="test_community_feed_only_public" time="0.456" /><testcase classname="backend.tests.test_final_social_privacy_iteration32.TestCommunityFeed" name="test_private_content_not_in_community_feed" time="0.684" /><testcase classname="backend.tests.test_final_social_privacy_iteration32.TestLeaderboard" name="test_get_leaderboard_default" time="0.566" /><testcase classname="backend.tests.test_final_social_privacy_iteration32.TestLeaderboard" name="test_leaderboard_friends_only" time="0.116" /><testcase classname="backend.tests.test_final_social_privacy_iteration32.TestLeaderboard" name="test_leaderboard_by_visits" time="0.139" /><testcase classname="backend.tests.test_final_social_privacy_iteration32.TestLeaderboard" name="test_leaderboard_by_countries" time="0.111" /><testcase classname="backend.tests.test_final_social_privacy_iteration32.TestActivityLikesAndComments" name="test_like_activity" time="0.961" /><testcase classname="backend.tests.test_final_social_privacy_iteration32.TestActivityLikesAndComments" name="test_comment_on_activity" time="0.153" /><testcase classname="backend.tests.test_final_social_privacy_iteration32.TestActivityLikesAndComments" name="test_unlike_activity" time="0.103" /><testcase classname="backend.tests.test_final_social_privacy_iteration32.TestPerformanceEndpoints" name="test_lightweight_visit_check" time="0.508" /><testcase classname="backend.tests.test_final_social_privacy_iteration32.TestPerformanceEndpoints" name="test_check_unvisited_landmark" time="0.108" /><testcase classname="backend.tests.test_final_social_privacy_iteration32.TestPerformanceEndpoints" name="test_landmarks_with_is_visited" time="0.137" /><testcase classname="backend.tests.test_final_social_privacy_iteration32.TestRemoveFriend" name="test_remove_friend" time="0.609" /><testcase classname="backend.tests.test_final_social_privacy_iteration32.TestFinalVerification" name="test_ensure_user1_privacy_is_public" time="0.607" /></testsuite></testsuites>