<?xml version="1.0" encoding="utf-8"?><testsuites name="pytest tests"><testsuite name="pytest" errors="0" failures="0" skipped="0" tests="10" time="3.330" timestamp="2026-04-19T12:30:03.371907+00:00" hostname="agent-env-a28677c9-9f0c-471b-a69d-09a5250c12f9"><testcase classname="backend.tests.test_feed_parity_iteration18.TestCommunityFeedShape" name="test_community_feed_returns_items" time="0.617" /><testcase classname="backend.tests.test_feed_parity_iteration18.TestCommunityFeedShape" name="test_community_feed_items_have_required_fields" time="0.117" /><testcase classname="backend.tests.test_feed_parity_iteration18.TestCommunityFeedShape" name="test_community_feed_has_activity_id_for_both_sources" time="0.126" /><testcase classname="backend.tests.test_feed_parity_iteration18.TestLikeParity" name="test_like_then_unlike_updates_community_feed" time="0.617" /><testcase classname="backend.tests.test_feed_parity_iteration18.TestLikeParity" name="test_like_same_activity_twice_returns_400" time="0.563" /><testcase classname="backend.tests.test_feed_parity_iteration18.TestCommentParity" name="test_add_then_delete_comment_updates_community_feed" time="0.564" /><testcase classname="backend.tests.test_feed_parity_iteration18.TestFriendsFeed" name="test_feed_endpoint_returns_200" time="0.137" /><testcase classname="backend.tests.test_feed_parity_iteration18.TestFriendsFeed" name="test_feed_items_have_likes_and_comments_fields" time="0.146" /><testcase classname="backend.tests.test_feed_parity_iteration18.TestCommunityRegression" name="test_photo_of_the_week" time="0.111" /><testcase classname="backend.tests.test_feed_parity_iteration18.TestCommunityRegression" name="test_landmark_community_photos" time="0.225" /></testsuite></testsuites>