<?xml version="1.0" encoding="utf-8"?><testsuites name="pytest tests"><testsuite name="pytest" errors="0" failures="0" skipped="0" tests="9" time="2.644" timestamp="2026-02-26T21:04:07.219258+00:00" hostname="agent-env-84847bb8-8cfa-496c-a3a3-8afebb47f4d6"><testcase classname="backend.tests.test_email_template_feature.TestGetEmailTemplate" name="test_get_template_returns_all_fields" time="0.637" /><testcase classname="backend.tests.test_email_template_feature.TestGetEmailTemplate" name="test_get_template_returns_english_content" time="0.168" /><testcase classname="backend.tests.test_email_template_feature.TestGetEmailTemplate" name="test_get_template_requires_auth" time="0.208" /><testcase classname="backend.tests.test_email_template_feature.TestPutEmailTemplate" name="test_put_template_updates_single_field" time="0.320" /><testcase classname="backend.tests.test_email_template_feature.TestPutEmailTemplate" name="test_put_template_updates_multiple_fields" time="0.276" /><testcase classname="backend.tests.test_email_template_feature.TestPutEmailTemplate" name="test_put_template_updates_steps_array" time="0.249" /><testcase classname="backend.tests.test_email_template_feature.TestPutEmailTemplate" name="test_put_template_empty_body_returns_400" time="0.189" /><testcase classname="backend.tests.test_email_template_feature.TestPutEmailTemplate" name="test_put_template_requires_auth" time="0.158" /><testcase classname="backend.tests.test_email_template_feature.TestEmailTemplatePersistence" name="test_template_changes_persist" time="0.371" /></testsuite></testsuites>