<?xml version="1.0" encoding="utf-8"?><testsuites name="pytest tests"><testsuite name="pytest" errors="0" failures="0" skipped="0" tests="12" time="5.711" timestamp="2026-03-07T00:10:44.837387+00:00" hostname="agent-env-7c667afd-c488-495c-a057-eebced93d9cb"><testcase classname="backend.tests.test_audit_phase1_iteration11.TestAuth" name="test_login_returns_access_token" time="0.575" /><testcase classname="backend.tests.test_audit_phase1_iteration11.TestUserProfile" name="test_user_profile_has_comment_permission" time="0.671" /><testcase classname="backend.tests.test_audit_phase1_iteration11.TestCountryVisits" name="test_country_visits_get_returns_share_diary" time="0.483" /><testcase classname="backend.tests.test_audit_phase1_iteration11.TestCountryVisits" name="test_country_visit_put_share_diary_only_no_error" time="0.318" /><testcase classname="backend.tests.test_audit_phase1_iteration11.TestCountryVisits" name="test_country_visit_put_diary_only" time="0.293" /><testcase classname="backend.tests.test_audit_phase1_iteration11.TestLandmarkVisits" name="test_visits_put_update_share_diary" time="0.922" /><testcase classname="backend.tests.test_audit_phase1_iteration11.TestLandmarkVisits" name="test_visits_put_update_visibility" time="0.356" /><testcase classname="backend.tests.test_audit_phase1_iteration11.TestUserCreatedVisits" name="test_user_created_visits_get_list" time="0.508" /><testcase classname="backend.tests.test_audit_phase1_iteration11.TestUserCreatedVisits" name="test_user_created_visits_crud_flow" time="0.681" /><testcase classname="backend.tests.test_audit_phase1_iteration11.TestAdditionalEndpoints" name="test_stats_endpoint" time="0.492" /><testcase classname="backend.tests.test_audit_phase1_iteration11.TestAdditionalEndpoints" name="test_progress_endpoint" time="0.118" /><testcase classname="backend.tests.test_audit_phase1_iteration11.TestAdditionalEndpoints" name="test_landmarks_endpoint" time="0.183" /></testsuite></testsuites>