<?xml version="1.0" encoding="utf-8"?><testsuites name="pytest tests"><testsuite name="pytest" errors="0" failures="0" skipped="0" tests="15" time="4.120" timestamp="2026-02-26T17:25:30.703279+00:00" hostname="agent-env-b09002ed-1dc7-475b-a456-d2ccf1e3ab45"><testcase classname="tests.test_sort_filter_diaries.TestLandmarkCommunityPhotosSorting" name="test_landmark_photos_sort_popular" time="0.805" /><testcase classname="tests.test_sort_filter_diaries.TestLandmarkCommunityPhotosSorting" name="test_landmark_photos_sort_newest" time="0.175" /><testcase classname="tests.test_sort_filter_diaries.TestLandmarkCommunityPhotosSorting" name="test_landmark_photos_default_sort_is_popular" time="0.183" /><testcase classname="tests.test_sort_filter_diaries.TestLandmarkCommunityPhotosSorting" name="test_landmark_photos_response_fields" time="0.153" /><testcase classname="tests.test_sort_filter_diaries.TestCountryCommunityPhotosSorting" name="test_country_photos_sort_popular" time="0.157" /><testcase classname="tests.test_sort_filter_diaries.TestCountryCommunityPhotosSorting" name="test_country_photos_sort_newest" time="0.224" /><testcase classname="tests.test_sort_filter_diaries.TestCountryCommunityPhotosSorting" name="test_country_photos_response_includes_landmark_name" time="0.282" /><testcase classname="tests.test_sort_filter_diaries.TestTravelDiariesEndpoint" name="test_travel_diaries_returns_correct_structure" time="0.156" /><testcase classname="tests.test_sort_filter_diaries.TestTravelDiariesEndpoint" name="test_travel_diaries_entry_structure" time="0.219" /><testcase classname="tests.test_sort_filter_diaries.TestTravelDiariesEndpoint" name="test_freemium_model_for_diaries" time="0.313" /><testcase classname="tests.test_sort_filter_diaries.TestTravelDiariesEndpoint" name="test_travel_diaries_only_shared_diaries" time="0.145" /><testcase classname="tests.test_sort_filter_diaries.TestTravelDiariesEndpoint" name="test_travel_diaries_requires_auth" time="0.222" /><testcase classname="tests.test_sort_filter_diaries.TestPremiumUserAccessDiaries" name="test_premium_user_gets_all_diaries" time="0.679" /><testcase classname="tests.test_sort_filter_diaries.TestPhotoUpvotesSorting" name="test_popular_sort_uses_upvotes" time="0.162" /><testcase classname="tests.test_sort_filter_diaries.TestPhotoUpvotesSorting" name="test_newest_sort_uses_date" time="0.180" /></testsuite></testsuites>