<?xml version="1.0" encoding="utf-8"?><testsuites name="pytest tests"><testsuite name="pytest" errors="0" failures="0" skipped="1" tests="19" time="5.295" timestamp="2026-08-31T11:11:39.191983+00:00" hostname="agent-env-3568a918-be9b-416a-ac5d-e401b9c1f9a7"><testcase classname="tests.test_seed_idempotency_iteration35.TestSeedScriptIdempotency" name="test_dry_run_succeeds" time="0.877" /><testcase classname="tests.test_seed_idempotency_iteration35.TestSeedScriptIdempotency" name="test_real_run_succeeds" time="0.880" /><testcase classname="tests.test_seed_idempotency_iteration35.TestSeedScriptIdempotency" name="test_second_real_run_succeeds" time="0.876" /><testcase classname="tests.test_seed_idempotency_iteration35.TestSeedDataInvariants" name="test_no_duplicate_visits" time="0.005" /><testcase classname="tests.test_seed_idempotency_iteration35.TestSeedDataInvariants" name="test_unique_compound_index_present" time="0.001" /><testcase classname="tests.test_seed_idempotency_iteration35.TestSeedDataInvariants" name="test_visit_volume[testpro@wandermark.app-15]" time="0.001" /><testcase classname="tests.test_seed_idempotency_iteration35.TestSeedDataInvariants" name="test_visit_volume[testpro2@wandermark.app-8]" time="0.001" /><testcase classname="tests.test_seed_idempotency_iteration35.TestSeedDataInvariants" name="test_visit_volume[testfree@wandermark.app-5]" time="0.001" /><testcase classname="tests.test_seed_idempotency_iteration35.TestSeedDataInvariants" name="test_friendships_exist" time="0.002" /><testcase classname="tests.test_seed_idempotency_iteration35.TestSeedDataInvariants" name="test_support_tickets_and_reports" time="0.001" /><testcase classname="tests.test_seed_idempotency_iteration35.TestSeedDataInvariants" name="test_hidden_and_custom_content" time="0.001" /><testcase classname="tests.test_seed_idempotency_iteration35.TestPersonaLogin" name="test_login[test@wandermark.app]" time="0.455"><skipped type="pytest.skip" message="test@wandermark.app gated by mandatory super-admin 2FA setup (by design)">/app/backend/tests/test_seed_idempotency_iteration35.py:132: test@wandermark.app gated by mandatory super-admin 2FA setup (by design)</skipped></testcase><testcase classname="tests.test_seed_idempotency_iteration35.TestPersonaLogin" name="test_login[mod@wandermark.app]" time="0.301" /><testcase classname="tests.test_seed_idempotency_iteration35.TestPersonaLogin" name="test_login[testpro@wandermark.app]" time="0.300" /><testcase classname="tests.test_seed_idempotency_iteration35.TestPersonaLogin" name="test_login[testfree@wandermark.app]" time="0.300" /><testcase classname="tests.test_seed_idempotency_iteration35.TestPersonaLogin" name="test_login[testpro2@wandermark.app]" time="0.298" /><testcase classname="tests.test_seed_idempotency_iteration35.TestPersonaLogin" name="test_login[testsuspended@wandermark.app]" time="0.305" /><testcase classname="tests.test_seed_idempotency_iteration35.TestPersonaLogin" name="test_login[testnew@wandermark.app]" time="0.297" /><testcase classname="tests.test_seed_idempotency_iteration35.TestPersonaLogin" name="test_suspended_user_me_blocked" time="0.361" /></testsuite></testsuites>